#
# A fatal error has been detected by the Java Runtime Environment:
#
#  EXCEPTION_ACCESS_VIOLATION (0xc0000005) at pc=0x00000000693878bd, pid=8524, tid=6900
#
# JRE version: Java(TM) SE Runtime Environment (7.0_51-b13) (build 1.7.0_51-b13)
# Java VM: Java HotSpot(TM) 64-Bit Server VM (24.51-b03 mixed mode windows-amd64 compressed oops)
# Problematic frame:
# C  [sqlite-3.7.2-sqlitejdbc.dll+0x478bd]
#
# Failed to write core dump. Minidumps are not enabled by default on client versions of Windows
#
# If you would like to submit a bug report, please visit:
#   http://bugreport.sun.com/bugreport/crash.jsp
# The crash happened outside the Java Virtual Machine in native code.
# See problematic frame for where to report the bug.
#

---------------  T H R E A D  ---------------

Current thread (0x000000000ab78000):  JavaThread "listenerPool0-thread4" daemon [_thread_in_native, id=6900, stack(0x000000000b810000,0x000000000b910000)]

siginfo: ExceptionCode=0xc0000005, reading address 0x0000000000000058

Registers:
RAX=0x0000000000000000, RBX=0x000000001270bd38, RCX=0x000000001270bd38, RDX=0x000000000b90ec28
RSP=0x000000000b90eae0, RBP=0x000000000b90ebf8, RSI=0x0000000000000000, RDI=0x00000000024b6274
R8 =0x000000001270bd38, R9 =0x000000000ab31e30, R10=0x00000000024c3503, R11=0x000000005e5ffaf0
R12=0x0000000000000000, R13=0x000000009cce0990, R14=0x000000000b90ec28, R15=0x000000000ab78000
RIP=0x00000000693878bd, EFLAGS=0x0000000000010202

Top of Stack: (sp=0x000000000b90eae0)
0x000000000b90eae0:   000000000b90eba8 000000005e60ebcf
0x000000000b90eaf0:   000000000b90eba8 000000000b90ebf8
0x000000000b90eb00:   000000000b90ebf8 000000000ab78000
0x000000000b90eb10:   000000000b90eba8 000000005e60f2ba
0x000000000b90eb20:   000000000921ddc8 000000009cce0990
0x000000000b90eb30:   0000000000000065 00000000693422a5
0x000000000b90eb40:   000000000ab31970 000000005e4b9f51
0x000000000b90eb50:   000000000b90f218 000000000ab78000
0x000000000b90eb60:   00000000e09795f0 00000000024c352f
0x000000000b90eb70:   00000000024b6274 00000000024c32cf
0x000000000b90eb80:   000000000ab78000 000000009cce0990
0x000000000b90eb90:   000000000ab31970 000000005e4ba040
0x000000000b90eba0:   00000000024c3289 0000000000000003
0x000000000b90ebb0:   00000000e09795f0 000000000b90eba8
0x000000000b90ebc0:   000000009cce0990 000000000b90ec28
0x000000000b90ebd0:   000000009cce9f48 0000000000000000 

Instructions: (pc=0x00000000693878bd)
0x000000006938789d:   48 8b 7c 24 30 48 83 c4 38 c3 56 53 48 83 ec 48
0x00000000693878ad:   48 89 cb be 00 00 00 00 48 85 c9 74 5f 48 8b 01
0x00000000693878bd:   48 8b 48 58 e8 8f c0 fb ff 48 89 d9 e8 4c fa ff
0x00000000693878cd:   ff 89 c6 c7 44 24 30 00 00 00 00 c7 44 24 28 00 


Register to memory mapping:

RAX=0x0000000000000000 is an unknown value
RBX=0x000000001270bd38 is an unknown value
RCX=0x000000001270bd38 is an unknown value
RDX=0x000000000b90ec28 is pointing into the stack for thread: 0x000000000ab78000
RSP=0x000000000b90eae0 is pointing into the stack for thread: 0x000000000ab78000
RBP=0x000000000b90ebf8 is pointing into the stack for thread: 0x000000000ab78000
RSI=0x0000000000000000 is an unknown value
RDI=0x00000000024b6274 is at code_begin+2900 in an Interpreter codelet
return entry points  [0x00000000024b5720, 0x00000000024b7520]  7680 bytes
R8 =0x000000001270bd38 is an unknown value
R9 =0x000000000ab31e30 is an unknown value
R10=0x00000000024c3503 is at code_begin+1027 in an Interpreter codelet
method entry point (kind = native_synchronized)  [0x00000000024c3100, 0x00000000024c3b20]  2592 bytes
R11=0x000000005e5ffaf0 is an unknown value
R12=0x0000000000000000 is an unknown value
R13=0x000000009cce0990 is an oop
{method} 
 - klass: {other class}
R14=0x000000000b90ec28 is pointing into the stack for thread: 0x000000000ab78000
R15=0x000000000ab78000 is a thread


Stack: [0x000000000b810000,0x000000000b910000],  sp=0x000000000b90eae0,  free space=1018k
Native frames: (J=compiled Java code, j=interpreted, Vv=VM code, C=native code)
C  [sqlite-3.7.2-sqlitejdbc.dll+0x478bd]
j  org.sqlite.RS.close()V+76
j  org.sqlite.Stmt.close()V+14
j  mattmc.mankini.module.ModuleKinis.addUser(Ljava/lang/String;)V+47
j  mattmc.mankini.module.ModuleKinis.onJoin(Lorg/pircbotx/hooks/events/JoinEvent;)V+22
j  org.pircbotx.hooks.ListenerAdapter.onEvent(Lorg/pircbotx/hooks/Event;)V+174
j  org.pircbotx.hooks.managers.ThreadedListenerManager$1.call()Ljava/lang/Void;+18
j  org.pircbotx.hooks.managers.ThreadedListenerManager$1.call()Ljava/lang/Object;+1
j  java.util.concurrent.FutureTask.run()V+42
j  java.util.concurrent.ThreadPoolExecutor.runWorker(Ljava/util/concurrent/ThreadPoolExecutor$Worker;)V+95
j  java.util.concurrent.ThreadPoolExecutor$Worker.run()V+5
j  java.lang.Thread.run()V+11
v  ~StubRoutines::call_stub
V  [jvm.dll+0x1cb2b3]

Java frames: (J=compiled Java code, j=interpreted, Vv=VM code)
j  org.sqlite.NativeDB.reset(J)I+0
j  org.sqlite.RS.close()V+76
j  org.sqlite.Stmt.close()V+14
j  mattmc.mankini.module.ModuleKinis.addUser(Ljava/lang/String;)V+47
j  mattmc.mankini.module.ModuleKinis.onJoin(Lorg/pircbotx/hooks/events/JoinEvent;)V+22
j  org.pircbotx.hooks.ListenerAdapter.onEvent(Lorg/pircbotx/hooks/Event;)V+174
j  org.pircbotx.hooks.managers.ThreadedListenerManager$1.call()Ljava/lang/Void;+18
j  org.pircbotx.hooks.managers.ThreadedListenerManager$1.call()Ljava/lang/Object;+1
j  java.util.concurrent.FutureTask.run()V+42
j  java.util.concurrent.ThreadPoolExecutor.runWorker(Ljava/util/concurrent/ThreadPoolExecutor$Worker;)V+95
j  java.util.concurrent.ThreadPoolExecutor$Worker.run()V+5
j  java.lang.Thread.run()V+11
v  ~StubRoutines::call_stub

---------------  P R O C E S S  ---------------

Java Threads: ( => current thread )
  0x000000000a63c000 JavaThread "listenerPool0-thread106" daemon [_thread_blocked, id=5452, stack(0x00000000124f0000,0x00000000125f0000)]
  0x000000000a63f000 JavaThread "listenerPool0-thread105" daemon [_thread_blocked, id=9972, stack(0x00000000123f0000,0x00000000124f0000)]
  0x000000000a63c800 JavaThread "listenerPool0-thread104" daemon [_thread_blocked, id=1552, stack(0x00000000122f0000,0x00000000123f0000)]
  0x000000000a63a000 JavaThread "listenerPool0-thread103" daemon [_thread_blocked, id=10776, stack(0x00000000121f0000,0x00000000122f0000)]
  0x000000000a639000 JavaThread "listenerPool0-thread102" daemon [_thread_blocked, id=9464, stack(0x00000000120f0000,0x00000000121f0000)]
  0x000000000a635800 JavaThread "listenerPool0-thread101" daemon [_thread_blocked, id=10928, stack(0x0000000011ff0000,0x00000000120f0000)]
  0x000000000a638800 JavaThread "listenerPool0-thread100" daemon [_thread_blocked, id=10728, stack(0x0000000011ef0000,0x0000000011ff0000)]
  0x000000000a634800 JavaThread "listenerPool0-thread99" daemon [_thread_blocked, id=9564, stack(0x0000000011df0000,0x0000000011ef0000)]
  0x000000000a637800 JavaThread "listenerPool0-thread98" daemon [_thread_blocked, id=5456, stack(0x0000000011cf0000,0x0000000011df0000)]
  0x000000000a636000 JavaThread "listenerPool0-thread97" daemon [_thread_blocked, id=9748, stack(0x0000000011bf0000,0x0000000011cf0000)]
  0x000000000a637000 JavaThread "listenerPool0-thread96" daemon [_thread_blocked, id=5448, stack(0x0000000011af0000,0x0000000011bf0000)]
  0x000000000a631000 JavaThread "listenerPool0-thread95" daemon [_thread_blocked, id=10180, stack(0x00000000119f0000,0x0000000011af0000)]
  0x000000000a634000 JavaThread "listenerPool0-thread94" daemon [_thread_blocked, id=744, stack(0x00000000118f0000,0x00000000119f0000)]
  0x000000000a630000 JavaThread "listenerPool0-thread93" daemon [_thread_blocked, id=9436, stack(0x00000000117f0000,0x00000000118f0000)]
  0x000000000a633000 JavaThread "listenerPool0-thread92" daemon [_thread_blocked, id=4912, stack(0x00000000116f0000,0x00000000117f0000)]
  0x000000000a62f800 JavaThread "listenerPool0-thread91" daemon [_thread_blocked, id=7212, stack(0x00000000115f0000,0x00000000116f0000)]
  0x000000000a632800 JavaThread "listenerPool0-thread90" daemon [_thread_blocked, id=6464, stack(0x00000000114f0000,0x00000000115f0000)]
  0x000000000a62e800 JavaThread "listenerPool0-thread89" daemon [_thread_blocked, id=8820, stack(0x00000000113f0000,0x00000000114f0000)]
  0x000000000a631800 JavaThread "listenerPool0-thread88" daemon [_thread_blocked, id=4804, stack(0x00000000112f0000,0x00000000113f0000)]
  0x000000000a62b000 JavaThread "listenerPool0-thread87" daemon [_thread_blocked, id=5444, stack(0x00000000111f0000,0x00000000112f0000)]
  0x000000000a62b800 JavaThread "listenerPool0-thread86" daemon [_thread_blocked, id=9344, stack(0x00000000110f0000,0x00000000111f0000)]
  0x000000000a62d000 JavaThread "listenerPool0-thread85" daemon [_thread_blocked, id=11088, stack(0x0000000010ff0000,0x00000000110f0000)]
  0x000000000a62e000 JavaThread "listenerPool0-thread84" daemon [_thread_blocked, id=8796, stack(0x0000000010ef0000,0x0000000010ff0000)]
  0x000000000a62c800 JavaThread "listenerPool0-thread83" daemon [_thread_blocked, id=8656, stack(0x0000000010df0000,0x0000000010ef0000)]
  0x000000000a6f6800 JavaThread "listenerPool0-thread82" daemon [_thread_blocked, id=10632, stack(0x0000000010cf0000,0x0000000010df0000)]
  0x000000000a6f2800 JavaThread "listenerPool0-thread81" daemon [_thread_blocked, id=5524, stack(0x0000000010bf0000,0x0000000010cf0000)]
  0x000000000a6f5800 JavaThread "listenerPool0-thread80" daemon [_thread_blocked, id=4508, stack(0x0000000010af0000,0x0000000010bf0000)]
  0x000000000a6f5000 JavaThread "listenerPool0-thread79" daemon [_thread_blocked, id=7200, stack(0x00000000109f0000,0x0000000010af0000)]
  0x000000000a6f4000 JavaThread "listenerPool0-thread78" daemon [_thread_blocked, id=10964, stack(0x00000000108f0000,0x00000000109f0000)]
  0x000000000a6f0800 JavaThread "listenerPool0-thread77" daemon [_thread_blocked, id=4192, stack(0x00000000107f0000,0x00000000108f0000)]
  0x000000000a6f3800 JavaThread "listenerPool0-thread76" daemon [_thread_blocked, id=10152, stack(0x00000000106f0000,0x00000000107f0000)]
  0x000000000a6f1000 JavaThread "listenerPool0-thread75" daemon [_thread_blocked, id=11060, stack(0x00000000105f0000,0x00000000106f0000)]
  0x000000000a6f2000 JavaThread "listenerPool0-thread74" daemon [_thread_blocked, id=5100, stack(0x00000000104f0000,0x00000000105f0000)]
  0x000000000a6ec800 JavaThread "listenerPool0-thread73" daemon [_thread_blocked, id=11072, stack(0x00000000103f0000,0x00000000104f0000)]
  0x000000000a6ee000 JavaThread "listenerPool0-thread72" daemon [_thread_blocked, id=10956, stack(0x00000000102f0000,0x00000000103f0000)]
  0x000000000a6ef800 JavaThread "listenerPool0-thread71" daemon [_thread_blocked, id=1412, stack(0x00000000101f0000,0x00000000102f0000)]
  0x000000000a6ed800 JavaThread "listenerPool0-thread70" daemon [_thread_blocked, id=9072, stack(0x00000000100f0000,0x00000000101f0000)]
  0x000000000a6ef000 JavaThread "listenerPool0-thread69" daemon [_thread_blocked, id=9420, stack(0x000000000fff0000,0x00000000100f0000)]
  0x000000000a6ec000 JavaThread "listenerPool0-thread68" daemon [_thread_blocked, id=10132, stack(0x000000000fef0000,0x000000000fff0000)]
  0x000000000a6e8000 JavaThread "listenerPool0-thread67" daemon [_thread_in_native, id=7012, stack(0x000000000fdf0000,0x000000000fef0000)]
  0x000000000a6eb000 JavaThread "listenerPool0-thread66" daemon [_thread_blocked, id=9540, stack(0x000000000fcf0000,0x000000000fdf0000)]
  0x000000000a6e7800 JavaThread "listenerPool0-thread65" daemon [_thread_blocked, id=8316, stack(0x000000000fbf0000,0x000000000fcf0000)]
  0x000000000a6e9800 JavaThread "listenerPool0-thread64" daemon [_thread_blocked, id=3232, stack(0x000000000faf0000,0x000000000fbf0000)]
  0x000000000a6e9000 JavaThread "listenerPool0-thread63" daemon [_thread_blocked, id=3960, stack(0x000000000f9f0000,0x000000000faf0000)]
  0x000000000a6ea800 JavaThread "listenerPool0-thread62" daemon [_thread_blocked, id=2668, stack(0x000000000f8f0000,0x000000000f9f0000)]
  0x000000000ac5c800 JavaThread "listenerPool0-thread61" daemon [_thread_blocked, id=6888, stack(0x000000000f7f0000,0x000000000f8f0000)]
  0x000000000ac5b000 JavaThread "listenerPool0-thread60" daemon [_thread_blocked, id=4356, stack(0x000000000f6f0000,0x000000000f7f0000)]
  0x000000000ac5b800 JavaThread "listenerPool0-thread59" daemon [_thread_blocked, id=9604, stack(0x000000000f5f0000,0x000000000f6f0000)]
  0x000000000ac57000 JavaThread "listenerPool0-thread58" daemon [_thread_blocked, id=9548, stack(0x000000000f4f0000,0x000000000f5f0000)]
  0x000000000ac59800 JavaThread "listenerPool0-thread57" daemon [_thread_blocked, id=8764, stack(0x000000000f3f0000,0x000000000f4f0000)]
  0x000000000ac58800 JavaThread "listenerPool0-thread56" daemon [_thread_blocked, id=7864, stack(0x000000000f2f0000,0x000000000f3f0000)]
  0x000000000ac58000 JavaThread "listenerPool0-thread55" daemon [_thread_blocked, id=2556, stack(0x000000000f1f0000,0x000000000f2f0000)]
  0x000000000ac5a000 JavaThread "listenerPool0-thread54" daemon [_thread_blocked, id=9700, stack(0x000000000f0f0000,0x000000000f1f0000)]
  0x000000000ac56800 JavaThread "listenerPool0-thread53" daemon [_thread_blocked, id=10416, stack(0x000000000eff0000,0x000000000f0f0000)]
  0x000000000ac52800 JavaThread "listenerPool0-thread52" daemon [_thread_blocked, id=6440, stack(0x000000000eef0000,0x000000000eff0000)]
  0x000000000ac55800 JavaThread "listenerPool0-thread51" daemon [_thread_blocked, id=11092, stack(0x000000000edf0000,0x000000000eef0000)]
  0x000000000ac52000 JavaThread "listenerPool0-thread50" daemon [_thread_blocked, id=10128, stack(0x000000000ecf0000,0x000000000edf0000)]
  0x000000000ac55000 JavaThread "listenerPool0-thread49" daemon [_thread_blocked, id=7304, stack(0x000000000ebf0000,0x000000000ecf0000)]
  0x000000000ac53800 JavaThread "listenerPool0-thread48" daemon [_thread_blocked, id=3796, stack(0x000000000eaf0000,0x000000000ebf0000)]
  0x000000000ac54000 JavaThread "listenerPool0-thread47" daemon [_thread_blocked, id=5272, stack(0x000000000e9f0000,0x000000000eaf0000)]
  0x000000000ac4e000 JavaThread "listenerPool0-thread46" daemon [_thread_blocked, id=5668, stack(0x000000000e8f0000,0x000000000e9f0000)]
  0x000000000ac4f000 JavaThread "listenerPool0-thread45" daemon [_thread_blocked, id=5152, stack(0x000000000e7f0000,0x000000000e8f0000)]
  0x000000000ac51000 JavaThread "listenerPool0-thread44" daemon [_thread_blocked, id=10500, stack(0x000000000e6f0000,0x000000000e7f0000)]
  0x000000000ac50800 JavaThread "listenerPool0-thread43" daemon [_thread_blocked, id=8520, stack(0x000000000e5f0000,0x000000000e6f0000)]
  0x000000000ac4d800 JavaThread "Thread-0" [_thread_blocked, id=6804, stack(0x000000000e4f0000,0x000000000e5f0000)]
  0x000000000ac4f800 JavaThread "listenerPool0-thread42" daemon [_thread_blocked, id=2188, stack(0x000000000de10000,0x000000000df10000)]
  0x000000000ac12800 JavaThread "listenerPool0-thread41" daemon [_thread_blocked, id=7436, stack(0x000000000dd10000,0x000000000de10000)]
  0x000000000ac0e800 JavaThread "listenerPool0-thread40" daemon [_thread_blocked, id=2516, stack(0x000000000dc10000,0x000000000dd10000)]
  0x000000000ac11000 JavaThread "listenerPool0-thread39" daemon [_thread_blocked, id=5156, stack(0x000000000db10000,0x000000000dc10000)]
  0x000000000ac0f800 JavaThread "listenerPool0-thread38" daemon [_thread_blocked, id=10428, stack(0x000000000da10000,0x000000000db10000)]
  0x000000000ac10000 JavaThread "listenerPool0-thread37" daemon [_thread_blocked, id=3772, stack(0x000000000d910000,0x000000000da10000)]
  0x000000000ac11800 JavaThread "listenerPool0-thread36" daemon [_thread_blocked, id=9788, stack(0x000000000d810000,0x000000000d910000)]
  0x000000000ac0e000 JavaThread "listenerPool0-thread35" daemon [_thread_blocked, id=1336, stack(0x000000000d710000,0x000000000d810000)]
  0x000000000ac0a000 JavaThread "listenerPool0-thread34" daemon [_thread_blocked, id=9160, stack(0x000000000d610000,0x000000000d710000)]
  0x000000000ac0d000 JavaThread "listenerPool0-thread33" daemon [_thread_blocked, id=1224, stack(0x000000000d510000,0x000000000d610000)]
  0x000000000ac09800 JavaThread "listenerPool0-thread32" daemon [_thread_blocked, id=7572, stack(0x000000000d410000,0x000000000d510000)]
  0x000000000ac0c800 JavaThread "listenerPool0-thread31" daemon [_thread_blocked, id=6056, stack(0x000000000d310000,0x000000000d410000)]
  0x000000000ac08800 JavaThread "listenerPool0-thread30" daemon [_thread_blocked, id=7836, stack(0x000000000d210000,0x000000000d310000)]
  0x000000000ac0b800 JavaThread "listenerPool0-thread29" daemon [_thread_blocked, id=8848, stack(0x000000000d110000,0x000000000d210000)]
  0x000000000ac08000 JavaThread "listenerPool0-thread28" daemon [_thread_blocked, id=9016, stack(0x000000000d010000,0x000000000d110000)]
  0x000000000ac0b000 JavaThread "listenerPool0-thread27" daemon [_thread_blocked, id=9480, stack(0x000000000cf10000,0x000000000d010000)]
  0x000000000ac04000 JavaThread "listenerPool0-thread26" daemon [_thread_blocked, id=9588, stack(0x000000000ce10000,0x000000000cf10000)]
  0x000000000ac05000 JavaThread "listenerPool0-thread25" daemon [_thread_blocked, id=10076, stack(0x000000000cd10000,0x000000000ce10000)]
  0x000000000ac07000 JavaThread "listenerPool0-thread24" daemon [_thread_blocked, id=8700, stack(0x000000000cc10000,0x000000000cd10000)]
  0x000000000ac03800 JavaThread "listenerPool0-thread23" daemon [_thread_blocked, id=9528, stack(0x000000000cb10000,0x000000000cc10000)]
  0x000000000ac05800 JavaThread "listenerPool0-thread22" daemon [_thread_blocked, id=9052, stack(0x000000000ca10000,0x000000000cb10000)]
  0x000000000ac06800 JavaThread "listenerPool0-thread21" daemon [_thread_blocked, id=10660, stack(0x000000000c910000,0x000000000ca10000)]
  0x000000000ab75800 JavaThread "listenerPool0-thread20" daemon [_thread_blocked, id=5212, stack(0x000000000c810000,0x000000000c910000)]
  0x000000000ab75000 JavaThread "listenerPool0-thread19" daemon [_thread_blocked, id=6676, stack(0x000000000c710000,0x000000000c810000)]
  0x000000000ab74000 JavaThread "listenerPool0-thread18" daemon [_thread_blocked, id=10516, stack(0x000000000c610000,0x000000000c710000)]
  0x000000000ab76800 JavaThread "listenerPool0-thread17" daemon [_thread_blocked, id=7600, stack(0x000000000c510000,0x000000000c610000)]
  0x000000000ab77000 JavaThread "listenerPool0-thread16" daemon [_thread_blocked, id=7432, stack(0x000000000c410000,0x000000000c510000)]
  0x000000000ab70800 JavaThread "listenerPool0-thread15" daemon [_thread_blocked, id=8960, stack(0x000000000c310000,0x000000000c410000)]
  0x000000000ab73800 JavaThread "listenerPool0-thread14" daemon [_thread_blocked, id=7312, stack(0x000000000c210000,0x000000000c310000)]
  0x000000000ab72800 JavaThread "listenerPool0-thread13" daemon [_thread_blocked, id=7672, stack(0x000000000c110000,0x000000000c210000)]
  0x000000000ab72000 JavaThread "listenerPool0-thread12" daemon [_thread_blocked, id=8532, stack(0x000000000c010000,0x000000000c110000)]
  0x000000000ab71000 JavaThread "listenerPool0-thread11" daemon [_thread_blocked, id=10952, stack(0x000000000bf10000,0x000000000c010000)]
  0x000000000ab6e800 JavaThread "listenerPool0-thread10" daemon [_thread_blocked, id=4700, stack(0x000000000be10000,0x000000000bf10000)]
  0x000000000ab6d800 JavaThread "listenerPool0-thread9" daemon [_thread_blocked, id=5200, stack(0x000000000bd10000,0x000000000be10000)]
  0x000000000a784000 JavaThread "listenerPool0-thread8" daemon [_thread_blocked, id=4892, stack(0x000000000bc10000,0x000000000bd10000)]
  0x000000000a783000 JavaThread "listenerPool0-thread7" daemon [_thread_blocked, id=8388, stack(0x000000000bb10000,0x000000000bc10000)]
  0x000000000a82c800 JavaThread "listenerPool0-thread6" daemon [_thread_blocked, id=8976, stack(0x000000000ba10000,0x000000000bb10000)]
  0x000000000a82c000 JavaThread "listenerPool0-thread5" daemon [_thread_blocked, id=6560, stack(0x000000000b910000,0x000000000ba10000)]
=>0x000000000ab78000 JavaThread "listenerPool0-thread4" daemon [_thread_in_native, id=6900, stack(0x000000000b810000,0x000000000b910000)]
  0x000000000a709000 JavaThread "listenerPool0-thread3" daemon [_thread_blocked, id=4536, stack(0x000000000b710000,0x000000000b810000)]
  0x000000000a8a5800 JavaThread "listenerPool0-thread2" daemon [_thread_blocked, id=8004, stack(0x000000000b610000,0x000000000b710000)]
  0x000000000a698000 JavaThread "listenerPool0-thread1" daemon [_thread_blocked, id=9448, stack(0x000000000b510000,0x000000000b610000)]
  0x000000000a5ac000 JavaThread "Monitor Ctrl-Break" daemon [_thread_in_native, id=7076, stack(0x000000000a950000,0x000000000aa50000)]
  0x000000000920c000 JavaThread "Service Thread" daemon [_thread_blocked, id=10176, stack(0x000000000a350000,0x000000000a450000)]
  0x000000000920b000 JavaThread "C2 CompilerThread1" daemon [_thread_blocked, id=9644, stack(0x000000000a250000,0x000000000a350000)]
  0x00000000091ff000 JavaThread "C2 CompilerThread0" daemon [_thread_blocked, id=8856, stack(0x000000000a150000,0x000000000a250000)]
  0x00000000091fd000 JavaThread "Attach Listener" daemon [_thread_blocked, id=3660, stack(0x000000000a050000,0x000000000a150000)]
  0x00000000091fb800 JavaThread "Signal Dispatcher" daemon [_thread_blocked, id=9852, stack(0x0000000009f50000,0x000000000a050000)]
  0x00000000091ca000 JavaThread "Finalizer" daemon [_thread_blocked, id=9584, stack(0x0000000009e50000,0x0000000009f50000)]
  0x00000000091bf000 JavaThread "Reference Handler" daemon [_thread_blocked, id=3272, stack(0x0000000009d50000,0x0000000009e50000)]
  0x00000000023ae000 JavaThread "main" [_thread_in_native, id=7044, stack(0x00000000021b0000,0x00000000022b0000)]

Other Threads:
  0x00000000091bc800 VMThread [stack: 0x0000000009c50000,0x0000000009d50000] [id=6272]
  0x0000000009217000 WatcherThread [stack: 0x000000000a450000,0x000000000a550000] [id=7848]

VM state:not at safepoint (normal execution)

VM Mutex/Monitor currently owned by a thread: None

Heap
 PSYoungGen      total 28672K, used 3359K [0x00000000e0800000, 0x00000000e2780000, 0x0000000100000000)
  eden space 25088K, 7% used [0x00000000e0800000,0x00000000e09dbd20,0x00000000e2080000)
  from space 3584K, 40% used [0x00000000e2400000,0x00000000e256c010,0x00000000e2780000)
  to   space 3584K, 0% used [0x00000000e2080000,0x00000000e2080000,0x00000000e2400000)
 ParOldGen       total 64512K, used 354K [0x00000000a1800000, 0x00000000a5700000, 0x00000000e0800000)
  object space 64512K, 0% used [0x00000000a1800000,0x00000000a1858968,0x00000000a5700000)
 PSPermGen       total 21504K, used 8945K [0x000000009c600000, 0x000000009db00000, 0x00000000a1800000)
  object space 21504K, 41% used [0x000000009c600000,0x000000009cebc428,0x000000009db00000)

Card table byte_map: [0x00000000054b0000,0x00000000057d0000] byte_map_base: 0x0000000004fcd000

Polling page: 0x00000000007d0000

Code Cache  [0x00000000024b0000, 0x0000000002720000, 0x00000000054b0000)
 total_blobs=357 nmethods=87 adapters=224 free_code_cache=48493Kb largest_free_block=49619968

Compilation events (10 events):
Event: 33.377 Thread 0x000000000920b000   81             java.nio.ByteBuffer::array (35 bytes)
Event: 33.378 Thread 0x000000000920b000 nmethod 81 0x000000000254d690 code [0x000000000254d7c0, 0x000000000254d838]
Event: 33.383 Thread 0x00000000091ff000   82             java.io.BufferedReader::readLine (6 bytes)
Event: 33.384 Thread 0x00000000091ff000 nmethod 82 0x000000000254d450 code [0x000000000254d5a0, 0x000000000254d608]
Event: 33.384 Thread 0x000000000920b000   83             java.lang.String::isEmpty (14 bytes)
Event: 33.385 Thread 0x000000000920b000 nmethod 83 0x000000000254d210 code [0x000000000254d340, 0x000000000254d3b8]
Event: 45.095 Thread 0x00000000091ff000   84             mattmc.mankini.module.ModuleKinis::onMessage (1488 bytes)
Event: 45.186 Thread 0x00000000091ff000 nmethod 84 0x0000000002556b10 code [0x0000000002557280, 0x0000000002559d78]
Event: 59.696 Thread 0x000000000920b000   87             java.util.HashMap::indexFor (6 bytes)
Event: 59.697 Thread 0x000000000920b000 nmethod 87 0x0000000002525c50 code [0x0000000002525d80, 0x0000000002525db8]

GC Heap History (4 events):
Event: 3.388 GC heap before
{Heap before GC invocations=1 (full 0):
 PSYoungGen      total 28672K, used 25088K [0x00000000e0800000, 0x00000000e2780000, 0x0000000100000000)
  eden space 25088K, 100% used [0x00000000e0800000,0x00000000e2080000,0x00000000e2080000)
  from space 3584K, 0% used [0x00000000e2400000,0x00000000e2400000,0x00000000e2780000)
  to   space 3584K, 0% used [0x00000000e2080000,0x00000000e2080000,0x00000000e2400000)
 ParOldGen       total 64512K, used 0K [0x00000000a1800000, 0x00000000a5700000, 0x00000000e0800000)
  object space 64512K, 0% used [0x00000000a1800000,0x00000000a1800000,0x00000000a5700000)
 PSPermGen       total 21504K, used 8477K [0x000000009c600000, 0x000000009db00000, 0x00000000a1800000)
  object space 21504K, 39% used [0x000000009c600000,0x000000009ce476f8,0x000000009db00000)
Event: 3.406 GC heap after
Heap after GC invocations=1 (full 0):
 PSYoungGen      total 28672K, used 3565K [0x00000000e0800000, 0x00000000e2780000, 0x0000000100000000)
  eden space 25088K, 0% used [0x00000000e0800000,0x00000000e0800000,0x00000000e2080000)
  from space 3584K, 99% used [0x00000000e2080000,0x00000000e23fb658,0x00000000e2400000)
  to   space 3584K, 0% used [0x00000000e2400000,0x00000000e2400000,0x00000000e2780000)
 ParOldGen       total 64512K, used 354K [0x00000000a1800000, 0x00000000a5700000, 0x00000000e0800000)
  object space 64512K, 0% used [0x00000000a1800000,0x00000000a1858968,0x00000000a5700000)
 PSPermGen       total 21504K, used 8477K [0x000000009c600000, 0x000000009db00000, 0x00000000a1800000)
  object space 21504K, 39% used [0x000000009c600000,0x000000009ce476f8,0x000000009db00000)
}
Event: 59.294 GC heap before
{Heap before GC invocations=2 (full 0):
 PSYoungGen      total 28672K, used 28653K [0x00000000e0800000, 0x00000000e2780000, 0x0000000100000000)
  eden space 25088K, 100% used [0x00000000e0800000,0x00000000e2080000,0x00000000e2080000)
  from space 3584K, 99% used [0x00000000e2080000,0x00000000e23fb658,0x00000000e2400000)
  to   space 3584K, 0% used [0x00000000e2400000,0x00000000e2400000,0x00000000e2780000)
 ParOldGen       total 64512K, used 354K [0x00000000a1800000, 0x00000000a5700000, 0x00000000e0800000)
  object space 64512K, 0% used [0x00000000a1800000,0x00000000a1858968,0x00000000a5700000)
 PSPermGen       total 21504K, used 8940K [0x000000009c600000, 0x000000009db00000, 0x00000000a1800000)
  object space 21504K, 41% used [0x000000009c600000,0x000000009cebb0b0,0x000000009db00000)
Event: 59.301 GC heap after
Heap after GC invocations=2 (full 0):
 PSYoungGen      total 28672K, used 1456K [0x00000000e0800000, 0x00000000e2780000, 0x0000000100000000)
  eden space 25088K, 0% used [0x00000000e0800000,0x00000000e0800000,0x00000000e2080000)
  from space 3584K, 40% used [0x00000000e2400000,0x00000000e256c010,0x00000000e2780000)
  to   space 3584K, 0% used [0x00000000e2080000,0x00000000e2080000,0x00000000e2400000)
 ParOldGen       total 64512K, used 354K [0x00000000a1800000, 0x00000000a5700000, 0x00000000e0800000)
  object space 64512K, 0% used [0x00000000a1800000,0x00000000a1858968,0x00000000a5700000)
 PSPermGen       total 21504K, used 8940K [0x000000009c600000, 0x000000009db00000, 0x00000000a1800000)
  object space 21504K, 41% used [0x000000009c600000,0x000000009cebb0b0,0x000000009db00000)
}

Deoptimization events (5 events):
Event: 1.679 Thread 0x00000000023ae000 Uncommon trap: reason=class_check action=maybe_recompile pc=0x0000000002516d40 method=java.util.Properties$LineReader.readLine()I @ 62
Event: 1.679 Thread 0x00000000023ae000 Uncommon trap: reason=class_check action=maybe_recompile pc=0x0000000002516d40 method=java.util.Properties$LineReader.readLine()I @ 62
Event: 1.898 Thread 0x00000000023ae000 Uncommon trap: reason=unloaded action=reinterpret pc=0x00000000025397e4 method=org.sqlite.SQLiteJDBCLoader.md5sum(Ljava/io/InputStream;)Ljava/lang/String; @ 35
Event: 1.899 Thread 0x00000000023ae000 Uncommon trap: reason=unreached action=reinterpret pc=0x00000000025362f0 method=sun.security.provider.DigestBase.engineUpdate(B)V @ 4
Event: 3.352 Thread 0x00000000023ae000 Uncommon trap: reason=unloaded action=reinterpret pc=0x00000000025207ac method=java.util.ArrayList.rangeCheck(I)V @ 8

Internal exceptions (10 events):
Event: 59.255 Thread 0x00000000023ae000 Threw 0x00000000e17d8f88 at C:\re\jdk7u51\527\hotspot\src\share\vm\prims\jvm.cpp:1244
Event: 59.256 Thread 0x00000000023ae000 Threw 0x00000000e17de248 at C:\re\jdk7u51\527\hotspot\src\share\vm\prims\jvm.cpp:1244
Event: 59.256 Thread 0x00000000023ae000 Threw 0x00000000e17e3e28 at C:\re\jdk7u51\527\hotspot\src\share\vm\prims\jvm.cpp:1244
Event: 59.257 Thread 0x00000000023ae000 Threw 0x00000000e17e93a8 at C:\re\jdk7u51\527\hotspot\src\share\vm\prims\jvm.cpp:1244
Event: 59.258 Thread 0x00000000023ae000 Threw 0x00000000e17ee738 at C:\re\jdk7u51\527\hotspot\src\share\vm\prims\jvm.cpp:1244
Event: 59.258 Thread 0x00000000023ae000 Threw 0x00000000e17f3cf8 at C:\re\jdk7u51\527\hotspot\src\share\vm\prims\jvm.cpp:1244
Event: 59.259 Thread 0x00000000023ae000 Threw 0x00000000e17f9468 at C:\re\jdk7u51\527\hotspot\src\share\vm\prims\jvm.cpp:1244
Event: 59.259 Thread 0x00000000023ae000 Threw 0x00000000e17fdfe0 at C:\re\jdk7u51\527\hotspot\src\share\vm\prims\jvm.cpp:1244
Event: 59.260 Thread 0x00000000023ae000 Threw 0x00000000e1802b58 at C:\re\jdk7u51\527\hotspot\src\share\vm\prims\jvm.cpp:1244
Event: 59.261 Thread 0x00000000023ae000 Threw 0x00000000e1807790 at C:\re\jdk7u51\527\hotspot\src\share\vm\prims\jvm.cpp:1244

Events (10 events):
Event: 59.304 Executing VM operation: RevokeBias
Event: 59.304 Executing VM operation: RevokeBias done
Event: 59.304 Executing VM operation: RevokeBias
Event: 59.304 Executing VM operation: RevokeBias done
Event: 59.629 Executing VM operation: RevokeBias
Event: 59.629 Executing VM operation: RevokeBias done
Event: 59.786 Executing VM operation: RevokeBias
Event: 59.786 Executing VM operation: RevokeBias done
Event: 60.029 Executing VM operation: RevokeBias
Event: 60.029 Executing VM operation: RevokeBias done


Dynamic libraries:
0x00007ff7ff740000 - 0x00007ff7ff773000 	C:\Program Files\Java\jdk1.7.0_51\bin\java.exe
0x00007ffa39b10000 - 0x00007ffa39cba000 	C:\WINDOWS\SYSTEM32\ntdll.dll
0x00007ffa392d0000 - 0x00007ffa3940a000 	C:\WINDOWS\system32\KERNEL32.DLL
0x00007ffa37180000 - 0x00007ffa3728f000 	C:\WINDOWS\system32\KERNELBASE.dll
0x00007ffa35ab0000 - 0x00007ffa35b38000 	C:\WINDOWS\system32\apphelp.dll
0x00007ffa2ad40000 - 0x00007ffa2ad8f000 	C:\WINDOWS\AppPatch\AppPatch64\AcGenral.DLL
0x00007ffa39800000 - 0x00007ffa398a7000 	C:\WINDOWS\system32\msvcrt.dll
0x00007ffa36d30000 - 0x00007ffa36d5b000 	C:\WINDOWS\SYSTEM32\SspiCli.dll
0x00007ffa39410000 - 0x00007ffa39461000 	C:\WINDOWS\system32\SHLWAPI.dll
0x00007ffa39150000 - 0x00007ffa392c1000 	C:\WINDOWS\system32\USER32.dll
0x00007ffa38ec0000 - 0x00007ffa39038000 	C:\WINDOWS\system32\ole32.dll
0x00007ffa37670000 - 0x00007ffa38a90000 	C:\WINDOWS\system32\SHELL32.dll
0x00007ffa36510000 - 0x00007ffa3652e000 	C:\WINDOWS\SYSTEM32\USERENV.dll
0x00007ffa390a0000 - 0x00007ffa39145000 	C:\WINDOWS\system32\ADVAPI32.dll
0x00007ffa30fa0000 - 0x00007ffa30fbb000 	C:\WINDOWS\SYSTEM32\MPR.dll
0x00007ffa37530000 - 0x00007ffa37666000 	C:\WINDOWS\system32\RPCRT4.dll
0x00007ffa38cd0000 - 0x00007ffa38d27000 	C:\WINDOWS\SYSTEM32\sechost.dll
0x00007ffa38a90000 - 0x00007ffa38c66000 	C:\WINDOWS\SYSTEM32\combase.dll
0x00007ffa396b0000 - 0x00007ffa397f4000 	C:\WINDOWS\system32\GDI32.dll
0x00007ffa36e80000 - 0x00007ffa36e94000 	C:\WINDOWS\SYSTEM32\profapi.dll
0x00007ffa35780000 - 0x00007ffa3581f000 	C:\WINDOWS\SYSTEM32\SHCORE.dll
0x00007ffa39490000 - 0x00007ffa394c4000 	C:\WINDOWS\system32\IMM32.DLL
0x00007ffa373f0000 - 0x00007ffa37529000 	C:\WINDOWS\system32\MSCTF.dll
0x00007ffa350b0000 - 0x00007ffa3530a000 	C:\WINDOWS\WinSxS\amd64_microsoft.windows.common-controls_6595b64144ccf1df_6.0.9600.17031_none_6242a4b3ecbb55a1\COMCTL32.dll
0x000000005ebf0000 - 0x000000005ecc2000 	C:\Program Files\Java\jdk1.7.0_51\jre\bin\msvcr100.dll
0x000000005e420000 - 0x000000005ebe9000 	C:\Program Files\Java\jdk1.7.0_51\jre\bin\server\jvm.dll
0x00007ffa32900000 - 0x00007ffa32909000 	C:\WINDOWS\SYSTEM32\WSOCK32.dll
0x00007ffa2fd70000 - 0x00007ffa2fd8f000 	C:\WINDOWS\SYSTEM32\WINMM.dll
0x00007ffa38eb0000 - 0x00007ffa38eb7000 	C:\WINDOWS\system32\PSAPI.DLL
0x00007ffa39040000 - 0x00007ffa39098000 	C:\WINDOWS\system32\WS2_32.dll
0x00007ffa2fd20000 - 0x00007ffa2fd4a000 	C:\WINDOWS\SYSTEM32\WINMMBASE.dll
0x00007ffa38d40000 - 0x00007ffa38d49000 	C:\WINDOWS\system32\NSI.dll
0x00007ffa37340000 - 0x00007ffa3738a000 	C:\WINDOWS\SYSTEM32\cfgmgr32.dll
0x00007ffa35d00000 - 0x00007ffa35d26000 	C:\WINDOWS\SYSTEM32\DEVOBJ.dll
0x000000005e410000 - 0x000000005e41f000 	C:\Program Files\Java\jdk1.7.0_51\jre\bin\verify.dll
0x000000005e3e0000 - 0x000000005e408000 	C:\Program Files\Java\jdk1.7.0_51\jre\bin\java.dll
0x000000005e3c0000 - 0x000000005e3d5000 	C:\Program Files\Java\jdk1.7.0_51\jre\bin\zip.dll
0x00007ffa2de00000 - 0x00007ffa2de10000 	C:\Program Files (x86)\JetBrains\IntelliJ IDEA Community Edition 13.0.2\bin\breakgen64.dll
0x000000005e3a0000 - 0x000000005e3b9000 	C:\Program Files\Java\jdk1.7.0_51\jre\bin\net.dll
0x00007ffa367b0000 - 0x00007ffa36808000 	C:\WINDOWS\system32\mswsock.dll
0x000000005e380000 - 0x000000005e391000 	C:\Program Files\Java\jdk1.7.0_51\jre\bin\nio.dll
0x00007ffa365c0000 - 0x00007ffa36663000 	C:\WINDOWS\SYSTEM32\DNSAPI.dll
0x00000000609f0000 - 0x0000000060a25000 	C:\Program Files\Bonjour\mdnsNSP.dll
0x00007ffa32570000 - 0x00007ffa32599000 	C:\WINDOWS\SYSTEM32\Iphlpapi.DLL
0x00007ffa322a0000 - 0x00007ffa322aa000 	C:\WINDOWS\SYSTEM32\WINNSI.DLL
0x00007ffa2ede0000 - 0x00007ffa2ede9000 	C:\Windows\System32\rasadhlp.dll
0x00007ffa31ac0000 - 0x00007ffa31b28000 	C:\WINDOWS\System32\fwpuclnt.dll
0x0000000069340000 - 0x00000000693c5000 	C:\Users\Matthew\AppData\Local\Temp\sqlite-3.7.2-sqlitejdbc.dll
0x00007ffa36810000 - 0x00007ffa3682e000 	C:\WINDOWS\SYSTEM32\CRYPTSP.dll
0x00007ffa36400000 - 0x00007ffa36435000 	C:\WINDOWS\system32\rsaenh.dll
0x00007ffa36a40000 - 0x00007ffa36a66000 	C:\WINDOWS\SYSTEM32\bcrypt.dll
0x00007ffa36d60000 - 0x00007ffa36dc0000 	C:\WINDOWS\system32\bcryptprimitives.dll
0x00007ffa36dc0000 - 0x00007ffa36dca000 	C:\WINDOWS\SYSTEM32\CRYPTBASE.dll
0x00007ffa2d370000 - 0x00007ffa2d384000 	C:\WINDOWS\system32\napinsp.dll
0x00007ffa2d390000 - 0x00007ffa2d3a9000 	C:\WINDOWS\system32\pnrpnsp.dll
0x00007ffa32db0000 - 0x00007ffa32dc9000 	C:\WINDOWS\system32\NLAapi.dll
0x00007ffa2d5c0000 - 0x00007ffa2d5cc000 	C:\WINDOWS\System32\winrnr.dll
0x00007ffa2d3b0000 - 0x00007ffa2d3c3000 	C:\WINDOWS\system32\wshbth.dll
0x00007ffa2ab30000 - 0x00007ffa2acb8000 	C:\WINDOWS\SYSTEM32\dbghelp.dll

VM Arguments:
jvm_args: -Didea.launcher.port=7533 -Didea.launcher.bin.path=C:\Program Files (x86)\JetBrains\IntelliJ IDEA Community Edition 13.0.2\bin -Dfile.encoding=UTF-8 
java_command: com.intellij.rt.execution.application.AppMain mattmc.mankini.MankiniBot
Launcher Type: SUN_STANDARD

Environment Variables:
JAVA_HOME=C:\Program Files\Java\jdk1.7.0_51
PATH=C:\Program Files (x86)\AMD APP\bin\x86_64;C:\Program Files (x86)\AMD APP\bin\x86;C:\WINDOWS\system32;C:\WINDOWS;C:\WINDOWS\System32\Wbem;C:\WINDOWS\System32\WindowsPowerShell\v1.0\;C:\Program Files (x86)\ATI Technologies\ATI.ACE\Core-Static;C:\Program Files\apache-maven-3.1.1\bin;C:\Program Files (x86)\Git\cmd;C:\Program Files (x86)\scala\bin;C:\Program Files\adb\;C:\Program Files (x86)\Windows Live\Shared;C:\Program Files\Perl\bin\
USERNAME=Matthew
OS=Windows_NT
PROCESSOR_IDENTIFIER=Intel64 Family 6 Model 23 Stepping 6, GenuineIntel



---------------  S Y S T E M  ---------------

OS: Windows 8 , 64 bit Build 9200 

CPU:total 2 (2 cores per cpu, 1 threads per core) family 6 model 23 stepping 6, cmov, cx8, fxsr, mmx, sse, sse2, sse3, ssse3, sse4.1, tsc

Memory: 4k page, physical 6184968k(1738664k free), swap 16405400k(5375500k free)

vm_info: Java HotSpot(TM) 64-Bit Server VM (24.51-b03) for windows-amd64 JRE (1.7.0_51-b13), built on Dec 18 2013 18:40:56 by "java_re" with unknown MS VC++:1600

time: Sat Jul 12 15:10:30 2014
elapsed time: 60 seconds

