#
# A fatal error has been detected by the Java Runtime Environment:
#
#  EXCEPTION_ACCESS_VIOLATION (0xc0000005) at pc=0x00000000693878bd, pid=11196, tid=11144
#
# JRE version: Java(TM) SE Runtime Environment (7.0_51-b13) (build 1.7.0_51-b13)
# Java VM: Java HotSpot(TM) 64-Bit Server VM (24.51-b03 mixed mode windows-amd64 compressed oops)
# Problematic frame:
# C  [sqlite-3.7.2-sqlitejdbc.dll+0x478bd]
#
# Failed to write core dump. Minidumps are not enabled by default on client versions of Windows
#
# If you would like to submit a bug report, please visit:
#   http://bugreport.sun.com/bugreport/crash.jsp
# The crash happened outside the Java Virtual Machine in native code.
# See problematic frame for where to report the bug.
#

---------------  T H R E A D  ---------------

Current thread (0x000000000ad0b800):  JavaThread "listenerPool0-thread73" daemon [_thread_in_native, id=11144, stack(0x00000000108d0000,0x00000000109d0000)]

siginfo: ExceptionCode=0xc0000005, reading address 0x0000000000000058

Registers:
RAX=0x0000000000000000, RBX=0x000000000b8fe888, RCX=0x000000000b8fe888, RDX=0x00000000109ced38
RSP=0x00000000109cebf0, RBP=0x00000000109ced08, RSI=0x0000000000000000, RDI=0x0000000002876274
R8 =0x000000000b8fe888, R9 =0x000000000abb3400, R10=0x0000000002883503, R11=0x000000005e5ffaf0
R12=0x0000000000000000, R13=0x000000009cce0990, R14=0x00000000109ced38, R15=0x000000000ad0b800
RIP=0x00000000693878bd, EFLAGS=0x0000000000010206

Top of Stack: (sp=0x00000000109cebf0)
0x00000000109cebf0:   00000000109cecb8 000000005e60ebcf
0x00000000109cec00:   00000000109cecb8 00000000109ced08
0x00000000109cec10:   00000000109ced08 000000000ad0b800
0x00000000109cec20:   00000000109cecb8 000000005e60f2ba
0x00000000109cec30:   00000000096bb1b8 000000009cce0990
0x00000000109cec40:   0000000000000065 00000000693422a5
0x00000000109cec50:   000000000b3cb040 000000005e4b9f51
0x00000000109cec60:   00000000109cf328 000000000ad0b800
0x00000000109cec70:   00000000e1943ba0 000000000288352f
0x00000000109cec80:   0000000002876274 00000000028832cf
0x00000000109cec90:   000000000ad0b800 000000009cce0990
0x00000000109ceca0:   000000000b3cb040 000000005e4ba040
0x00000000109cecb0:   0000000002883289 0000000000000003
0x00000000109cecc0:   00000000e1943ba0 00000000109cecb8
0x00000000109cecd0:   000000009cce0990 00000000109ced38
0x00000000109cece0:   000000009cce9f48 0000000000000000 

Instructions: (pc=0x00000000693878bd)
0x000000006938789d:   48 8b 7c 24 30 48 83 c4 38 c3 56 53 48 83 ec 48
0x00000000693878ad:   48 89 cb be 00 00 00 00 48 85 c9 74 5f 48 8b 01
0x00000000693878bd:   48 8b 48 58 e8 8f c0 fb ff 48 89 d9 e8 4c fa ff
0x00000000693878cd:   ff 89 c6 c7 44 24 30 00 00 00 00 c7 44 24 28 00 


Register to memory mapping:

RAX=0x0000000000000000 is an unknown value
RBX=0x000000000b8fe888 is an unknown value
RCX=0x000000000b8fe888 is an unknown value
RDX=0x00000000109ced38 is pointing into the stack for thread: 0x000000000ad0b800
RSP=0x00000000109cebf0 is pointing into the stack for thread: 0x000000000ad0b800
RBP=0x00000000109ced08 is pointing into the stack for thread: 0x000000000ad0b800
RSI=0x0000000000000000 is an unknown value
RDI=0x0000000002876274 is at code_begin+2900 in an Interpreter codelet
return entry points  [0x0000000002875720, 0x0000000002877520]  7680 bytes
R8 =0x000000000b8fe888 is an unknown value
R9 =0x000000000abb3400 is an unknown value
R10=0x0000000002883503 is at code_begin+1027 in an Interpreter codelet
method entry point (kind = native_synchronized)  [0x0000000002883100, 0x0000000002883b20]  2592 bytes
R11=0x000000005e5ffaf0 is an unknown value
R12=0x0000000000000000 is an unknown value
R13=0x000000009cce0990 is an oop
{method} 
 - klass: {other class}
R14=0x00000000109ced38 is pointing into the stack for thread: 0x000000000ad0b800
R15=0x000000000ad0b800 is a thread


Stack: [0x00000000108d0000,0x00000000109d0000],  sp=0x00000000109cebf0,  free space=1018k
Native frames: (J=compiled Java code, j=interpreted, Vv=VM code, C=native code)
C  [sqlite-3.7.2-sqlitejdbc.dll+0x478bd]
j  org.sqlite.RS.close()V+76
j  org.sqlite.Stmt.close()V+14
j  mattmc.mankini.module.ModuleKinis.addUser(Ljava/lang/String;)V+47
j  mattmc.mankini.module.ModuleKinis.onJoin(Lorg/pircbotx/hooks/events/JoinEvent;)V+22
j  org.pircbotx.hooks.ListenerAdapter.onEvent(Lorg/pircbotx/hooks/Event;)V+174
j  org.pircbotx.hooks.managers.ThreadedListenerManager$1.call()Ljava/lang/Void;+18
j  org.pircbotx.hooks.managers.ThreadedListenerManager$1.call()Ljava/lang/Object;+1
j  java.util.concurrent.FutureTask.run()V+42
j  java.util.concurrent.ThreadPoolExecutor.runWorker(Ljava/util/concurrent/ThreadPoolExecutor$Worker;)V+95
j  java.util.concurrent.ThreadPoolExecutor$Worker.run()V+5
j  java.lang.Thread.run()V+11
v  ~StubRoutines::call_stub
V  [jvm.dll+0x1cb2b3]

Java frames: (J=compiled Java code, j=interpreted, Vv=VM code)
j  org.sqlite.NativeDB.reset(J)I+0
j  org.sqlite.RS.close()V+76
j  org.sqlite.Stmt.close()V+14
j  mattmc.mankini.module.ModuleKinis.addUser(Ljava/lang/String;)V+47
j  mattmc.mankini.module.ModuleKinis.onJoin(Lorg/pircbotx/hooks/events/JoinEvent;)V+22
j  org.pircbotx.hooks.ListenerAdapter.onEvent(Lorg/pircbotx/hooks/Event;)V+174
j  org.pircbotx.hooks.managers.ThreadedListenerManager$1.call()Ljava/lang/Void;+18
j  org.pircbotx.hooks.managers.ThreadedListenerManager$1.call()Ljava/lang/Object;+1
j  java.util.concurrent.FutureTask.run()V+42
j  java.util.concurrent.ThreadPoolExecutor.runWorker(Ljava/util/concurrent/ThreadPoolExecutor$Worker;)V+95
j  java.util.concurrent.ThreadPoolExecutor$Worker.run()V+5
j  java.lang.Thread.run()V+11
v  ~StubRoutines::call_stub

---------------  P R O C E S S  ---------------

Java Threads: ( => current thread )
  0x000000000ac4a000 JavaThread "listenerPool0-thread99" daemon [_thread_blocked, id=7844, stack(0x00000000122d0000,0x00000000123d0000)]
  0x000000000ac4b800 JavaThread "listenerPool0-thread98" daemon [_thread_blocked, id=5536, stack(0x00000000121d0000,0x00000000122d0000)]
  0x000000000ac49000 JavaThread "listenerPool0-thread97" daemon [_thread_blocked, id=8704, stack(0x00000000120d0000,0x00000000121d0000)]
  0x000000000ac46000 JavaThread "listenerPool0-thread96" daemon [_thread_blocked, id=6252, stack(0x0000000011fd0000,0x00000000120d0000)]
  0x000000000ac47000 JavaThread "listenerPool0-thread95" daemon [_thread_blocked, id=8876, stack(0x0000000011ed0000,0x0000000011fd0000)]
  0x000000000ac45800 JavaThread "listenerPool0-thread94" daemon [_thread_blocked, id=8836, stack(0x0000000011dd0000,0x0000000011ed0000)]
  0x000000000ac47800 JavaThread "listenerPool0-thread93" daemon [_thread_blocked, id=9256, stack(0x0000000011cd0000,0x0000000011dd0000)]
  0x000000000ac48800 JavaThread "listenerPool0-thread92" daemon [_thread_blocked, id=6424, stack(0x0000000011bd0000,0x0000000011cd0000)]
  0x000000000ac44000 JavaThread "listenerPool0-thread91" daemon [_thread_blocked, id=9208, stack(0x0000000011ad0000,0x0000000011bd0000)]
  0x000000000ac44800 JavaThread "listenerPool0-thread90" daemon [_thread_blocked, id=9964, stack(0x00000000119d0000,0x0000000011ad0000)]
  0x000000000ac40000 JavaThread "listenerPool0-thread89" daemon [_thread_blocked, id=10128, stack(0x00000000118d0000,0x00000000119d0000)]
  0x000000000ac43000 JavaThread "listenerPool0-thread88" daemon [_thread_blocked, id=3472, stack(0x00000000117d0000,0x00000000118d0000)]
  0x000000000ac42800 JavaThread "listenerPool0-thread87" daemon [_thread_blocked, id=9276, stack(0x00000000116d0000,0x00000000117d0000)]
  0x000000000ac3f800 JavaThread "listenerPool0-thread86" daemon [_thread_blocked, id=10072, stack(0x00000000115d0000,0x00000000116d0000)]
  0x000000000ac3e800 JavaThread "listenerPool0-thread85" daemon [_thread_blocked, id=9380, stack(0x00000000114d0000,0x00000000115d0000)]
  0x000000000ac41800 JavaThread "listenerPool0-thread84" daemon [_thread_blocked, id=10828, stack(0x00000000113d0000,0x00000000114d0000)]
  0x000000000ac41000 JavaThread "listenerPool0-thread83" daemon [_thread_blocked, id=10992, stack(0x00000000112d0000,0x00000000113d0000)]
  0x000000000ad0f800 JavaThread "listenerPool0-thread82" daemon [_thread_blocked, id=7364, stack(0x00000000111d0000,0x00000000112d0000)]
  0x000000000ad0e800 JavaThread "listenerPool0-thread81" daemon [_thread_blocked, id=4536, stack(0x00000000110d0000,0x00000000111d0000)]
  0x000000000ad0e000 JavaThread "listenerPool0-thread80" daemon [_thread_in_native, id=5444, stack(0x0000000010fd0000,0x00000000110d0000)]
  0x000000000ad0a000 JavaThread "listenerPool0-thread79" daemon [_thread_blocked, id=10980, stack(0x0000000010ed0000,0x0000000010fd0000)]
  0x000000000ad0d000 JavaThread "listenerPool0-thread78" daemon [_thread_blocked, id=1396, stack(0x0000000010dd0000,0x0000000010ed0000)]
  0x000000000ad09000 JavaThread "listenerPool0-thread77" daemon [_thread_blocked, id=6468, stack(0x0000000010cd0000,0x0000000010dd0000)]
  0x000000000ad0c000 JavaThread "listenerPool0-thread76" daemon [_thread_blocked, id=3760, stack(0x0000000010bd0000,0x0000000010cd0000)]
  0x000000000ad08800 JavaThread "listenerPool0-thread75" daemon [_thread_blocked, id=3644, stack(0x0000000010ad0000,0x0000000010bd0000)]
  0x000000000ad0a800 JavaThread "listenerPool0-thread74" daemon [_thread_blocked, id=7436, stack(0x00000000109d0000,0x0000000010ad0000)]
=>0x000000000ad0b800 JavaThread "listenerPool0-thread73" daemon [_thread_in_native, id=11144, stack(0x00000000108d0000,0x00000000109d0000)]
  0x000000000ad04800 JavaThread "listenerPool0-thread72" daemon [_thread_blocked, id=10124, stack(0x00000000107d0000,0x00000000108d0000)]
  0x000000000ad07800 JavaThread "listenerPool0-thread71" daemon [_thread_blocked, id=9652, stack(0x00000000106d0000,0x00000000107d0000)]
  0x000000000ad05800 JavaThread "listenerPool0-thread70" daemon [_thread_blocked, id=9800, stack(0x00000000105d0000,0x00000000106d0000)]
  0x000000000ad04000 JavaThread "listenerPool0-thread69" daemon [_thread_blocked, id=9904, stack(0x00000000104d0000,0x00000000105d0000)]
  0x000000000ad06000 JavaThread "listenerPool0-thread68" daemon [_thread_blocked, id=936, stack(0x00000000103d0000,0x00000000104d0000)]
  0x000000000ad07000 JavaThread "listenerPool0-thread67" daemon [_thread_blocked, id=9584, stack(0x00000000102d0000,0x00000000103d0000)]
  0x000000000ad00000 JavaThread "listenerPool0-thread66" daemon [_thread_in_native, id=2508, stack(0x00000000101d0000,0x00000000102d0000)]
  0x000000000ad02800 JavaThread "listenerPool0-thread65" daemon [_thread_blocked, id=10204, stack(0x00000000100d0000,0x00000000101d0000)]
  0x000000000ad03000 JavaThread "listenerPool0-thread64" daemon [_thread_blocked, id=7064, stack(0x000000000ffd0000,0x00000000100d0000)]
  0x000000000ad01800 JavaThread "listenerPool0-thread63" daemon [_thread_blocked, id=4112, stack(0x000000000fed0000,0x000000000ffd0000)]
  0x000000000ad01000 JavaThread "listenerPool0-thread62" daemon [_thread_blocked, id=5980, stack(0x000000000fdd0000,0x000000000fed0000)]
  0x000000000b436800 JavaThread "listenerPool0-thread61" daemon [_thread_blocked, id=9984, stack(0x000000000fcd0000,0x000000000fdd0000)]
  0x000000000b435800 JavaThread "listenerPool0-thread60" daemon [_thread_blocked, id=2668, stack(0x000000000fbd0000,0x000000000fcd0000)]
  0x000000000b435000 JavaThread "listenerPool0-thread59" daemon [_thread_in_native, id=10932, stack(0x000000000fad0000,0x000000000fbd0000)]
  0x000000000b434000 JavaThread "listenerPool0-thread58" daemon [_thread_blocked, id=10656, stack(0x000000000f9d0000,0x000000000fad0000)]
  0x000000000b430800 JavaThread "listenerPool0-thread57" daemon [_thread_blocked, id=7792, stack(0x000000000f8d0000,0x000000000f9d0000)]
  0x000000000b433800 JavaThread "listenerPool0-thread56" daemon [_thread_blocked, id=7924, stack(0x000000000f7d0000,0x000000000f8d0000)]
  0x000000000b432800 JavaThread "listenerPool0-thread55" daemon [_thread_blocked, id=10764, stack(0x000000000f6d0000,0x000000000f7d0000)]
  0x000000000b42f800 JavaThread "listenerPool0-thread54" daemon [_thread_blocked, id=9220, stack(0x000000000f5d0000,0x000000000f6d0000)]
  0x000000000b42f000 JavaThread "listenerPool0-thread53" daemon [_thread_blocked, id=10680, stack(0x000000000f4d0000,0x000000000f5d0000)]
  0x000000000b432000 JavaThread "listenerPool0-thread52" daemon [_thread_in_native, id=1424, stack(0x000000000f3d0000,0x000000000f4d0000)]
  0x000000000b431000 JavaThread "listenerPool0-thread51" daemon [_thread_blocked, id=8096, stack(0x000000000f2d0000,0x000000000f3d0000)]
  0x000000000b42b000 JavaThread "listenerPool0-thread50" daemon [_thread_blocked, id=6476, stack(0x000000000f1d0000,0x000000000f2d0000)]
  0x000000000b42e000 JavaThread "listenerPool0-thread49" daemon [_thread_blocked, id=7376, stack(0x000000000f0d0000,0x000000000f1d0000)]
  0x000000000b42d800 JavaThread "listenerPool0-thread48" daemon [_thread_blocked, id=6904, stack(0x000000000efd0000,0x000000000f0d0000)]
  0x000000000b42c800 JavaThread "listenerPool0-thread47" daemon [_thread_blocked, id=6660, stack(0x000000000eed0000,0x000000000efd0000)]
  0x000000000b42c000 JavaThread "listenerPool0-thread46" daemon [_thread_blocked, id=4712, stack(0x000000000edd0000,0x000000000eed0000)]
  0x000000000b427800 JavaThread "listenerPool0-thread45" daemon [_thread_in_native, id=8472, stack(0x000000000ecd0000,0x000000000edd0000)]
  0x000000000b42a800 JavaThread "listenerPool0-thread44" daemon [_thread_blocked, id=7696, stack(0x000000000ebd0000,0x000000000ecd0000)]
  0x000000000b429800 JavaThread "listenerPool0-thread43" daemon [_thread_blocked, id=1848, stack(0x000000000ead0000,0x000000000ebd0000)]
  0x000000000b428000 JavaThread "listenerPool0-thread42" daemon [_thread_blocked, id=7208, stack(0x000000000e9d0000,0x000000000ead0000)]
  0x000000000b429000 JavaThread "listenerPool0-thread41" daemon [_thread_blocked, id=3708, stack(0x000000000e8d0000,0x000000000e9d0000)]
  0x000000000b15e800 JavaThread "listenerPool0-thread40" daemon [_thread_blocked, id=6912, stack(0x000000000e7d0000,0x000000000e8d0000)]
  0x000000000b15d000 JavaThread "listenerPool0-thread39" daemon [_thread_blocked, id=5996, stack(0x000000000e6d0000,0x000000000e7d0000)]
  0x000000000b15f000 JavaThread "listenerPool0-thread38" daemon [_thread_blocked, id=9424, stack(0x000000000e5d0000,0x000000000e6d0000)]
  0x000000000b15b800 JavaThread "listenerPool0-thread37" daemon [_thread_blocked, id=8768, stack(0x000000000e4d0000,0x000000000e5d0000)]
  0x000000000b15c000 JavaThread "listenerPool0-thread36" daemon [_thread_blocked, id=8568, stack(0x000000000e3d0000,0x000000000e4d0000)]
  0x000000000b15d800 JavaThread "listenerPool0-thread35" daemon [_thread_blocked, id=7624, stack(0x000000000e2d0000,0x000000000e3d0000)]
  0x000000000b157800 JavaThread "listenerPool0-thread34" daemon [_thread_blocked, id=6872, stack(0x000000000e1d0000,0x000000000e2d0000)]
  0x000000000b15a800 JavaThread "listenerPool0-thread33" daemon [_thread_blocked, id=7636, stack(0x000000000e0d0000,0x000000000e1d0000)]
  0x000000000b159000 JavaThread "listenerPool0-thread32" daemon [_thread_blocked, id=9124, stack(0x000000000dfd0000,0x000000000e0d0000)]
  0x000000000b15a000 JavaThread "listenerPool0-thread31" daemon [_thread_blocked, id=9620, stack(0x000000000ded0000,0x000000000dfd0000)]
  0x000000000b158800 JavaThread "listenerPool0-thread30" daemon [_thread_blocked, id=10868, stack(0x000000000ddd0000,0x000000000ded0000)]
  0x000000000b154000 JavaThread "listenerPool0-thread29" daemon [_thread_blocked, id=9704, stack(0x000000000dcd0000,0x000000000ddd0000)]
  0x000000000b155800 JavaThread "Thread-0" [_thread_blocked, id=10000, stack(0x000000000d9d0000,0x000000000dad0000)]
  0x000000000b157000 JavaThread "listenerPool0-thread28" daemon [_thread_blocked, id=6452, stack(0x000000000d4f0000,0x000000000d5f0000)]
  0x000000000b156000 JavaThread "listenerPool0-thread27" daemon [_thread_blocked, id=10080, stack(0x000000000d3f0000,0x000000000d4f0000)]
  0x000000000b154800 JavaThread "listenerPool0-thread26" daemon [_thread_blocked, id=2264, stack(0x000000000d2f0000,0x000000000d3f0000)]
  0x000000000b150000 JavaThread "listenerPool0-thread25" daemon [_thread_blocked, id=4356, stack(0x000000000d1f0000,0x000000000d2f0000)]
  0x000000000b152800 JavaThread "listenerPool0-thread24" daemon [_thread_blocked, id=6760, stack(0x000000000d0f0000,0x000000000d1f0000)]
  0x000000000b151800 JavaThread "listenerPool0-thread23" daemon [_thread_in_native, id=3772, stack(0x000000000cff0000,0x000000000d0f0000)]
  0x000000000b153000 JavaThread "listenerPool0-thread22" daemon [_thread_blocked, id=8316, stack(0x000000000cef0000,0x000000000cff0000)]
  0x000000000b151000 JavaThread "listenerPool0-thread21" daemon [_thread_blocked, id=1716, stack(0x000000000cdf0000,0x000000000cef0000)]
  0x000000000b0cf800 JavaThread "listenerPool0-thread20" daemon [_thread_in_native, id=3292, stack(0x000000000ccf0000,0x000000000cdf0000)]
  0x000000000b0d0000 JavaThread "listenerPool0-thread19" daemon [_thread_blocked, id=6980, stack(0x000000000cbf0000,0x000000000ccf0000)]
  0x000000000b0d1800 JavaThread "listenerPool0-thread18" daemon [_thread_blocked, id=3768, stack(0x000000000caf0000,0x000000000cbf0000)]
  0x000000000b0d1000 JavaThread "listenerPool0-thread17" daemon [_thread_blocked, id=2924, stack(0x000000000c9f0000,0x000000000caf0000)]
  0x000000000b0d2800 JavaThread "listenerPool0-thread16" daemon [_thread_in_native, id=8744, stack(0x000000000c8f0000,0x000000000c9f0000)]
  0x000000000b0cb800 JavaThread "listenerPool0-thread15" daemon [_thread_blocked, id=7232, stack(0x000000000c7f0000,0x000000000c8f0000)]
  0x000000000b0ce000 JavaThread "listenerPool0-thread14" daemon [_thread_blocked, id=7836, stack(0x000000000c6f0000,0x000000000c7f0000)]
  0x000000000b0ce800 JavaThread "listenerPool0-thread13" daemon [_thread_blocked, id=9508, stack(0x000000000c5f0000,0x000000000c6f0000)]
  0x000000000b0cc800 JavaThread "listenerPool0-thread12" daemon [_thread_in_native, id=7432, stack(0x000000000c4f0000,0x000000000c5f0000)]
  0x000000000b0cd000 JavaThread "listenerPool0-thread11" daemon [_thread_blocked, id=11092, stack(0x000000000c3f0000,0x000000000c4f0000)]
  0x000000000b04a800 JavaThread "listenerPool0-thread10" daemon [_thread_blocked, id=1672, stack(0x000000000c2f0000,0x000000000c3f0000)]
  0x000000000b0d5800 JavaThread "listenerPool0-thread9" daemon [_thread_blocked, id=10056, stack(0x000000000c1f0000,0x000000000c2f0000)]
  0x000000000abcc000 JavaThread "listenerPool0-thread8" daemon [_thread_blocked, id=7012, stack(0x000000000c0f0000,0x000000000c1f0000)]
  0x000000000b47b800 JavaThread "listenerPool0-thread7" daemon [_thread_blocked, id=9564, stack(0x000000000bff0000,0x000000000c0f0000)]
  0x000000000ac8e800 JavaThread "listenerPool0-thread6" daemon [_thread_blocked, id=6080, stack(0x000000000bef0000,0x000000000bff0000)]
  0x000000000adb3000 JavaThread "listenerPool0-thread5" daemon [_thread_blocked, id=5876, stack(0x000000000bdf0000,0x000000000bef0000)]
  0x000000000adce800 JavaThread "listenerPool0-thread4" daemon [_thread_blocked, id=5452, stack(0x000000000bcf0000,0x000000000bdf0000)]
  0x000000000b1b0000 JavaThread "listenerPool0-thread3" daemon [_thread_blocked, id=10180, stack(0x000000000bbf0000,0x000000000bcf0000)]
  0x000000000adc8000 JavaThread "listenerPool0-thread2" daemon [_thread_blocked, id=10196, stack(0x000000000baf0000,0x000000000bbf0000)]
  0x000000000b401000 JavaThread "listenerPool0-thread1" daemon [_thread_blocked, id=6428, stack(0x000000000b9f0000,0x000000000baf0000)]
  0x000000000aa18000 JavaThread "Monitor Ctrl-Break" daemon [_thread_in_native, id=1700, stack(0x000000000ae50000,0x000000000af50000)]
  0x0000000009697000 JavaThread "Service Thread" daemon [_thread_blocked, id=8692, stack(0x000000000a7e0000,0x000000000a8e0000)]
  0x000000000968b000 JavaThread "C2 CompilerThread1" daemon [_thread_blocked, id=8328, stack(0x000000000a6e0000,0x000000000a7e0000)]
  0x000000000967f000 JavaThread "C2 CompilerThread0" daemon [_thread_blocked, id=10760, stack(0x000000000a5e0000,0x000000000a6e0000)]
  0x000000000967d000 JavaThread "Attach Listener" daemon [_thread_blocked, id=6948, stack(0x000000000a4e0000,0x000000000a5e0000)]
  0x000000000967b800 JavaThread "Signal Dispatcher" daemon [_thread_blocked, id=10484, stack(0x000000000a3e0000,0x000000000a4e0000)]
  0x000000000964a000 JavaThread "Finalizer" daemon [_thread_blocked, id=2896, stack(0x000000000a2e0000,0x000000000a3e0000)]
  0x000000000963f000 JavaThread "Reference Handler" daemon [_thread_blocked, id=8088, stack(0x000000000a1e0000,0x000000000a2e0000)]
  0x0000000000f0e000 JavaThread "main" [_thread_in_native, id=3544, stack(0x0000000002670000,0x0000000002770000)]

Other Threads:
  0x000000000963c800 VMThread [stack: 0x000000000a0e0000,0x000000000a1e0000] [id=7732]
  0x00000000096a2000 WatcherThread [stack: 0x000000000a8e0000,0x000000000a9e0000] [id=6276]

VM state:not at safepoint (normal execution)

VM Mutex/Monitor currently owned by a thread: None

Heap
 PSYoungGen      total 28672K, used 22693K [0x00000000e0800000, 0x00000000e2780000, 0x0000000100000000)
  eden space 25088K, 76% used [0x00000000e0800000,0x00000000e1aaa2d8,0x00000000e2080000)
  from space 3584K, 99% used [0x00000000e2080000,0x00000000e23ff258,0x00000000e2400000)
  to   space 3584K, 0% used [0x00000000e2400000,0x00000000e2400000,0x00000000e2780000)
 ParOldGen       total 64512K, used 332K [0x00000000a1800000, 0x00000000a5700000, 0x00000000e0800000)
  object space 64512K, 0% used [0x00000000a1800000,0x00000000a18530a8,0x00000000a5700000)
 PSPermGen       total 21504K, used 8913K [0x000000009c600000, 0x000000009db00000, 0x00000000a1800000)
  object space 21504K, 41% used [0x000000009c600000,0x000000009ceb44d8,0x000000009db00000)

Card table byte_map: [0x0000000005930000,0x0000000005c50000] byte_map_base: 0x000000000544d000

Polling page: 0x0000000000e70000

Code Cache  [0x0000000002870000, 0x0000000002ae0000, 0x0000000005870000)
 total_blobs=345 nmethods=74 adapters=224 free_code_cache=48488Kb largest_free_block=49630272

Compilation events (10 events):
Event: 25.115 Thread 0x000000000967f000   69             java.util.HashMap::hash (55 bytes)
Event: 25.116 Thread 0x000000000967f000 nmethod 69 0x0000000002914e10 code [0x0000000002914f60, 0x0000000002915088]
Event: 29.690 Thread 0x000000000968b000   70             java.lang.Class::searchMethods (90 bytes)
Event: 29.693 Thread 0x000000000968b000 nmethod 70 0x0000000002902810 code [0x00000000029029a0, 0x0000000002902bc0]
Event: 30.580 Thread 0x000000000967f000   71             java.util.HashMap::put (142 bytes)
Event: 30.593 Thread 0x000000000967f000 nmethod 71 0x00000000029138d0 code [0x0000000002913b00, 0x00000000029144b0]
Event: 41.245 Thread 0x000000000968b000   72   !         org.sqlite.SQLiteConfig::apply (235 bytes)
Event: 41.260 Thread 0x000000000968b000 nmethod 72 0x0000000002917950 code [0x0000000002917b80, 0x0000000002918320]
Event: 42.255 Thread 0x000000000967f000   73             sun.nio.cs.UTF_8$Decoder::decodeArrayLoop (543 bytes)
Event: 42.270 Thread 0x000000000967f000 nmethod 73 0x0000000002916210 code [0x0000000002916420, 0x0000000002916f18]

GC Heap History (2 events):
Event: 3.537 GC heap before
{Heap before GC invocations=1 (full 0):
 PSYoungGen      total 28672K, used 25088K [0x00000000e0800000, 0x00000000e2780000, 0x0000000100000000)
  eden space 25088K, 100% used [0x00000000e0800000,0x00000000e2080000,0x00000000e2080000)
  from space 3584K, 0% used [0x00000000e2400000,0x00000000e2400000,0x00000000e2780000)
  to   space 3584K, 0% used [0x00000000e2080000,0x00000000e2080000,0x00000000e2400000)
 ParOldGen       total 64512K, used 0K [0x00000000a1800000, 0x00000000a5700000, 0x00000000e0800000)
  object space 64512K, 0% used [0x00000000a1800000,0x00000000a1800000,0x00000000a5700000)
 PSPermGen       total 21504K, used 8477K [0x000000009c600000, 0x000000009db00000, 0x00000000a1800000)
  object space 21504K, 39% used [0x000000009c600000,0x000000009ce47670,0x000000009db00000)
Event: 3.546 GC heap after
Heap after GC invocations=1 (full 0):
 PSYoungGen      total 28672K, used 3580K [0x00000000e0800000, 0x00000000e2780000, 0x0000000100000000)
  eden space 25088K, 0% used [0x00000000e0800000,0x00000000e0800000,0x00000000e2080000)
  from space 3584K, 99% used [0x00000000e2080000,0x00000000e23ff258,0x00000000e2400000)
  to   space 3584K, 0% used [0x00000000e2400000,0x00000000e2400000,0x00000000e2780000)
 ParOldGen       total 64512K, used 332K [0x00000000a1800000, 0x00000000a5700000, 0x00000000e0800000)
  object space 64512K, 0% used [0x00000000a1800000,0x00000000a18530a8,0x00000000a5700000)
 PSPermGen       total 21504K, used 8477K [0x000000009c600000, 0x000000009db00000, 0x00000000a1800000)
  object space 21504K, 39% used [0x000000009c600000,0x000000009ce47670,0x000000009db00000)
}

Deoptimization events (7 events):
Event: 1.878 Thread 0x0000000000f0e000 Uncommon trap: reason=unreached action=reinterpret pc=0x00000000028ef878 method=sun.misc.URLClassPath$JarLoader.ensureOpen()V @ 4
Event: 1.904 Thread 0x0000000000f0e000 Uncommon trap: reason=class_check action=maybe_recompile pc=0x00000000028d2dc0 method=java.util.Properties$LineReader.readLine()I @ 62
Event: 1.904 Thread 0x0000000000f0e000 Uncommon trap: reason=class_check action=maybe_recompile pc=0x00000000028d2dc0 method=java.util.Properties$LineReader.readLine()I @ 62
Event: 2.061 Thread 0x0000000000f0e000 Uncommon trap: reason=unloaded action=reinterpret pc=0x00000000028f2ae4 method=org.sqlite.SQLiteJDBCLoader.md5sum(Ljava/io/InputStream;)Ljava/lang/String; @ 35
Event: 2.062 Thread 0x0000000000f0e000 Uncommon trap: reason=unreached action=reinterpret pc=0x00000000028e6df0 method=sun.security.provider.DigestBase.engineUpdate(B)V @ 4
Event: 3.518 Thread 0x0000000000f0e000 Uncommon trap: reason=unloaded action=reinterpret pc=0x00000000028e852c method=java.util.ArrayList.rangeCheck(I)V @ 8
Event: 42.260 Thread 0x0000000000f0e000 Uncommon trap: reason=unreached action=reinterpret pc=0x000000000291432c method=java.util.HashMap.addEntry(ILjava/lang/Object;Ljava/lang/Object;I)V @ 19

Internal exceptions (10 events):
Event: 42.270 Thread 0x0000000000f0e000 Threw 0x00000000e1087be8 at C:\re\jdk7u51\527\hotspot\src\share\vm\prims\jvm.cpp:1244
Event: 42.271 Thread 0x0000000000f0e000 Threw 0x00000000e108cea8 at C:\re\jdk7u51\527\hotspot\src\share\vm\prims\jvm.cpp:1244
Event: 42.272 Thread 0x0000000000f0e000 Threw 0x00000000e1092a88 at C:\re\jdk7u51\527\hotspot\src\share\vm\prims\jvm.cpp:1244
Event: 42.272 Thread 0x0000000000f0e000 Threw 0x00000000e1098008 at C:\re\jdk7u51\527\hotspot\src\share\vm\prims\jvm.cpp:1244
Event: 42.273 Thread 0x0000000000f0e000 Threw 0x00000000e109d398 at C:\re\jdk7u51\527\hotspot\src\share\vm\prims\jvm.cpp:1244
Event: 42.273 Thread 0x0000000000f0e000 Threw 0x00000000e10a2958 at C:\re\jdk7u51\527\hotspot\src\share\vm\prims\jvm.cpp:1244
Event: 42.274 Thread 0x0000000000f0e000 Threw 0x00000000e10a80c8 at C:\re\jdk7u51\527\hotspot\src\share\vm\prims\jvm.cpp:1244
Event: 42.274 Thread 0x0000000000f0e000 Threw 0x00000000e10acc40 at C:\re\jdk7u51\527\hotspot\src\share\vm\prims\jvm.cpp:1244
Event: 42.275 Thread 0x0000000000f0e000 Threw 0x00000000e15e7138 at C:\re\jdk7u51\527\hotspot\src\share\vm\prims\jvm.cpp:1244
Event: 42.276 Thread 0x0000000000f0e000 Threw 0x00000000e15ebd70 at C:\re\jdk7u51\527\hotspot\src\share\vm\prims\jvm.cpp:1244

Events (10 events):
Event: 42.280 Thread 0x000000000ac4b800 Thread added: 0x000000000ac4b800
Event: 42.280 Thread 0x000000000ac4a000 Thread added: 0x000000000ac4a000
Event: 42.293 Executing VM operation: RevokeBias
Event: 42.300 Executing VM operation: RevokeBias done
Event: 42.312 Executing VM operation: RevokeBias
Event: 42.313 Executing VM operation: RevokeBias done
Event: 42.315 Executing VM operation: RevokeBias
Event: 42.315 Executing VM operation: RevokeBias done
Event: 42.316 Executing VM operation: RevokeBias
Event: 42.316 Executing VM operation: RevokeBias done


Dynamic libraries:
0x00007ff7ff740000 - 0x00007ff7ff773000 	C:\Program Files\Java\jdk1.7.0_51\bin\java.exe
0x00007ffa39b10000 - 0x00007ffa39cba000 	C:\WINDOWS\SYSTEM32\ntdll.dll
0x00007ffa392d0000 - 0x00007ffa3940a000 	C:\WINDOWS\system32\KERNEL32.DLL
0x00007ffa37180000 - 0x00007ffa3728f000 	C:\WINDOWS\system32\KERNELBASE.dll
0x00007ffa35ab0000 - 0x00007ffa35b38000 	C:\WINDOWS\system32\apphelp.dll
0x00007ffa2af10000 - 0x00007ffa2af5f000 	C:\WINDOWS\AppPatch\AppPatch64\AcGenral.DLL
0x00007ffa39800000 - 0x00007ffa398a7000 	C:\WINDOWS\system32\msvcrt.dll
0x00007ffa36d30000 - 0x00007ffa36d5b000 	C:\WINDOWS\SYSTEM32\SspiCli.dll
0x00007ffa39410000 - 0x00007ffa39461000 	C:\WINDOWS\system32\SHLWAPI.dll
0x00007ffa39150000 - 0x00007ffa392c1000 	C:\WINDOWS\system32\USER32.dll
0x00007ffa38ec0000 - 0x00007ffa39038000 	C:\WINDOWS\system32\ole32.dll
0x00007ffa37670000 - 0x00007ffa38a90000 	C:\WINDOWS\system32\SHELL32.dll
0x00007ffa36510000 - 0x00007ffa3652e000 	C:\WINDOWS\SYSTEM32\USERENV.dll
0x00007ffa390a0000 - 0x00007ffa39145000 	C:\WINDOWS\system32\ADVAPI32.dll
0x00007ffa30fa0000 - 0x00007ffa30fbb000 	C:\WINDOWS\SYSTEM32\MPR.dll
0x00007ffa37530000 - 0x00007ffa37666000 	C:\WINDOWS\system32\RPCRT4.dll
0x00007ffa38cd0000 - 0x00007ffa38d27000 	C:\WINDOWS\SYSTEM32\sechost.dll
0x00007ffa38a90000 - 0x00007ffa38c66000 	C:\WINDOWS\SYSTEM32\combase.dll
0x00007ffa396b0000 - 0x00007ffa397f4000 	C:\WINDOWS\system32\GDI32.dll
0x00007ffa36e80000 - 0x00007ffa36e94000 	C:\WINDOWS\SYSTEM32\profapi.dll
0x00007ffa35780000 - 0x00007ffa3581f000 	C:\WINDOWS\SYSTEM32\SHCORE.dll
0x00007ffa39490000 - 0x00007ffa394c4000 	C:\WINDOWS\system32\IMM32.DLL
0x00007ffa373f0000 - 0x00007ffa37529000 	C:\WINDOWS\system32\MSCTF.dll
0x00007ffa350b0000 - 0x00007ffa3530a000 	C:\WINDOWS\WinSxS\amd64_microsoft.windows.common-controls_6595b64144ccf1df_6.0.9600.17031_none_6242a4b3ecbb55a1\COMCTL32.dll
0x000000005ebf0000 - 0x000000005ecc2000 	C:\Program Files\Java\jdk1.7.0_51\jre\bin\msvcr100.dll
0x000000005e420000 - 0x000000005ebe9000 	C:\Program Files\Java\jdk1.7.0_51\jre\bin\server\jvm.dll
0x00007ffa32900000 - 0x00007ffa32909000 	C:\WINDOWS\SYSTEM32\WSOCK32.dll
0x00007ffa2fd70000 - 0x00007ffa2fd8f000 	C:\WINDOWS\SYSTEM32\WINMM.dll
0x00007ffa38eb0000 - 0x00007ffa38eb7000 	C:\WINDOWS\system32\PSAPI.DLL
0x00007ffa39040000 - 0x00007ffa39098000 	C:\WINDOWS\system32\WS2_32.dll
0x00007ffa2fd20000 - 0x00007ffa2fd4a000 	C:\WINDOWS\SYSTEM32\WINMMBASE.dll
0x00007ffa38d40000 - 0x00007ffa38d49000 	C:\WINDOWS\system32\NSI.dll
0x00007ffa37340000 - 0x00007ffa3738a000 	C:\WINDOWS\SYSTEM32\cfgmgr32.dll
0x00007ffa35d00000 - 0x00007ffa35d26000 	C:\WINDOWS\SYSTEM32\DEVOBJ.dll
0x000000005e410000 - 0x000000005e41f000 	C:\Program Files\Java\jdk1.7.0_51\jre\bin\verify.dll
0x000000005e3e0000 - 0x000000005e408000 	C:\Program Files\Java\jdk1.7.0_51\jre\bin\java.dll
0x000000005e3c0000 - 0x000000005e3d5000 	C:\Program Files\Java\jdk1.7.0_51\jre\bin\zip.dll
0x00007ffa2de00000 - 0x00007ffa2de10000 	C:\Program Files (x86)\JetBrains\IntelliJ IDEA Community Edition 13.0.2\bin\breakgen64.dll
0x000000005e3a0000 - 0x000000005e3b9000 	C:\Program Files\Java\jdk1.7.0_51\jre\bin\net.dll
0x00007ffa367b0000 - 0x00007ffa36808000 	C:\WINDOWS\system32\mswsock.dll
0x000000005e380000 - 0x000000005e391000 	C:\Program Files\Java\jdk1.7.0_51\jre\bin\nio.dll
0x00007ffa365c0000 - 0x00007ffa36663000 	C:\WINDOWS\SYSTEM32\DNSAPI.dll
0x00000000609f0000 - 0x0000000060a25000 	C:\Program Files\Bonjour\mdnsNSP.dll
0x00007ffa32570000 - 0x00007ffa32599000 	C:\WINDOWS\SYSTEM32\Iphlpapi.DLL
0x00007ffa322a0000 - 0x00007ffa322aa000 	C:\WINDOWS\SYSTEM32\WINNSI.DLL
0x00007ffa2ede0000 - 0x00007ffa2ede9000 	C:\Windows\System32\rasadhlp.dll
0x00007ffa31ac0000 - 0x00007ffa31b28000 	C:\WINDOWS\System32\fwpuclnt.dll
0x0000000069340000 - 0x00000000693c5000 	C:\Users\Matthew\AppData\Local\Temp\sqlite-3.7.2-sqlitejdbc.dll
0x00007ffa36810000 - 0x00007ffa3682e000 	C:\WINDOWS\SYSTEM32\CRYPTSP.dll
0x00007ffa36400000 - 0x00007ffa36435000 	C:\WINDOWS\system32\rsaenh.dll
0x00007ffa36a40000 - 0x00007ffa36a66000 	C:\WINDOWS\SYSTEM32\bcrypt.dll
0x00007ffa36d60000 - 0x00007ffa36dc0000 	C:\WINDOWS\system32\bcryptprimitives.dll
0x00007ffa36dc0000 - 0x00007ffa36dca000 	C:\WINDOWS\SYSTEM32\CRYPTBASE.dll
0x00007ffa2d370000 - 0x00007ffa2d384000 	C:\WINDOWS\system32\napinsp.dll
0x00007ffa2d390000 - 0x00007ffa2d3a9000 	C:\WINDOWS\system32\pnrpnsp.dll
0x00007ffa32db0000 - 0x00007ffa32dc9000 	C:\WINDOWS\system32\NLAapi.dll
0x00007ffa2d5c0000 - 0x00007ffa2d5cc000 	C:\WINDOWS\System32\winrnr.dll
0x00007ffa2d3b0000 - 0x00007ffa2d3c3000 	C:\WINDOWS\system32\wshbth.dll
0x00007ffa2ab30000 - 0x00007ffa2acb8000 	C:\WINDOWS\SYSTEM32\dbghelp.dll

VM Arguments:
jvm_args: -Didea.launcher.port=7534 -Didea.launcher.bin.path=C:\Program Files (x86)\JetBrains\IntelliJ IDEA Community Edition 13.0.2\bin -Dfile.encoding=UTF-8 
java_command: com.intellij.rt.execution.application.AppMain mattmc.mankini.MankiniBot
Launcher Type: SUN_STANDARD

Environment Variables:
JAVA_HOME=C:\Program Files\Java\jdk1.7.0_51
PATH=C:\Program Files (x86)\AMD APP\bin\x86_64;C:\Program Files (x86)\AMD APP\bin\x86;C:\WINDOWS\system32;C:\WINDOWS;C:\WINDOWS\System32\Wbem;C:\WINDOWS\System32\WindowsPowerShell\v1.0\;C:\Program Files (x86)\ATI Technologies\ATI.ACE\Core-Static;C:\Program Files\apache-maven-3.1.1\bin;C:\Program Files (x86)\Git\cmd;C:\Program Files (x86)\scala\bin;C:\Program Files\adb\;C:\Program Files (x86)\Windows Live\Shared;C:\Program Files\Perl\bin\
USERNAME=Matthew
OS=Windows_NT
PROCESSOR_IDENTIFIER=Intel64 Family 6 Model 23 Stepping 6, GenuineIntel



---------------  S Y S T E M  ---------------

OS: Windows 8 , 64 bit Build 9200 

CPU:total 2 (2 cores per cpu, 1 threads per core) family 6 model 23 stepping 6, cmov, cx8, fxsr, mmx, sse, sse2, sse3, ssse3, sse4.1, tsc

Memory: 4k page, physical 6184968k(1735400k free), swap 16405400k(5414360k free)

vm_info: Java HotSpot(TM) 64-Bit Server VM (24.51-b03) for windows-amd64 JRE (1.7.0_51-b13), built on Dec 18 2013 18:40:56 by "java_re" with unknown MS VC++:1600

time: Sat Jul 12 14:48:56 2014
elapsed time: 42 seconds

