#
# A fatal error has been detected by the Java Runtime Environment:
#
#  EXCEPTION_ACCESS_VIOLATION (0xc0000005) at pc=0x00000000693878bd, pid=7088, tid=10596
#
# JRE version: Java(TM) SE Runtime Environment (7.0_51-b13) (build 1.7.0_51-b13)
# Java VM: Java HotSpot(TM) 64-Bit Server VM (24.51-b03 mixed mode windows-amd64 compressed oops)
# Problematic frame:
# C  [sqlite-3.7.2-sqlitejdbc.dll+0x478bd]
#
# Failed to write core dump. Minidumps are not enabled by default on client versions of Windows
#
# If you would like to submit a bug report, please visit:
#   http://bugreport.sun.com/bugreport/crash.jsp
# The crash happened outside the Java Virtual Machine in native code.
# See problematic frame for where to report the bug.
#

---------------  T H R E A D  ---------------

Current thread (0x000000000ac7d000):  JavaThread "Thread-0" [_thread_in_native, id=10596, stack(0x000000000cf70000,0x000000000d070000)]

siginfo: ExceptionCode=0xc0000005, reading address 0x0000000000000058

Registers:
RAX=0x0000000000000000, RBX=0x0000000000c2ade8, RCX=0x0000000000c2ade8, RDX=0x000000000d06f2a0
RSP=0x000000000d06f1f0, RBP=0x000000000d06f2e0, RSI=0x0000000000000000, RDI=0x0000000002766274
R8 =0x0000000000c2ade8, R9 =0x000000000b1b9700, R10=0x0000000000000000, R11=0x0000000000000287
R12=0x0000000000000000, R13=0x000000000d06f2d0, R14=0x000000000d06f2a0, R15=0x000000000ac7d000
RIP=0x00000000693878bd, EFLAGS=0x0000000000010206

Top of Stack: (sp=0x000000000d06f1f0)
0x000000000d06f1f0:   000000000b3727b8 000000000ac7d000
0x000000000d06f200:   000000000d06f2d0 000000000d06f208
0x000000000d06f210:   000000000b2c75b0 000000005e5fff89
0x000000000d06f220:   000000000d06f778 000000000ac7d000
0x000000000d06f230:   000000009ce85f60 00000000e1a9a798
0x000000000d06f240:   000000009c6a2348 00000000693422a5
0x000000000d06f250:   000000000ac7d000 00000000e1a9a798
0x000000000d06f260:   000000009c6a2348 00000000e1a9b098
0x000000000d06f270:   0000000000c2ade8 000000000280a8df
0x000000000d06f280:   000000009ccc0da6 0000000000c2ade8
0x000000000d06f290:   000000009ccd22d8 000000000d06f298
0x000000000d06f2a0:   00000000e1a9a798 000000000d06f2e8
0x000000000d06f2b0:   000000009cd36370 000000009ceb21a8
0x000000000d06f2c0:   000000009cd220c8 0000000000000000
0x000000000d06f2d0:   0000000000000003 00000000e0bf4848
0x000000000d06f2e0:   000000000d06f350 0000000002766274 

Instructions: (pc=0x00000000693878bd)
0x000000006938789d:   48 8b 7c 24 30 48 83 c4 38 c3 56 53 48 83 ec 48
0x00000000693878ad:   48 89 cb be 00 00 00 00 48 85 c9 74 5f 48 8b 01
0x00000000693878bd:   48 8b 48 58 e8 8f c0 fb ff 48 89 d9 e8 4c fa ff
0x00000000693878cd:   ff 89 c6 c7 44 24 30 00 00 00 00 c7 44 24 28 00 


Register to memory mapping:

RAX=0x0000000000000000 is an unknown value
RBX=0x0000000000c2ade8 is an unknown value
RCX=0x0000000000c2ade8 is an unknown value
RDX=0x000000000d06f2a0 is pointing into the stack for thread: 0x000000000ac7d000
RSP=0x000000000d06f1f0 is pointing into the stack for thread: 0x000000000ac7d000
RBP=0x000000000d06f2e0 is pointing into the stack for thread: 0x000000000ac7d000
RSI=0x0000000000000000 is an unknown value
RDI=0x0000000002766274 is at code_begin+2900 in an Interpreter codelet
return entry points  [0x0000000002765720, 0x0000000002767520]  7680 bytes
R8 =0x0000000000c2ade8 is an unknown value
R9 =0x000000000b1b9700 is an unknown value
R10=0x0000000000000000 is an unknown value
R11=0x0000000000000287 is an unknown value
R12=0x0000000000000000 is an unknown value
R13=0x000000000d06f2d0 is pointing into the stack for thread: 0x000000000ac7d000
R14=0x000000000d06f2a0 is pointing into the stack for thread: 0x000000000ac7d000
R15=0x000000000ac7d000 is a thread


Stack: [0x000000000cf70000,0x000000000d070000],  sp=0x000000000d06f1f0,  free space=1020k
Native frames: (J=compiled Java code, j=interpreted, Vv=VM code, C=native code)
C  [sqlite-3.7.2-sqlitejdbc.dll+0x478bd]
j  org.sqlite.RS.close()V+76
j  org.sqlite.PrepStmt.executeQuery()Ljava/sql/ResultSet;+25
j  mattmc.mankini.module.ModuleKinis.userExists(Ljava/lang/String;)Z+31
j  mattmc.mankini.module.ModuleKinis.addKinis(Ljava/lang/String;I)V+2
j  mattmc.mankini.module.ModuleKinis.autoTickAddKikis(Lorg/pircbotx/hooks/events/MessageEvent;)V+42
j  mattmc.mankini.module.ModuleKinis.access$100(Lmattmc/mankini/module/ModuleKinis;Lorg/pircbotx/hooks/events/MessageEvent;)V+2
j  mattmc.mankini.module.ModuleKinis$1.run()V+27
v  ~StubRoutines::call_stub
V  [jvm.dll+0x1cb2b3]

Java frames: (J=compiled Java code, j=interpreted, Vv=VM code)
J  org.sqlite.NativeDB.reset(J)I
j  org.sqlite.RS.close()V+76
j  org.sqlite.PrepStmt.executeQuery()Ljava/sql/ResultSet;+25
j  mattmc.mankini.module.ModuleKinis.userExists(Ljava/lang/String;)Z+31
j  mattmc.mankini.module.ModuleKinis.addKinis(Ljava/lang/String;I)V+2
j  mattmc.mankini.module.ModuleKinis.autoTickAddKikis(Lorg/pircbotx/hooks/events/MessageEvent;)V+42
j  mattmc.mankini.module.ModuleKinis.access$100(Lmattmc/mankini/module/ModuleKinis;Lorg/pircbotx/hooks/events/MessageEvent;)V+2
j  mattmc.mankini.module.ModuleKinis$1.run()V+27
v  ~StubRoutines::call_stub

---------------  P R O C E S S  ---------------

Java Threads: ( => current thread )
  0x000000000ac7b800 JavaThread "listenerPool0-thread41" daemon [_thread_blocked, id=8044, stack(0x000000000c090000,0x000000000c190000)]
  0x000000000ac7b000 JavaThread "listenerPool0-thread40" daemon [_thread_blocked, id=5152, stack(0x000000000bf90000,0x000000000c090000)]
  0x000000000ac7a000 JavaThread "listenerPool0-thread39" daemon [_thread_blocked, id=9556, stack(0x000000000be90000,0x000000000bf90000)]
  0x000000000ac78000 JavaThread "listenerPool0-thread38" daemon [_thread_blocked, id=10760, stack(0x000000000bd90000,0x000000000be90000)]
  0x000000000ac79800 JavaThread "listenerPool0-thread37" daemon [_thread_blocked, id=1716, stack(0x000000000bc90000,0x000000000bd90000)]
  0x000000000ac76800 JavaThread "listenerPool0-thread36" daemon [_thread_blocked, id=5972, stack(0x000000000bb90000,0x000000000bc90000)]
  0x000000000ac77000 JavaThread "listenerPool0-thread35" daemon [_thread_blocked, id=9536, stack(0x000000000b990000,0x000000000ba90000)]
  0x000000000ac78800 JavaThread "listenerPool0-thread28" daemon [_thread_in_native, id=11228, stack(0x000000000ba90000,0x000000000bb90000)]
=>0x000000000ac7d000 JavaThread "Thread-0" [_thread_in_native, id=10596, stack(0x000000000cf70000,0x000000000d070000)]
  0x000000000a8f8000 JavaThread "Monitor Ctrl-Break" daemon [_thread_in_native, id=8704, stack(0x000000000acc0000,0x000000000adc0000)]
  0x0000000009582800 JavaThread "Service Thread" daemon [_thread_blocked, id=10332, stack(0x000000000a6c0000,0x000000000a7c0000)]
  0x0000000009574000 JavaThread "C2 CompilerThread1" daemon [_thread_blocked, id=10588, stack(0x000000000a5c0000,0x000000000a6c0000)]
  0x0000000009570000 JavaThread "C2 CompilerThread0" daemon [_thread_blocked, id=10536, stack(0x000000000a4c0000,0x000000000a5c0000)]
  0x000000000956e000 JavaThread "Attach Listener" daemon [_thread_blocked, id=7104, stack(0x000000000a3c0000,0x000000000a4c0000)]
  0x000000000956a800 JavaThread "Signal Dispatcher" daemon [_thread_blocked, id=4704, stack(0x000000000a2c0000,0x000000000a3c0000)]
  0x000000000953a000 JavaThread "Finalizer" daemon [_thread_blocked, id=10248, stack(0x000000000a1c0000,0x000000000a2c0000)]
  0x000000000952f000 JavaThread "Reference Handler" daemon [_thread_blocked, id=4760, stack(0x000000000a0c0000,0x000000000a1c0000)]
  0x000000000265e000 JavaThread "main" [_thread_in_native, id=8356, stack(0x0000000002480000,0x0000000002580000)]

Other Threads:
  0x000000000952c800 VMThread [stack: 0x0000000009fc0000,0x000000000a0c0000] [id=9040]
  0x000000000958b800 WatcherThread [stack: 0x000000000a7c0000,0x000000000a8c0000] [id=10864]

VM state:not at safepoint (normal execution)

VM Mutex/Monitor currently owned by a thread: None

Heap
 PSYoungGen      total 28672K, used 22648K [0x00000000e0800000, 0x00000000e2780000, 0x0000000100000000)
  eden space 25088K, 76% used [0x00000000e0800000,0x00000000e1aa2a40,0x00000000e2080000)
  from space 3584K, 99% used [0x00000000e2080000,0x00000000e23fb658,0x00000000e2400000)
  to   space 3584K, 0% used [0x00000000e2400000,0x00000000e2400000,0x00000000e2780000)
 ParOldGen       total 64512K, used 354K [0x00000000a1800000, 0x00000000a5700000, 0x00000000e0800000)
  object space 64512K, 0% used [0x00000000a1800000,0x00000000a1858968,0x00000000a5700000)
 PSPermGen       total 21504K, used 8957K [0x000000009c600000, 0x000000009db00000, 0x00000000a1800000)
  object space 21504K, 41% used [0x000000009c600000,0x000000009cebf5b8,0x000000009db00000)

Card table byte_map: [0x0000000005820000,0x0000000005b40000] byte_map_base: 0x000000000533d000

Polling page: 0x0000000002580000

Code Cache  [0x0000000002760000, 0x00000000029d0000, 0x0000000005760000)
 total_blobs=375 nmethods=104 adapters=224 free_code_cache=48482Kb largest_free_block=49624064

Compilation events (10 events):
Event: 291.809 Thread 0x0000000009574000   99             java.lang.String::substring (79 bytes)
Event: 291.812 Thread 0x0000000009574000 nmethod 99 0x0000000002808350 code [0x00000000028084a0, 0x00000000028087d8]
Event: 292.109 Thread 0x0000000009574000  101             java.lang.Math::min (46 bytes)
Event: 292.110 Thread 0x0000000009574000 nmethod 101 0x0000000002805cd0 code [0x0000000002805e20, 0x0000000002805eb8]
Event: 295.272 Thread 0x0000000009574000  102  s          java.util.Hashtable::get (70 bytes)
Event: 295.277 Thread 0x0000000009574000 nmethod 102 0x0000000002806250 code [0x00000000028063a0, 0x0000000002806978]
Event: 297.993 Thread 0x0000000009570000  103             java.util.HashMap$HashIterator::<init> (63 bytes)
Event: 297.997 Thread 0x0000000009570000 nmethod 103 0x00000000028058d0 code [0x0000000002805a00, 0x0000000002805bd8]
Event: 298.092 Thread 0x0000000009574000  104             java.util.HashMap$HashIterator::nextEntry (99 bytes)
Event: 298.096 Thread 0x0000000009574000 nmethod 104 0x00000000027d9c50 code [0x00000000027d9da0, 0x00000000027d9fb8]

GC Heap History (2 events):
Event: 3.413 GC heap before
{Heap before GC invocations=1 (full 0):
 PSYoungGen      total 28672K, used 25088K [0x00000000e0800000, 0x00000000e2780000, 0x0000000100000000)
  eden space 25088K, 100% used [0x00000000e0800000,0x00000000e2080000,0x00000000e2080000)
  from space 3584K, 0% used [0x00000000e2400000,0x00000000e2400000,0x00000000e2780000)
  to   space 3584K, 0% used [0x00000000e2080000,0x00000000e2080000,0x00000000e2400000)
 ParOldGen       total 64512K, used 0K [0x00000000a1800000, 0x00000000a5700000, 0x00000000e0800000)
  object space 64512K, 0% used [0x00000000a1800000,0x00000000a1800000,0x00000000a5700000)
 PSPermGen       total 21504K, used 8477K [0x000000009c600000, 0x000000009db00000, 0x00000000a1800000)
  object space 21504K, 39% used [0x000000009c600000,0x000000009ce47468,0x000000009db00000)
Event: 3.422 GC heap after
Heap after GC invocations=1 (full 0):
 PSYoungGen      total 28672K, used 3565K [0x00000000e0800000, 0x00000000e2780000, 0x0000000100000000)
  eden space 25088K, 0% used [0x00000000e0800000,0x00000000e0800000,0x00000000e2080000)
  from space 3584K, 99% used [0x00000000e2080000,0x00000000e23fb658,0x00000000e2400000)
  to   space 3584K, 0% used [0x00000000e2400000,0x00000000e2400000,0x00000000e2780000)
 ParOldGen       total 64512K, used 354K [0x00000000a1800000, 0x00000000a5700000, 0x00000000e0800000)
  object space 64512K, 0% used [0x00000000a1800000,0x00000000a1858968,0x00000000a5700000)
 PSPermGen       total 21504K, used 8477K [0x000000009c600000, 0x000000009db00000, 0x00000000a1800000)
  object space 21504K, 39% used [0x000000009c600000,0x000000009ce47468,0x000000009db00000)
}

Deoptimization events (7 events):
Event: 1.684 Thread 0x000000000265e000 Uncommon trap: reason=unreached action=reinterpret pc=0x00000000027d9718 method=sun.misc.URLClassPath$JarLoader.ensureOpen()V @ 4
Event: 1.713 Thread 0x000000000265e000 Uncommon trap: reason=class_check action=maybe_recompile pc=0x00000000027c6400 method=java.util.Properties$LineReader.readLine()I @ 62
Event: 1.713 Thread 0x000000000265e000 Uncommon trap: reason=class_check action=maybe_recompile pc=0x00000000027c6400 method=java.util.Properties$LineReader.readLine()I @ 62
Event: 1.875 Thread 0x000000000265e000 Uncommon trap: reason=unloaded action=reinterpret pc=0x00000000027d3824 method=org.sqlite.SQLiteJDBCLoader.md5sum(Ljava/io/InputStream;)Ljava/lang/String; @ 35
Event: 1.876 Thread 0x000000000265e000 Uncommon trap: reason=unreached action=reinterpret pc=0x00000000027dddb0 method=sun.security.provider.DigestBase.engineUpdate(B)V @ 4
Event: 3.395 Thread 0x000000000265e000 Uncommon trap: reason=unloaded action=reinterpret pc=0x00000000027d1c6c method=java.util.ArrayList.rangeCheck(I)V @ 8
Event: 287.035 Thread 0x000000000265e000 Uncommon trap: reason=unreached action=reinterpret pc=0x0000000002805628 method=java.lang.ref.Reference.<init>(Ljava/lang/Object;Ljava/lang/ref/ReferenceQueue;)V @ 11

Internal exceptions (10 events):
Event: 5.401 Thread 0x000000000265e000 Threw 0x00000000e0bd8568 at C:\re\jdk7u51\527\hotspot\src\share\vm\prims\jvm.cpp:1244
Event: 5.403 Thread 0x000000000265e000 Threw 0x00000000e0bdceb8 at C:\re\jdk7u51\527\hotspot\src\share\vm\prims\jvm.cpp:1244
Event: 5.406 Thread 0x000000000ac76800 Threw 0x00000000e0af2800 at C:\re\jdk7u51\527\hotspot\src\share\vm\prims\jvm.cpp:1244
Event: 8.536 Thread 0x000000000265e000 Threw 0x00000000e0be8a40 at C:\re\jdk7u51\527\hotspot\src\share\vm\prims\jvm.cpp:1244
Event: 8.538 Thread 0x000000000ac7b800 Threw 0x00000000e0a745a0 at C:\re\jdk7u51\527\hotspot\src\share\vm\prims\jvm.cpp:1244
Event: 8.540 Thread 0x000000000ac7b800 Threw 0x00000000e0a7eae0 at C:\re\jdk7u51\527\hotspot\src\share\vm\prims\jvm.cpp:1244
Event: 308.553 Thread 0x000000000ac7d000 Threw 0x00000000e1a73570 at C:\re\jdk7u51\527\hotspot\src\share\vm\prims\jvm.cpp:1244
Event: 308.554 Thread 0x000000000ac7d000 Threw 0x00000000e1a79ae8 at C:\re\jdk7u51\527\hotspot\src\share\vm\prims\jvm.cpp:1244
Event: 308.555 Thread 0x000000000ac7d000 Threw 0x00000000e1a7eec8 at C:\re\jdk7u51\527\hotspot\src\share\vm\prims\jvm.cpp:1244
Event: 308.557 Thread 0x000000000ac7d000 Threw 0x00000000e1a93308 at C:\re\jdk7u51\527\hotspot\src\share\vm\prims\jvm.cpp:1244

Events (10 events):
Event: 308.554 loading class 0x00000000026ce580
Event: 308.554 loading class 0x00000000026ce580 done
Event: 308.554 loading class 0x000000000b2c44f0
Event: 308.554 loading class 0x000000000b2c44f0 done
Event: 308.555 loading class 0x000000000ab1e0f0
Event: 308.555 loading class 0x000000000ab1e0f0 done
Event: 308.557 loading class 0x000000000aa660f0
Event: 308.557 loading class 0x000000000aa660f0 done
Event: 308.659 Executing VM operation: RevokeBias
Event: 308.660 Executing VM operation: RevokeBias done


Dynamic libraries:
0x00007ff7ff740000 - 0x00007ff7ff773000 	C:\Program Files\Java\jdk1.7.0_51\bin\java.exe
0x00007ffa39b10000 - 0x00007ffa39cba000 	C:\WINDOWS\SYSTEM32\ntdll.dll
0x00007ffa392d0000 - 0x00007ffa3940a000 	C:\WINDOWS\system32\KERNEL32.DLL
0x00007ffa37180000 - 0x00007ffa3728f000 	C:\WINDOWS\system32\KERNELBASE.dll
0x00007ffa35ab0000 - 0x00007ffa35b38000 	C:\WINDOWS\system32\apphelp.dll
0x00007ffa2da30000 - 0x00007ffa2da7f000 	C:\WINDOWS\AppPatch\AppPatch64\AcGenral.DLL
0x00007ffa39800000 - 0x00007ffa398a7000 	C:\WINDOWS\system32\msvcrt.dll
0x00007ffa36d30000 - 0x00007ffa36d5b000 	C:\WINDOWS\SYSTEM32\SspiCli.dll
0x00007ffa39410000 - 0x00007ffa39461000 	C:\WINDOWS\system32\SHLWAPI.dll
0x00007ffa39150000 - 0x00007ffa392c1000 	C:\WINDOWS\system32\USER32.dll
0x00007ffa38ec0000 - 0x00007ffa39038000 	C:\WINDOWS\system32\ole32.dll
0x00007ffa37670000 - 0x00007ffa38a90000 	C:\WINDOWS\system32\SHELL32.dll
0x00007ffa36510000 - 0x00007ffa3652e000 	C:\WINDOWS\SYSTEM32\USERENV.dll
0x00007ffa390a0000 - 0x00007ffa39145000 	C:\WINDOWS\system32\ADVAPI32.dll
0x00007ffa30fa0000 - 0x00007ffa30fbb000 	C:\WINDOWS\SYSTEM32\MPR.dll
0x00007ffa37530000 - 0x00007ffa37666000 	C:\WINDOWS\system32\RPCRT4.dll
0x00007ffa38cd0000 - 0x00007ffa38d27000 	C:\WINDOWS\SYSTEM32\sechost.dll
0x00007ffa38a90000 - 0x00007ffa38c66000 	C:\WINDOWS\SYSTEM32\combase.dll
0x00007ffa396b0000 - 0x00007ffa397f4000 	C:\WINDOWS\system32\GDI32.dll
0x00007ffa36e80000 - 0x00007ffa36e94000 	C:\WINDOWS\SYSTEM32\profapi.dll
0x00007ffa35780000 - 0x00007ffa3581f000 	C:\WINDOWS\SYSTEM32\SHCORE.dll
0x00007ffa39490000 - 0x00007ffa394c4000 	C:\WINDOWS\system32\IMM32.DLL
0x00007ffa373f0000 - 0x00007ffa37529000 	C:\WINDOWS\system32\MSCTF.dll
0x00007ffa350b0000 - 0x00007ffa3530a000 	C:\WINDOWS\WinSxS\amd64_microsoft.windows.common-controls_6595b64144ccf1df_6.0.9600.17031_none_6242a4b3ecbb55a1\COMCTL32.dll
0x000000005ebf0000 - 0x000000005ecc2000 	C:\Program Files\Java\jdk1.7.0_51\jre\bin\msvcr100.dll
0x000000005e420000 - 0x000000005ebe9000 	C:\Program Files\Java\jdk1.7.0_51\jre\bin\server\jvm.dll
0x00007ffa32900000 - 0x00007ffa32909000 	C:\WINDOWS\SYSTEM32\WSOCK32.dll
0x00007ffa2fd70000 - 0x00007ffa2fd8f000 	C:\WINDOWS\SYSTEM32\WINMM.dll
0x00007ffa38eb0000 - 0x00007ffa38eb7000 	C:\WINDOWS\system32\PSAPI.DLL
0x00007ffa39040000 - 0x00007ffa39098000 	C:\WINDOWS\system32\WS2_32.dll
0x00007ffa2fd20000 - 0x00007ffa2fd4a000 	C:\WINDOWS\SYSTEM32\WINMMBASE.dll
0x00007ffa38d40000 - 0x00007ffa38d49000 	C:\WINDOWS\system32\NSI.dll
0x00007ffa37340000 - 0x00007ffa3738a000 	C:\WINDOWS\SYSTEM32\cfgmgr32.dll
0x00007ffa35d00000 - 0x00007ffa35d26000 	C:\WINDOWS\SYSTEM32\DEVOBJ.dll
0x000000005e410000 - 0x000000005e41f000 	C:\Program Files\Java\jdk1.7.0_51\jre\bin\verify.dll
0x000000005e3e0000 - 0x000000005e408000 	C:\Program Files\Java\jdk1.7.0_51\jre\bin\java.dll
0x000000005e3c0000 - 0x000000005e3d5000 	C:\Program Files\Java\jdk1.7.0_51\jre\bin\zip.dll
0x00007ffa33a10000 - 0x00007ffa33a20000 	C:\Program Files (x86)\JetBrains\IntelliJ IDEA Community Edition 13.0.2\bin\breakgen64.dll
0x000000005e3a0000 - 0x000000005e3b9000 	C:\Program Files\Java\jdk1.7.0_51\jre\bin\net.dll
0x00007ffa367b0000 - 0x00007ffa36808000 	C:\WINDOWS\system32\mswsock.dll
0x000000005e380000 - 0x000000005e391000 	C:\Program Files\Java\jdk1.7.0_51\jre\bin\nio.dll
0x00007ffa365c0000 - 0x00007ffa36663000 	C:\WINDOWS\SYSTEM32\DNSAPI.dll
0x00000000609f0000 - 0x0000000060a25000 	C:\Program Files\Bonjour\mdnsNSP.dll
0x00007ffa32570000 - 0x00007ffa32599000 	C:\WINDOWS\SYSTEM32\Iphlpapi.DLL
0x00007ffa322a0000 - 0x00007ffa322aa000 	C:\WINDOWS\SYSTEM32\WINNSI.DLL
0x00007ffa2ede0000 - 0x00007ffa2ede9000 	C:\Windows\System32\rasadhlp.dll
0x00007ffa31ac0000 - 0x00007ffa31b28000 	C:\WINDOWS\System32\fwpuclnt.dll
0x0000000069340000 - 0x00000000693c5000 	C:\Users\Matthew\AppData\Local\Temp\sqlite-3.7.2-sqlitejdbc.dll
0x00007ffa36810000 - 0x00007ffa3682e000 	C:\WINDOWS\SYSTEM32\CRYPTSP.dll
0x00007ffa36400000 - 0x00007ffa36435000 	C:\WINDOWS\system32\rsaenh.dll
0x00007ffa36a40000 - 0x00007ffa36a66000 	C:\WINDOWS\SYSTEM32\bcrypt.dll
0x00007ffa36d60000 - 0x00007ffa36dc0000 	C:\WINDOWS\system32\bcryptprimitives.dll
0x00007ffa36dc0000 - 0x00007ffa36dca000 	C:\WINDOWS\SYSTEM32\CRYPTBASE.dll
0x00007ffa2d370000 - 0x00007ffa2d384000 	C:\WINDOWS\system32\napinsp.dll
0x00007ffa2d390000 - 0x00007ffa2d3a9000 	C:\WINDOWS\system32\pnrpnsp.dll
0x00007ffa32db0000 - 0x00007ffa32dc9000 	C:\WINDOWS\system32\NLAapi.dll
0x00007ffa2d5c0000 - 0x00007ffa2d5cc000 	C:\WINDOWS\System32\winrnr.dll
0x00007ffa2d3b0000 - 0x00007ffa2d3c3000 	C:\WINDOWS\system32\wshbth.dll
0x00007ffa2ab30000 - 0x00007ffa2acb8000 	C:\WINDOWS\SYSTEM32\dbghelp.dll

VM Arguments:
jvm_args: -Didea.launcher.port=7544 -Didea.launcher.bin.path=C:\Program Files (x86)\JetBrains\IntelliJ IDEA Community Edition 13.0.2\bin -Dfile.encoding=UTF-8 
java_command: com.intellij.rt.execution.application.AppMain mattmc.mankini.MankiniBot
Launcher Type: SUN_STANDARD

Environment Variables:
JAVA_HOME=C:\Program Files\Java\jdk1.7.0_51
PATH=C:\Program Files (x86)\AMD APP\bin\x86_64;C:\Program Files (x86)\AMD APP\bin\x86;C:\WINDOWS\system32;C:\WINDOWS;C:\WINDOWS\System32\Wbem;C:\WINDOWS\System32\WindowsPowerShell\v1.0\;C:\Program Files (x86)\ATI Technologies\ATI.ACE\Core-Static;C:\Program Files\apache-maven-3.1.1\bin;C:\Program Files (x86)\Git\cmd;C:\Program Files (x86)\scala\bin;C:\Program Files\adb\;C:\Program Files (x86)\Windows Live\Shared;C:\Program Files\Perl\bin\
USERNAME=Matthew
OS=Windows_NT
PROCESSOR_IDENTIFIER=Intel64 Family 6 Model 23 Stepping 6, GenuineIntel



---------------  S Y S T E M  ---------------

OS: Windows 8 , 64 bit Build 9200 

CPU:total 2 (2 cores per cpu, 1 threads per core) family 6 model 23 stepping 6, cmov, cx8, fxsr, mmx, sse, sse2, sse3, ssse3, sse4.1, tsc

Memory: 4k page, physical 6184968k(1703576k free), swap 16405400k(5448596k free)

vm_info: Java HotSpot(TM) 64-Bit Server VM (24.51-b03) for windows-amd64 JRE (1.7.0_51-b13), built on Dec 18 2013 18:40:56 by "java_re" with unknown MS VC++:1600

time: Sat Jul 12 14:29:04 2014
elapsed time: 308 seconds

