#
# A fatal error has been detected by the Java Runtime Environment:
#
#  EXCEPTION_ACCESS_VIOLATION (0xc0000005) at pc=0x00000000693878bd, pid=9296, tid=8776
#
# JRE version: Java(TM) SE Runtime Environment (7.0_51-b13) (build 1.7.0_51-b13)
# Java VM: Java HotSpot(TM) 64-Bit Server VM (24.51-b03 mixed mode windows-amd64 compressed oops)
# Problematic frame:
# C  [sqlite-3.7.2-sqlitejdbc.dll+0x478bd]
#
# Failed to write core dump. Minidumps are not enabled by default on client versions of Windows
#
# If you would like to submit a bug report, please visit:
#   http://bugreport.sun.com/bugreport/crash.jsp
# The crash happened outside the Java Virtual Machine in native code.
# See problematic frame for where to report the bug.
#

---------------  T H R E A D  ---------------

Current thread (0x000000000aa5c000):  JavaThread "listenerPool0-thread19" daemon [_thread_in_native, id=8776, stack(0x000000000c880000,0x000000000c980000)]

siginfo: ExceptionCode=0xc0000005, reading address 0x0000000000000058

Registers:
RAX=0x0000000000000000, RBX=0x000000000e451798, RCX=0x000000000e451798, RDX=0x000000000c97eba8
RSP=0x000000000c97ea60, RBP=0x000000000c97eb78, RSI=0x0000000000000000, RDI=0x00000000024e6274
R8 =0x000000000e451798, R9 =0x000000000aa76000, R10=0x00000000024f3503, R11=0x000000005e5ffaf0
R12=0x0000000000000000, R13=0x000000009cce0990, R14=0x000000000c97eba8, R15=0x000000000aa5c000
RIP=0x00000000693878bd, EFLAGS=0x0000000000010202

Top of Stack: (sp=0x000000000c97ea60)
0x000000000c97ea60:   000000000c97eb28 000000005e60ebcf
0x000000000c97ea70:   000000000c97eb28 000000000c97eb78
0x000000000c97ea80:   000000000c97eb78 000000000aa5c000
0x000000000c97ea90:   000000000c97eb28 000000005e60f2ba
0x000000000c97eaa0:   000000000ae3d478 000000009cce0990
0x000000000c97eab0:   000000009c70a3f8 00000000693422a5
0x000000000c97eac0:   000000000aa4e800 000000005e4b9f51
0x000000000c97ead0:   000000000c97f2b8 000000000aa5c000
0x000000000c97eae0:   000000000c97eaf8 00000000024f352f
0x000000000c97eaf0:   00000000024e6274 00000000024f32cf
0x000000000c97eb00:   000000000aa5c000 000000009cce0990
0x000000000c97eb10:   00000000e1305d68 000000000c97eb18
0x000000000c97eb20:   00000000024f3289 0000000000000003
0x000000000c97eb30:   00000000e1305468 000000000c97eb28
0x000000000c97eb40:   000000009cce0990 000000000c97eba8
0x000000000c97eb50:   000000009cce9f48 0000000000000000 

Instructions: (pc=0x00000000693878bd)
0x000000006938789d:   48 8b 7c 24 30 48 83 c4 38 c3 56 53 48 83 ec 48
0x00000000693878ad:   48 89 cb be 00 00 00 00 48 85 c9 74 5f 48 8b 01
0x00000000693878bd:   48 8b 48 58 e8 8f c0 fb ff 48 89 d9 e8 4c fa ff
0x00000000693878cd:   ff 89 c6 c7 44 24 30 00 00 00 00 c7 44 24 28 00 


Register to memory mapping:

RAX=0x0000000000000000 is an unknown value
RBX=0x000000000e451798 is an unknown value
RCX=0x000000000e451798 is an unknown value
RDX=0x000000000c97eba8 is pointing into the stack for thread: 0x000000000aa5c000
RSP=0x000000000c97ea60 is pointing into the stack for thread: 0x000000000aa5c000
RBP=0x000000000c97eb78 is pointing into the stack for thread: 0x000000000aa5c000
RSI=0x0000000000000000 is an unknown value
RDI=0x00000000024e6274 is at code_begin+2900 in an Interpreter codelet
return entry points  [0x00000000024e5720, 0x00000000024e7520]  7680 bytes
R8 =0x000000000e451798 is an unknown value
R9 =0x000000000aa76000 is an unknown value
R10=0x00000000024f3503 is at code_begin+1027 in an Interpreter codelet
method entry point (kind = native_synchronized)  [0x00000000024f3100, 0x00000000024f3b20]  2592 bytes
R11=0x000000005e5ffaf0 is an unknown value
R12=0x0000000000000000 is an unknown value
R13=0x000000009cce0990 is an oop
{method} 
 - klass: {other class}
R14=0x000000000c97eba8 is pointing into the stack for thread: 0x000000000aa5c000
R15=0x000000000aa5c000 is a thread


Stack: [0x000000000c880000,0x000000000c980000],  sp=0x000000000c97ea60,  free space=1018k
Native frames: (J=compiled Java code, j=interpreted, Vv=VM code, C=native code)
C  [sqlite-3.7.2-sqlitejdbc.dll+0x478bd]
j  org.sqlite.RS.close()V+76
j  org.sqlite.PrepStmt.executeQuery()Ljava/sql/ResultSet;+25
j  mattmc.mankini.module.ModuleKinis.userExists(Ljava/lang/String;)Z+31
j  mattmc.mankini.module.ModuleKinis.removeUser(Ljava/lang/String;)V+2
j  mattmc.mankini.module.ModuleKinis.setUserAmount(Ljava/lang/String;I)V+2
j  mattmc.mankini.module.ModuleKinis.onMessage(Lorg/pircbotx/hooks/events/MessageEvent;)V+1448
j  org.pircbotx.hooks.ListenerAdapter.onEvent(Lorg/pircbotx/hooks/Event;)V+210
j  org.pircbotx.hooks.managers.ThreadedListenerManager$1.call()Ljava/lang/Void;+18
j  org.pircbotx.hooks.managers.ThreadedListenerManager$1.call()Ljava/lang/Object;+1
j  java.util.concurrent.FutureTask.run()V+42
j  java.util.concurrent.ThreadPoolExecutor.runWorker(Ljava/util/concurrent/ThreadPoolExecutor$Worker;)V+95
j  java.util.concurrent.ThreadPoolExecutor$Worker.run()V+5
j  java.lang.Thread.run()V+11
v  ~StubRoutines::call_stub
V  [jvm.dll+0x1cb2b3]

Java frames: (J=compiled Java code, j=interpreted, Vv=VM code)
j  org.sqlite.NativeDB.reset(J)I+0
j  org.sqlite.RS.close()V+76
j  org.sqlite.PrepStmt.executeQuery()Ljava/sql/ResultSet;+25
j  mattmc.mankini.module.ModuleKinis.userExists(Ljava/lang/String;)Z+31
j  mattmc.mankini.module.ModuleKinis.removeUser(Ljava/lang/String;)V+2
j  mattmc.mankini.module.ModuleKinis.setUserAmount(Ljava/lang/String;I)V+2
j  mattmc.mankini.module.ModuleKinis.onMessage(Lorg/pircbotx/hooks/events/MessageEvent;)V+1448
j  org.pircbotx.hooks.ListenerAdapter.onEvent(Lorg/pircbotx/hooks/Event;)V+210
j  org.pircbotx.hooks.managers.ThreadedListenerManager$1.call()Ljava/lang/Void;+18
j  org.pircbotx.hooks.managers.ThreadedListenerManager$1.call()Ljava/lang/Object;+1
j  java.util.concurrent.FutureTask.run()V+42
j  java.util.concurrent.ThreadPoolExecutor.runWorker(Ljava/util/concurrent/ThreadPoolExecutor$Worker;)V+95
j  java.util.concurrent.ThreadPoolExecutor$Worker.run()V+5
j  java.lang.Thread.run()V+11
v  ~StubRoutines::call_stub

---------------  P R O C E S S  ---------------

Java Threads: ( => current thread )
  0x000000000a83f000 JavaThread "listenerPool0-thread100" daemon [_thread_blocked, id=1624, stack(0x0000000012e60000,0x0000000012f60000)]
  0x000000000a83e800 JavaThread "listenerPool0-thread99" daemon [_thread_blocked, id=8984, stack(0x0000000012d60000,0x0000000012e60000)]
  0x000000000a839000 JavaThread "listenerPool0-thread98" daemon [_thread_blocked, id=10644, stack(0x0000000012c60000,0x0000000012d60000)]
  0x000000000a83a800 JavaThread "listenerPool0-thread97" daemon [_thread_blocked, id=8596, stack(0x0000000012b60000,0x0000000012c60000)]
  0x000000000a83c000 JavaThread "listenerPool0-thread96" daemon [_thread_blocked, id=6664, stack(0x0000000012a60000,0x0000000012b60000)]
  0x000000000a83a000 JavaThread "listenerPool0-thread95" daemon [_thread_blocked, id=9276, stack(0x0000000012960000,0x0000000012a60000)]
  0x000000000a83b800 JavaThread "listenerPool0-thread94" daemon [_thread_blocked, id=5528, stack(0x0000000012860000,0x0000000012960000)]
  0x000000000a838800 JavaThread "listenerPool0-thread93" daemon [_thread_blocked, id=10020, stack(0x0000000012760000,0x0000000012860000)]
  0x000000000a7ce800 JavaThread "listenerPool0-thread92" daemon [_thread_blocked, id=10668, stack(0x0000000012660000,0x0000000012760000)]
  0x000000000a7cf800 JavaThread "listenerPool0-thread91" daemon [_thread_blocked, id=6272, stack(0x0000000012560000,0x0000000012660000)]
  0x000000000a7ce000 JavaThread "listenerPool0-thread90" daemon [_thread_blocked, id=6256, stack(0x0000000012460000,0x0000000012560000)]
  0x000000000a7ca000 JavaThread "listenerPool0-thread89" daemon [_thread_blocked, id=11016, stack(0x0000000012360000,0x0000000012460000)]
  0x000000000a7cd000 JavaThread "listenerPool0-thread88" daemon [_thread_blocked, id=9160, stack(0x0000000012260000,0x0000000012360000)]
  0x000000000a7cc800 JavaThread "listenerPool0-thread87" daemon [_thread_blocked, id=5180, stack(0x0000000012160000,0x0000000012260000)]
  0x000000000a7cb800 JavaThread "listenerPool0-thread86" daemon [_thread_blocked, id=8736, stack(0x0000000012060000,0x0000000012160000)]
  0x000000000a7c8800 JavaThread "listenerPool0-thread85" daemon [_thread_blocked, id=8668, stack(0x0000000011f60000,0x0000000012060000)]
  0x000000000a7cb000 JavaThread "listenerPool0-thread84" daemon [_thread_blocked, id=2692, stack(0x0000000011e60000,0x0000000011f60000)]
  0x000000000a7c9800 JavaThread "listenerPool0-thread83" daemon [_thread_blocked, id=11148, stack(0x0000000011d60000,0x0000000011e60000)]
  0x000000000a7c8000 JavaThread "listenerPool0-thread82" daemon [_thread_blocked, id=10412, stack(0x0000000011c60000,0x0000000011d60000)]
  0x000000000a7c5800 JavaThread "listenerPool0-thread81" daemon [_thread_blocked, id=7660, stack(0x0000000011b60000,0x0000000011c60000)]
  0x000000000a7c7000 JavaThread "listenerPool0-thread80" daemon [_thread_blocked, id=9588, stack(0x0000000011a60000,0x0000000011b60000)]
  0x000000000a7c5000 JavaThread "listenerPool0-thread79" daemon [_thread_blocked, id=10840, stack(0x0000000011960000,0x0000000011a60000)]
  0x000000000a7c6800 JavaThread "listenerPool0-thread78" daemon [_thread_blocked, id=7772, stack(0x0000000011860000,0x0000000011960000)]
  0x000000000a7c1000 JavaThread "listenerPool0-thread77" daemon [_thread_blocked, id=1224, stack(0x0000000011760000,0x0000000011860000)]
  0x000000000a7c4000 JavaThread "listenerPool0-thread76" daemon [_thread_blocked, id=10584, stack(0x0000000011660000,0x0000000011760000)]
  0x000000000a7c2000 JavaThread "listenerPool0-thread75" daemon [_thread_blocked, id=11108, stack(0x0000000011560000,0x0000000011660000)]
  0x000000000a7c0800 JavaThread "listenerPool0-thread74" daemon [_thread_blocked, id=7544, stack(0x0000000011460000,0x0000000011560000)]
  0x000000000a7c3800 JavaThread "listenerPool0-thread73" daemon [_thread_blocked, id=940, stack(0x0000000011360000,0x0000000011460000)]
  0x000000000a7c2800 JavaThread "listenerPool0-thread72" daemon [_thread_blocked, id=5924, stack(0x0000000011260000,0x0000000011360000)]
  0x000000000aa06000 JavaThread "listenerPool0-thread71" daemon [_thread_blocked, id=6592, stack(0x0000000011160000,0x0000000011260000)]
  0x000000000aa02800 JavaThread "listenerPool0-thread70" daemon [_thread_blocked, id=9268, stack(0x0000000011060000,0x0000000011160000)]
  0x000000000aa05800 JavaThread "listenerPool0-thread69" daemon [_thread_blocked, id=8276, stack(0x0000000010f60000,0x0000000011060000)]
  0x000000000aa01800 JavaThread "listenerPool0-thread68" daemon [_thread_blocked, id=4792, stack(0x0000000010e60000,0x0000000010f60000)]
  0x000000000aa04800 JavaThread "listenerPool0-thread67" daemon [_thread_blocked, id=4764, stack(0x0000000010d60000,0x0000000010e60000)]
  0x000000000aa03000 JavaThread "listenerPool0-thread66" daemon [_thread_blocked, id=10232, stack(0x0000000010c60000,0x0000000010d60000)]
  0x000000000aa04000 JavaThread "listenerPool0-thread65" daemon [_thread_blocked, id=11112, stack(0x0000000010b60000,0x0000000010c60000)]
  0x000000000a9fe000 JavaThread "listenerPool0-thread64" daemon [_thread_blocked, id=7044, stack(0x0000000010a60000,0x0000000010b60000)]
  0x000000000aa01000 JavaThread "listenerPool0-thread63" daemon [_thread_blocked, id=11144, stack(0x0000000010960000,0x0000000010a60000)]
  0x000000000a9fd000 JavaThread "listenerPool0-thread62" daemon [_thread_blocked, id=9992, stack(0x0000000010860000,0x0000000010960000)]
  0x000000000aa00000 JavaThread "listenerPool0-thread61" daemon [_thread_blocked, id=8540, stack(0x0000000010760000,0x0000000010860000)]
  0x000000000a9fe800 JavaThread "listenerPool0-thread60" daemon [_thread_blocked, id=4892, stack(0x0000000010660000,0x0000000010760000)]
  0x000000000a9fc800 JavaThread "listenerPool0-thread59" daemon [_thread_blocked, id=8664, stack(0x0000000010560000,0x0000000010660000)]
  0x000000000a9ff800 JavaThread "listenerPool0-thread58" daemon [_thread_blocked, id=9488, stack(0x0000000010460000,0x0000000010560000)]
  0x000000000a9f8800 JavaThread "listenerPool0-thread57" daemon [_thread_blocked, id=10812, stack(0x0000000010360000,0x0000000010460000)]
  0x000000000a9f9800 JavaThread "listenerPool0-thread56" daemon [_thread_blocked, id=9904, stack(0x0000000010260000,0x0000000010360000)]
  0x000000000a9fb000 JavaThread "listenerPool0-thread55" daemon [_thread_blocked, id=8244, stack(0x0000000010160000,0x0000000010260000)]
  0x000000000a9fb800 JavaThread "listenerPool0-thread54" daemon [_thread_blocked, id=10548, stack(0x0000000010060000,0x0000000010160000)]
  0x000000000a9f7000 JavaThread "listenerPool0-thread53" daemon [_thread_blocked, id=10312, stack(0x000000000ff60000,0x0000000010060000)]
  0x000000000a9f8000 JavaThread "listenerPool0-thread52" daemon [_thread_blocked, id=7260, stack(0x000000000fe60000,0x000000000ff60000)]
  0x000000000a9fa000 JavaThread "listenerPool0-thread51" daemon [_thread_blocked, id=9084, stack(0x000000000fd60000,0x000000000fe60000)]
  0x000000000aa62800 JavaThread "listenerPool0-thread50" daemon [_thread_blocked, id=5608, stack(0x000000000fc60000,0x000000000fd60000)]
  0x000000000aa63800 JavaThread "listenerPool0-thread49" daemon [_thread_blocked, id=10152, stack(0x000000000fb60000,0x000000000fc60000)]
  0x000000000aa64000 JavaThread "listenerPool0-thread48" daemon [_thread_blocked, id=5148, stack(0x000000000fa60000,0x000000000fb60000)]
  0x000000000aa5f000 JavaThread "listenerPool0-thread47" daemon [_thread_blocked, id=10796, stack(0x000000000f960000,0x000000000fa60000)]
  0x000000000aa62000 JavaThread "listenerPool0-thread46" daemon [_thread_blocked, id=7964, stack(0x000000000f860000,0x000000000f960000)]
  0x000000000aa61000 JavaThread "listenerPool0-thread45" daemon [_thread_blocked, id=164, stack(0x000000000f760000,0x000000000f860000)]
  0x000000000aa5e000 JavaThread "listenerPool0-thread44" daemon [_thread_blocked, id=9684, stack(0x000000000f660000,0x000000000f760000)]
  0x000000000aa60800 JavaThread "listenerPool0-thread43" daemon [_thread_blocked, id=7644, stack(0x000000000f560000,0x000000000f660000)]
  0x000000000aa5f800 JavaThread "listenerPool0-thread42" daemon [_thread_blocked, id=4924, stack(0x000000000f460000,0x000000000f560000)]
  0x000000000aa5d800 JavaThread "listenerPool0-thread41" daemon [_thread_blocked, id=8056, stack(0x000000000f360000,0x000000000f460000)]
  0x000000000ae4e000 JavaThread "listenerPool0-thread40" daemon [_thread_blocked, id=9700, stack(0x000000000f260000,0x000000000f360000)]
  0x000000000ae4b800 JavaThread "listenerPool0-thread39" daemon [_thread_blocked, id=3896, stack(0x000000000f160000,0x000000000f260000)]
  0x000000000ae4d000 JavaThread "Thread-0" [_thread_blocked, id=8048, stack(0x000000000e060000,0x000000000e160000)]
  0x000000000ae4c800 JavaThread "listenerPool0-thread38" daemon [_thread_blocked, id=9884, stack(0x000000000db80000,0x000000000dc80000)]
  0x000000000ae4b000 JavaThread "listenerPool0-thread37" daemon [_thread_blocked, id=6264, stack(0x000000000da80000,0x000000000db80000)]
  0x000000000ae49800 JavaThread "listenerPool0-thread36" daemon [_thread_blocked, id=10236, stack(0x000000000d980000,0x000000000da80000)]
  0x000000000ae47000 JavaThread "listenerPool0-thread35" daemon [_thread_blocked, id=1388, stack(0x000000000d880000,0x000000000d980000)]
  0x000000000ae4a000 JavaThread "listenerPool0-thread34" daemon [_thread_blocked, id=3572, stack(0x000000000d780000,0x000000000d880000)]
  0x000000000ae48000 JavaThread "listenerPool0-thread33" daemon [_thread_blocked, id=7592, stack(0x000000000d680000,0x000000000d780000)]
  0x000000000ae48800 JavaThread "listenerPool0-thread32" daemon [_thread_blocked, id=10540, stack(0x000000000d580000,0x000000000d680000)]
  0x000000000ae46800 JavaThread "listenerPool0-thread31" daemon [_thread_blocked, id=9704, stack(0x000000000d480000,0x000000000d580000)]
  0x000000000ae45800 JavaThread "listenerPool0-thread30" daemon [_thread_blocked, id=9636, stack(0x000000000d380000,0x000000000d480000)]
  0x000000000ae42000 JavaThread "listenerPool0-thread29" daemon [_thread_blocked, id=7424, stack(0x000000000d280000,0x000000000d380000)]
  0x000000000ae45000 JavaThread "listenerPool0-thread28" daemon [_thread_blocked, id=10008, stack(0x000000000d180000,0x000000000d280000)]
  0x000000000ae44000 JavaThread "listenerPool0-thread27" daemon [_thread_blocked, id=10068, stack(0x000000000d080000,0x000000000d180000)]
  0x000000000ae43800 JavaThread "listenerPool0-thread26" daemon [_thread_blocked, id=9668, stack(0x000000000cf80000,0x000000000d080000)]
  0x000000000ae40800 JavaThread "listenerPool0-thread25" daemon [_thread_blocked, id=5192, stack(0x000000000ce80000,0x000000000cf80000)]
  0x000000000ae41000 JavaThread "listenerPool0-thread24" daemon [_thread_blocked, id=3812, stack(0x000000000cd80000,0x000000000ce80000)]
  0x000000000ae3f800 JavaThread "listenerPool0-thread23" daemon [_thread_blocked, id=6080, stack(0x000000000cc80000,0x000000000cd80000)]
  0x000000000ae42800 JavaThread "listenerPool0-thread22" daemon [_thread_blocked, id=8124, stack(0x000000000cb80000,0x000000000cc80000)]
  0x000000000ae3f000 JavaThread "listenerPool0-thread21" daemon [_thread_blocked, id=11236, stack(0x000000000ca80000,0x000000000cb80000)]
  0x000000000aa5a000 JavaThread "listenerPool0-thread20" daemon [_thread_blocked, id=2364, stack(0x000000000c980000,0x000000000ca80000)]
=>0x000000000aa5c000 JavaThread "listenerPool0-thread19" daemon [_thread_in_native, id=8776, stack(0x000000000c880000,0x000000000c980000)]
  0x000000000aa5b800 JavaThread "listenerPool0-thread18" daemon [_thread_blocked, id=10500, stack(0x000000000c780000,0x000000000c880000)]
  0x000000000aa5a800 JavaThread "listenerPool0-thread17" daemon [_thread_in_native, id=10560, stack(0x000000000c680000,0x000000000c780000)]
  0x000000000aa57000 JavaThread "listenerPool0-thread16" daemon [_thread_blocked, id=10568, stack(0x000000000c580000,0x000000000c680000)]
  0x000000000aa59000 JavaThread "listenerPool0-thread15" daemon [_thread_blocked, id=8856, stack(0x000000000c480000,0x000000000c580000)]
  0x000000000aa58800 JavaThread "listenerPool0-thread14" daemon [_thread_blocked, id=9376, stack(0x000000000c380000,0x000000000c480000)]
  0x000000000aa55800 JavaThread "listenerPool0-thread13" daemon [_thread_blocked, id=10060, stack(0x000000000c280000,0x000000000c380000)]
  0x000000000aa56000 JavaThread "listenerPool0-thread12" daemon [_thread_blocked, id=5456, stack(0x000000000c180000,0x000000000c280000)]
  0x000000000aa57800 JavaThread "listenerPool0-thread11" daemon [_thread_blocked, id=7652, stack(0x000000000c080000,0x000000000c180000)]
  0x000000000aa48800 JavaThread "listenerPool0-thread10" daemon [_thread_blocked, id=5668, stack(0x000000000bf80000,0x000000000c080000)]
  0x000000000aa3c800 JavaThread "listenerPool0-thread9" daemon [_thread_blocked, id=3356, stack(0x000000000be80000,0x000000000bf80000)]
  0x000000000aa3c000 JavaThread "listenerPool0-thread8" daemon [_thread_blocked, id=5696, stack(0x000000000bd80000,0x000000000be80000)]
  0x000000000a9f6000 JavaThread "listenerPool0-thread7" daemon [_thread_blocked, id=8568, stack(0x000000000bc80000,0x000000000bd80000)]
  0x000000000a8e0800 JavaThread "listenerPool0-thread6" daemon [_thread_blocked, id=10024, stack(0x000000000bb80000,0x000000000bc80000)]
  0x000000000a86f800 JavaThread "listenerPool0-thread5" daemon [_thread_blocked, id=10012, stack(0x000000000ba80000,0x000000000bb80000)]
  0x000000000add1800 JavaThread "listenerPool0-thread4" daemon [_thread_blocked, id=6308, stack(0x000000000b980000,0x000000000ba80000)]
  0x000000000aa16000 JavaThread "listenerPool0-thread3" daemon [_thread_blocked, id=7760, stack(0x000000000b880000,0x000000000b980000)]
  0x000000000aa50800 JavaThread "listenerPool0-thread2" daemon [_thread_blocked, id=6516, stack(0x000000000b780000,0x000000000b880000)]
  0x000000000ad99800 JavaThread "listenerPool0-thread1" daemon [_thread_blocked, id=9652, stack(0x000000000b680000,0x000000000b780000)]
  0x000000000a6ea800 JavaThread "Monitor Ctrl-Break" daemon [_thread_in_native, id=7700, stack(0x000000000ab90000,0x000000000ac90000)]
  0x0000000009351800 JavaThread "Service Thread" daemon [_thread_blocked, id=1700, stack(0x000000000a490000,0x000000000a590000)]
  0x0000000009343800 JavaThread "C2 CompilerThread1" daemon [_thread_blocked, id=6940, stack(0x000000000a390000,0x000000000a490000)]
  0x000000000933f000 JavaThread "C2 CompilerThread0" daemon [_thread_blocked, id=1240, stack(0x000000000a290000,0x000000000a390000)]
  0x000000000933d000 JavaThread "Attach Listener" daemon [_thread_blocked, id=4756, stack(0x000000000a190000,0x000000000a290000)]
  0x000000000933b800 JavaThread "Signal Dispatcher" daemon [_thread_blocked, id=9400, stack(0x000000000a090000,0x000000000a190000)]
  0x000000000930a000 JavaThread "Finalizer" daemon [_thread_blocked, id=10664, stack(0x0000000009f90000,0x000000000a090000)]
  0x00000000092ff000 JavaThread "Reference Handler" daemon [_thread_blocked, id=4592, stack(0x0000000009e90000,0x0000000009f90000)]
  0x0000000000a8e000 JavaThread "main" [_thread_in_native, id=2904, stack(0x00000000022e0000,0x00000000023e0000)]

Other Threads:
  0x00000000092fc800 VMThread [stack: 0x0000000009d90000,0x0000000009e90000] [id=8584]
  0x000000000935c800 WatcherThread [stack: 0x000000000a590000,0x000000000a690000] [id=7596]

VM state:not at safepoint (normal execution)

VM Mutex/Monitor currently owned by a thread: None

Heap
 PSYoungGen      total 28672K, used 14082K [0x00000000e0800000, 0x00000000e2780000, 0x0000000100000000)
  eden space 25088K, 46% used [0x00000000e0800000,0x00000000e134c960,0x00000000e2080000)
  from space 3584K, 70% used [0x00000000e2400000,0x00000000e2674030,0x00000000e2780000)
  to   space 3584K, 0% used [0x00000000e2080000,0x00000000e2080000,0x00000000e2400000)
 ParOldGen       total 64512K, used 370K [0x00000000a1800000, 0x00000000a5700000, 0x00000000e0800000)
  object space 64512K, 0% used [0x00000000a1800000,0x00000000a185c968,0x00000000a5700000)
 PSPermGen       total 21504K, used 8969K [0x000000009c600000, 0x000000009db00000, 0x00000000a1800000)
  object space 21504K, 41% used [0x000000009c600000,0x000000009cec27e0,0x000000009db00000)

Card table byte_map: [0x00000000055a0000,0x00000000058c0000] byte_map_base: 0x00000000050bd000

Polling page: 0x0000000000a50000

Code Cache  [0x00000000024e0000, 0x0000000002750000, 0x00000000054e0000)
 total_blobs=357 nmethods=86 adapters=224 free_code_cache=48504Kb largest_free_block=49645376

Compilation events (10 events):
Event: 54.381 Thread 0x0000000009343800   81             java.lang.StringBuilder::toString (17 bytes)
Event: 54.384 Thread 0x0000000009343800 nmethod 81 0x000000000257f050 code [0x000000000257f1a0, 0x000000000257f478]
Event: 54.601 Thread 0x000000000933f000   82             java.nio.ByteBuffer::arrayOffset (35 bytes)
Event: 54.602 Thread 0x000000000933f000 nmethod 82 0x000000000257ee10 code [0x000000000257ef40, 0x000000000257efb8]
Event: 54.964 Thread 0x0000000009343800   83             java.lang.StringBuilder::<init> (7 bytes)
Event: 54.965 Thread 0x0000000009343800 nmethod 83 0x000000000257dcd0 code [0x000000000257de20, 0x000000000257def8]
Event: 59.952 Thread 0x000000000933f000   85             sun.misc.VM::addFinalRefCount (24 bytes)
Event: 59.953 Thread 0x000000000933f000 nmethod 85 0x000000000257ec10 code [0x000000000257ed40, 0x000000000257edb8]
Event: 59.956 Thread 0x0000000009343800   86             java.lang.ref.Reference::get (5 bytes)
Event: 59.957 Thread 0x0000000009343800 nmethod 86 0x000000000257da10 code [0x000000000257db40, 0x000000000257db98]

GC Heap History (4 events):
Event: 4.582 GC heap before
{Heap before GC invocations=1 (full 0):
 PSYoungGen      total 28672K, used 25088K [0x00000000e0800000, 0x00000000e2780000, 0x0000000100000000)
  eden space 25088K, 100% used [0x00000000e0800000,0x00000000e2080000,0x00000000e2080000)
  from space 3584K, 0% used [0x00000000e2400000,0x00000000e2400000,0x00000000e2780000)
  to   space 3584K, 0% used [0x00000000e2080000,0x00000000e2080000,0x00000000e2400000)
 ParOldGen       total 64512K, used 0K [0x00000000a1800000, 0x00000000a5700000, 0x00000000e0800000)
  object space 64512K, 0% used [0x00000000a1800000,0x00000000a1800000,0x00000000a5700000)
 PSPermGen       total 21504K, used 8477K [0x000000009c600000, 0x000000009db00000, 0x00000000a1800000)
  object space 21504K, 39% used [0x000000009c600000,0x000000009ce475c0,0x000000009db00000)
Event: 4.593 GC heap after
Heap after GC invocations=1 (full 0):
 PSYoungGen      total 28672K, used 3565K [0x00000000e0800000, 0x00000000e2780000, 0x0000000100000000)
  eden space 25088K, 0% used [0x00000000e0800000,0x00000000e0800000,0x00000000e2080000)
  from space 3584K, 99% used [0x00000000e2080000,0x00000000e23fb4f0,0x00000000e2400000)
  to   space 3584K, 0% used [0x00000000e2400000,0x00000000e2400000,0x00000000e2780000)
 ParOldGen       total 64512K, used 362K [0x00000000a1800000, 0x00000000a5700000, 0x00000000e0800000)
  object space 64512K, 0% used [0x00000000a1800000,0x00000000a185a968,0x00000000a5700000)
 PSPermGen       total 21504K, used 8477K [0x000000009c600000, 0x000000009db00000, 0x00000000a1800000)
  object space 21504K, 39% used [0x000000009c600000,0x000000009ce475c0,0x000000009db00000)
}
Event: 59.900 GC heap before
{Heap before GC invocations=2 (full 0):
 PSYoungGen      total 28672K, used 28653K [0x00000000e0800000, 0x00000000e2780000, 0x0000000100000000)
  eden space 25088K, 100% used [0x00000000e0800000,0x00000000e2080000,0x00000000e2080000)
  from space 3584K, 99% used [0x00000000e2080000,0x00000000e23fb4f0,0x00000000e2400000)
  to   space 3584K, 0% used [0x00000000e2400000,0x00000000e2400000,0x00000000e2780000)
 ParOldGen       total 64512K, used 362K [0x00000000a1800000, 0x00000000a5700000, 0x00000000e0800000)
  object space 64512K, 0% used [0x00000000a1800000,0x00000000a185a968,0x00000000a5700000)
 PSPermGen       total 21504K, used 8949K [0x000000009c600000, 0x000000009db00000, 0x00000000a1800000)
  object space 21504K, 41% used [0x000000009c600000,0x000000009cebd710,0x000000009db00000)
Event: 59.913 GC heap after
Heap after GC invocations=2 (full 0):
 PSYoungGen      total 28672K, used 2512K [0x00000000e0800000, 0x00000000e2780000, 0x0000000100000000)
  eden space 25088K, 0% used [0x00000000e0800000,0x00000000e0800000,0x00000000e2080000)
  from space 3584K, 70% used [0x00000000e2400000,0x00000000e2674030,0x00000000e2780000)
  to   space 3584K, 0% used [0x00000000e2080000,0x00000000e2080000,0x00000000e2400000)
 ParOldGen       total 64512K, used 370K [0x00000000a1800000, 0x00000000a5700000, 0x00000000e0800000)
  object space 64512K, 0% used [0x00000000a1800000,0x00000000a185c968,0x00000000a5700000)
 PSPermGen       total 21504K, used 8949K [0x000000009c600000, 0x000000009db00000, 0x00000000a1800000)
  object space 21504K, 41% used [0x000000009c600000,0x000000009cebd710,0x000000009db00000)
}

Deoptimization events (6 events):
Event: 2.602 Thread 0x0000000000a8e000 Uncommon trap: reason=class_check action=maybe_recompile pc=0x0000000002543c80 method=java.util.Properties$LineReader.readLine()I @ 62
Event: 2.602 Thread 0x0000000000a8e000 Uncommon trap: reason=class_check action=maybe_recompile pc=0x0000000002543c80 method=java.util.Properties$LineReader.readLine()I @ 62
Event: 2.851 Thread 0x0000000000a8e000 Uncommon trap: reason=unloaded action=reinterpret pc=0x0000000002563b24 method=org.sqlite.SQLiteJDBCLoader.md5sum(Ljava/io/InputStream;)Ljava/lang/String; @ 35
Event: 2.858 Thread 0x0000000000a8e000 Uncommon trap: reason=unreached action=reinterpret pc=0x0000000002567b30 method=sun.security.provider.DigestBase.engineUpdate(B)V @ 4
Event: 4.552 Thread 0x0000000000a8e000 Uncommon trap: reason=unloaded action=reinterpret pc=0x000000000255516c method=java.util.ArrayList.rangeCheck(I)V @ 8
Event: 59.850 Thread 0x0000000000a8e000 Uncommon trap: reason=unreached action=reinterpret pc=0x000000000257cf2c method=java.util.HashMap.addEntry(ILjava/lang/Object;Ljava/lang/Object;I)V @ 19

Internal exceptions (10 events):
Event: 59.860 Thread 0x0000000000a8e000 Threw 0x00000000e15e4060 at C:\re\jdk7u51\527\hotspot\src\share\vm\prims\jvm.cpp:1244
Event: 59.860 Thread 0x0000000000a8e000 Threw 0x00000000e15e9320 at C:\re\jdk7u51\527\hotspot\src\share\vm\prims\jvm.cpp:1244
Event: 59.861 Thread 0x0000000000a8e000 Threw 0x00000000e15eef00 at C:\re\jdk7u51\527\hotspot\src\share\vm\prims\jvm.cpp:1244
Event: 59.862 Thread 0x0000000000a8e000 Threw 0x00000000e15f4480 at C:\re\jdk7u51\527\hotspot\src\share\vm\prims\jvm.cpp:1244
Event: 59.862 Thread 0x0000000000a8e000 Threw 0x00000000e15f9810 at C:\re\jdk7u51\527\hotspot\src\share\vm\prims\jvm.cpp:1244
Event: 59.863 Thread 0x0000000000a8e000 Threw 0x00000000e15fedd0 at C:\re\jdk7u51\527\hotspot\src\share\vm\prims\jvm.cpp:1244
Event: 59.864 Thread 0x0000000000a8e000 Threw 0x00000000e1604540 at C:\re\jdk7u51\527\hotspot\src\share\vm\prims\jvm.cpp:1244
Event: 59.864 Thread 0x0000000000a8e000 Threw 0x00000000e16090b8 at C:\re\jdk7u51\527\hotspot\src\share\vm\prims\jvm.cpp:1244
Event: 59.865 Thread 0x0000000000a8e000 Threw 0x00000000e160dc30 at C:\re\jdk7u51\527\hotspot\src\share\vm\prims\jvm.cpp:1244
Event: 59.865 Thread 0x0000000000a8e000 Threw 0x00000000e1612868 at C:\re\jdk7u51\527\hotspot\src\share\vm\prims\jvm.cpp:1244

Events (10 events):
Event: 62.401 Executing VM operation: RevokeBias
Event: 62.401 Executing VM operation: RevokeBias done
Event: 62.411 loading class 0x0000000002431fc0
Event: 62.423 loading class 0x0000000002432230
Event: 62.423 loading class 0x0000000002432230 done
Event: 62.423 loading class 0x0000000002431fc0 done
Event: 62.423 loading class 0x000000000a855ab0
Event: 62.432 loading class 0x000000000a855ab0 done
Event: 62.543 Executing VM operation: RevokeBias
Event: 62.543 Executing VM operation: RevokeBias done


Dynamic libraries:
0x00007ff7ff740000 - 0x00007ff7ff773000 	C:\Program Files\Java\jdk1.7.0_51\bin\java.exe
0x00007ffa39b10000 - 0x00007ffa39cba000 	C:\WINDOWS\SYSTEM32\ntdll.dll
0x00007ffa392d0000 - 0x00007ffa3940a000 	C:\WINDOWS\system32\KERNEL32.DLL
0x00007ffa37180000 - 0x00007ffa3728f000 	C:\WINDOWS\system32\KERNELBASE.dll
0x00007ffa35ab0000 - 0x00007ffa35b38000 	C:\WINDOWS\system32\apphelp.dll
0x00007ffa2ad40000 - 0x00007ffa2ad8f000 	C:\WINDOWS\AppPatch\AppPatch64\AcGenral.DLL
0x00007ffa39800000 - 0x00007ffa398a7000 	C:\WINDOWS\system32\msvcrt.dll
0x00007ffa36d30000 - 0x00007ffa36d5b000 	C:\WINDOWS\SYSTEM32\SspiCli.dll
0x00007ffa39410000 - 0x00007ffa39461000 	C:\WINDOWS\system32\SHLWAPI.dll
0x00007ffa39150000 - 0x00007ffa392c1000 	C:\WINDOWS\system32\USER32.dll
0x00007ffa38ec0000 - 0x00007ffa39038000 	C:\WINDOWS\system32\ole32.dll
0x00007ffa37670000 - 0x00007ffa38a90000 	C:\WINDOWS\system32\SHELL32.dll
0x00007ffa36510000 - 0x00007ffa3652e000 	C:\WINDOWS\SYSTEM32\USERENV.dll
0x00007ffa390a0000 - 0x00007ffa39145000 	C:\WINDOWS\system32\ADVAPI32.dll
0x00007ffa30fa0000 - 0x00007ffa30fbb000 	C:\WINDOWS\SYSTEM32\MPR.dll
0x00007ffa37530000 - 0x00007ffa37666000 	C:\WINDOWS\system32\RPCRT4.dll
0x00007ffa38cd0000 - 0x00007ffa38d27000 	C:\WINDOWS\SYSTEM32\sechost.dll
0x00007ffa38a90000 - 0x00007ffa38c66000 	C:\WINDOWS\SYSTEM32\combase.dll
0x00007ffa396b0000 - 0x00007ffa397f4000 	C:\WINDOWS\system32\GDI32.dll
0x00007ffa36e80000 - 0x00007ffa36e94000 	C:\WINDOWS\SYSTEM32\profapi.dll
0x00007ffa35780000 - 0x00007ffa3581f000 	C:\WINDOWS\SYSTEM32\SHCORE.dll
0x00007ffa39490000 - 0x00007ffa394c4000 	C:\WINDOWS\system32\IMM32.DLL
0x00007ffa373f0000 - 0x00007ffa37529000 	C:\WINDOWS\system32\MSCTF.dll
0x00007ffa350b0000 - 0x00007ffa3530a000 	C:\WINDOWS\WinSxS\amd64_microsoft.windows.common-controls_6595b64144ccf1df_6.0.9600.17031_none_6242a4b3ecbb55a1\COMCTL32.dll
0x000000005ebf0000 - 0x000000005ecc2000 	C:\Program Files\Java\jdk1.7.0_51\jre\bin\msvcr100.dll
0x000000005e420000 - 0x000000005ebe9000 	C:\Program Files\Java\jdk1.7.0_51\jre\bin\server\jvm.dll
0x00007ffa32900000 - 0x00007ffa32909000 	C:\WINDOWS\SYSTEM32\WSOCK32.dll
0x00007ffa2fd70000 - 0x00007ffa2fd8f000 	C:\WINDOWS\SYSTEM32\WINMM.dll
0x00007ffa38eb0000 - 0x00007ffa38eb7000 	C:\WINDOWS\system32\PSAPI.DLL
0x00007ffa39040000 - 0x00007ffa39098000 	C:\WINDOWS\system32\WS2_32.dll
0x00007ffa2fd20000 - 0x00007ffa2fd4a000 	C:\WINDOWS\SYSTEM32\WINMMBASE.dll
0x00007ffa38d40000 - 0x00007ffa38d49000 	C:\WINDOWS\system32\NSI.dll
0x00007ffa37340000 - 0x00007ffa3738a000 	C:\WINDOWS\SYSTEM32\cfgmgr32.dll
0x00007ffa35d00000 - 0x00007ffa35d26000 	C:\WINDOWS\SYSTEM32\DEVOBJ.dll
0x000000005e410000 - 0x000000005e41f000 	C:\Program Files\Java\jdk1.7.0_51\jre\bin\verify.dll
0x000000005e3e0000 - 0x000000005e408000 	C:\Program Files\Java\jdk1.7.0_51\jre\bin\java.dll
0x000000005e3c0000 - 0x000000005e3d5000 	C:\Program Files\Java\jdk1.7.0_51\jre\bin\zip.dll
0x00007ffa2de00000 - 0x00007ffa2de10000 	C:\Program Files (x86)\JetBrains\IntelliJ IDEA Community Edition 13.0.2\bin\breakgen64.dll
0x000000005e3a0000 - 0x000000005e3b9000 	C:\Program Files\Java\jdk1.7.0_51\jre\bin\net.dll
0x00007ffa367b0000 - 0x00007ffa36808000 	C:\WINDOWS\system32\mswsock.dll
0x000000005e380000 - 0x000000005e391000 	C:\Program Files\Java\jdk1.7.0_51\jre\bin\nio.dll
0x00007ffa365c0000 - 0x00007ffa36663000 	C:\WINDOWS\SYSTEM32\DNSAPI.dll
0x00000000609f0000 - 0x0000000060a25000 	C:\Program Files\Bonjour\mdnsNSP.dll
0x00007ffa32570000 - 0x00007ffa32599000 	C:\WINDOWS\SYSTEM32\Iphlpapi.DLL
0x00007ffa322a0000 - 0x00007ffa322aa000 	C:\WINDOWS\SYSTEM32\WINNSI.DLL
0x00007ffa2ede0000 - 0x00007ffa2ede9000 	C:\Windows\System32\rasadhlp.dll
0x00007ffa31ac0000 - 0x00007ffa31b28000 	C:\WINDOWS\System32\fwpuclnt.dll
0x0000000069340000 - 0x00000000693c5000 	C:\Users\Matthew\AppData\Local\Temp\sqlite-3.7.2-sqlitejdbc.dll
0x00007ffa36810000 - 0x00007ffa3682e000 	C:\WINDOWS\SYSTEM32\CRYPTSP.dll
0x00007ffa36400000 - 0x00007ffa36435000 	C:\WINDOWS\system32\rsaenh.dll
0x00007ffa36a40000 - 0x00007ffa36a66000 	C:\WINDOWS\SYSTEM32\bcrypt.dll
0x00007ffa36d60000 - 0x00007ffa36dc0000 	C:\WINDOWS\system32\bcryptprimitives.dll
0x00007ffa36dc0000 - 0x00007ffa36dca000 	C:\WINDOWS\SYSTEM32\CRYPTBASE.dll
0x00007ffa2d370000 - 0x00007ffa2d384000 	C:\WINDOWS\system32\napinsp.dll
0x00007ffa2d390000 - 0x00007ffa2d3a9000 	C:\WINDOWS\system32\pnrpnsp.dll
0x00007ffa32db0000 - 0x00007ffa32dc9000 	C:\WINDOWS\system32\NLAapi.dll
0x00007ffa2d5c0000 - 0x00007ffa2d5cc000 	C:\WINDOWS\System32\winrnr.dll
0x00007ffa2d3b0000 - 0x00007ffa2d3c3000 	C:\WINDOWS\system32\wshbth.dll
0x00007ffa2ab30000 - 0x00007ffa2acb8000 	C:\WINDOWS\SYSTEM32\dbghelp.dll

VM Arguments:
jvm_args: -Didea.launcher.port=7543 -Didea.launcher.bin.path=C:\Program Files (x86)\JetBrains\IntelliJ IDEA Community Edition 13.0.2\bin -Dfile.encoding=UTF-8 
java_command: com.intellij.rt.execution.application.AppMain mattmc.mankini.MankiniBot
Launcher Type: SUN_STANDARD

Environment Variables:
JAVA_HOME=C:\Program Files\Java\jdk1.7.0_51
PATH=C:\Program Files (x86)\AMD APP\bin\x86_64;C:\Program Files (x86)\AMD APP\bin\x86;C:\WINDOWS\system32;C:\WINDOWS;C:\WINDOWS\System32\Wbem;C:\WINDOWS\System32\WindowsPowerShell\v1.0\;C:\Program Files (x86)\ATI Technologies\ATI.ACE\Core-Static;C:\Program Files\apache-maven-3.1.1\bin;C:\Program Files (x86)\Git\cmd;C:\Program Files (x86)\scala\bin;C:\Program Files\adb\;C:\Program Files (x86)\Windows Live\Shared;C:\Program Files\Perl\bin\
USERNAME=Matthew
OS=Windows_NT
PROCESSOR_IDENTIFIER=Intel64 Family 6 Model 23 Stepping 6, GenuineIntel



---------------  S Y S T E M  ---------------

OS: Windows 8 , 64 bit Build 9200 

CPU:total 2 (2 cores per cpu, 1 threads per core) family 6 model 23 stepping 6, cmov, cx8, fxsr, mmx, sse, sse2, sse3, ssse3, sse4.1, tsc

Memory: 4k page, physical 6184968k(1455848k free), swap 16405400k(4948784k free)

vm_info: Java HotSpot(TM) 64-Bit Server VM (24.51-b03) for windows-amd64 JRE (1.7.0_51-b13), built on Dec 18 2013 18:40:56 by "java_re" with unknown MS VC++:1600

time: Sat Jul 12 15:39:01 2014
elapsed time: 62 seconds

