#
# A fatal error has been detected by the Java Runtime Environment:
#
#  EXCEPTION_ACCESS_VIOLATION (0xc0000005) at pc=0x00000000693878bd, pid=6152, tid=9704
#
# JRE version: Java(TM) SE Runtime Environment (7.0_51-b13) (build 1.7.0_51-b13)
# Java VM: Java HotSpot(TM) 64-Bit Server VM (24.51-b03 mixed mode windows-amd64 compressed oops)
# Problematic frame:
# C  [sqlite-3.7.2-sqlitejdbc.dll+0x478bd]
#
# Failed to write core dump. Minidumps are not enabled by default on client versions of Windows
#
# If you would like to submit a bug report, please visit:
#   http://bugreport.sun.com/bugreport/crash.jsp
# The crash happened outside the Java Virtual Machine in native code.
# See problematic frame for where to report the bug.
#

---------------  T H R E A D  ---------------

Current thread (0x000000000b589000):  JavaThread "listenerPool0-thread12" daemon [_thread_in_native, id=9704, stack(0x000000000c940000,0x000000000ca40000)]

siginfo: ExceptionCode=0xc0000005, reading address 0x0000000000000058

Registers:
RAX=0x0000000000000000, RBX=0x000000000bcfdcb8, RCX=0x000000000bcfdcb8, RDX=0x000000000ca3ec60
RSP=0x000000000ca3ebb0, RBP=0x000000000ca3eca0, RSI=0x0000000000000000, RDI=0x000000009c60add8
R8 =0x000000000bcfdcb8, R9 =0x000000000b567f00, R10=0x0000000000000000, R11=0x0000000000000287
R12=0x0000000000000000, R13=0x000000000ca3ec90, R14=0x000000000ca3ec60, R15=0x000000000b589000
RIP=0x00000000693878bd, EFLAGS=0x0000000000010206

Top of Stack: (sp=0x000000000ca3ebb0)
0x000000000ca3ebb0:   000000000b560878 000000000b589000
0x000000000ca3ebc0:   000000000ca3ec90 0000000000000000
0x000000000ca3ebd0:   000000000af8fb00 000000005e5fff89
0x000000000ca3ebe0:   000000000ca3f3c8 000000000b589000
0x000000000ca3ebf0:   00000000e08310f0 00000000e0831620
0x000000000ca3ec00:   000000009c6a2348 00000000693422a5
0x000000000ca3ec10:   000000000b589000 00000000e0831620
0x000000000ca3ec20:   000000009c6a2348 000000009cec8d18
0x000000000ca3ec30:   000000000bcfdcb8 0000000002d13adf
0x000000000ca3ec40:   000000000ca3ec58 000000000ca3ecc0
0x000000000ca3ec50:   0000000002c662d3 0000000000000002
0x000000000ca3ec60:   00000000e0831620 00000000e2186858
0x000000000ca3ec70:   0000000000000000 00000000e0831f90
0x000000000ca3ec80:   000000000ca3ec80 000000009ce87271
0x000000000ca3ec90:   0000000000000003 000000009ce89ad0
0x000000000ca3eca0:   000000000ca3ed38 0000000002d105bc 

Instructions: (pc=0x00000000693878bd)
0x000000006938789d:   48 8b 7c 24 30 48 83 c4 38 c3 56 53 48 83 ec 48
0x00000000693878ad:   48 89 cb be 00 00 00 00 48 85 c9 74 5f 48 8b 01
0x00000000693878bd:   48 8b 48 58 e8 8f c0 fb ff 48 89 d9 e8 4c fa ff
0x00000000693878cd:   ff 89 c6 c7 44 24 30 00 00 00 00 c7 44 24 28 00 


Register to memory mapping:

RAX=0x0000000000000000 is an unknown value
RBX=0x000000000bcfdcb8 is an unknown value
RCX=0x000000000bcfdcb8 is an unknown value
RDX=0x000000000ca3ec60 is pointing into the stack for thread: 0x000000000b589000
RSP=0x000000000ca3ebb0 is pointing into the stack for thread: 0x000000000b589000
RBP=0x000000000ca3eca0 is pointing into the stack for thread: 0x000000000b589000
RSI=0x0000000000000000 is an unknown value
RDI=0x000000009c60add8 is an oop
{instance class} 
 - klass: {other class}
R8 =0x000000000bcfdcb8 is an unknown value
R9 =0x000000000b567f00 is an unknown value
R10=0x0000000000000000 is an unknown value
R11=0x0000000000000287 is an unknown value
R12=0x0000000000000000 is an unknown value
R13=0x000000000ca3ec90 is pointing into the stack for thread: 0x000000000b589000
R14=0x000000000ca3ec60 is pointing into the stack for thread: 0x000000000b589000
R15=0x000000000b589000 is a thread


Stack: [0x000000000c940000,0x000000000ca40000],  sp=0x000000000ca3ebb0,  free space=1018k
Native frames: (J=compiled Java code, j=interpreted, Vv=VM code, C=native code)
C  [sqlite-3.7.2-sqlitejdbc.dll+0x478bd]
J  org.sqlite.RS.close()V
j  mattmc.mankini.module.ModuleKinis.getKinis(Ljava/lang/String;)Ljava/lang/String;+39
j  mattmc.mankini.module.ModuleKinis.addKinis(Ljava/lang/String;I)V+10
j  mattmc.mankini.module.ModuleKinis.setUserAmount(Ljava/lang/String;Ljava/lang/String;)V+16
j  mattmc.mankini.module.ModuleKinis.onMessage(Lorg/pircbotx/hooks/events/MessageEvent;)V+1435
j  org.pircbotx.hooks.ListenerAdapter.onEvent(Lorg/pircbotx/hooks/Event;)V+210
j  org.pircbotx.hooks.managers.ThreadedListenerManager$1.call()Ljava/lang/Void;+18
j  org.pircbotx.hooks.managers.ThreadedListenerManager$1.call()Ljava/lang/Object;+1
j  java.util.concurrent.FutureTask.run()V+42
j  java.util.concurrent.ThreadPoolExecutor.runWorker(Ljava/util/concurrent/ThreadPoolExecutor$Worker;)V+95
j  java.util.concurrent.ThreadPoolExecutor$Worker.run()V+5
j  java.lang.Thread.run()V+11
v  ~StubRoutines::call_stub
V  [jvm.dll+0x1cb2b3]

Java frames: (J=compiled Java code, j=interpreted, Vv=VM code)
J  org.sqlite.NativeDB.reset(J)I
J  org.sqlite.RS.close()V
j  org.sqlite.PrepStmt.executeQuery()Ljava/sql/ResultSet;+25
j  mattmc.mankini.module.ModuleKinis.getKinis(Ljava/lang/String;)Ljava/lang/String;+39
j  mattmc.mankini.module.ModuleKinis.addKinis(Ljava/lang/String;I)V+10
j  mattmc.mankini.module.ModuleKinis.setUserAmount(Ljava/lang/String;Ljava/lang/String;)V+16
j  mattmc.mankini.module.ModuleKinis.onMessage(Lorg/pircbotx/hooks/events/MessageEvent;)V+1435
j  org.pircbotx.hooks.ListenerAdapter.onEvent(Lorg/pircbotx/hooks/Event;)V+210
j  org.pircbotx.hooks.managers.ThreadedListenerManager$1.call()Ljava/lang/Void;+18
j  org.pircbotx.hooks.managers.ThreadedListenerManager$1.call()Ljava/lang/Object;+1
j  java.util.concurrent.FutureTask.run()V+42
j  java.util.concurrent.ThreadPoolExecutor.runWorker(Ljava/util/concurrent/ThreadPoolExecutor$Worker;)V+95
j  java.util.concurrent.ThreadPoolExecutor$Worker.run()V+5
j  java.lang.Thread.run()V+11
v  ~StubRoutines::call_stub

---------------  P R O C E S S  ---------------

Java Threads: ( => current thread )
  0x000000000b503800 JavaThread "listenerPool0-thread55" daemon [_thread_blocked, id=9508, stack(0x000000000fa20000,0x000000000fb20000)]
  0x000000000b504800 JavaThread "listenerPool0-thread54" daemon [_thread_blocked, id=10364, stack(0x000000000f920000,0x000000000fa20000)]
  0x000000000b500000 JavaThread "listenerPool0-thread52" daemon [_thread_blocked, id=3960, stack(0x000000000f720000,0x000000000f820000)]
  0x000000000b4fb800 JavaThread "listenerPool0-thread45" daemon [_thread_blocked, id=11052, stack(0x000000000f020000,0x000000000f120000)]
  0x000000000b550000 JavaThread "listenerPool0-thread31" daemon [_thread_blocked, id=11172, stack(0x000000000e220000,0x000000000e320000)]
  0x000000000b58d800 JavaThread "Thread-0" [_thread_in_native, id=7432, stack(0x000000000d220000,0x000000000d320000)]
  0x000000000b590000 JavaThread "listenerPool0-thread17" daemon [_thread_blocked, id=8812, stack(0x000000000ce40000,0x000000000cf40000)]
=>0x000000000b589000 JavaThread "listenerPool0-thread12" daemon [_thread_in_native, id=9704, stack(0x000000000c940000,0x000000000ca40000)]
  0x000000000b4f3000 JavaThread "listenerPool0-thread5" daemon [_thread_blocked, id=11144, stack(0x000000000c240000,0x000000000c340000)]
  0x000000000ae37800 JavaThread "Monitor Ctrl-Break" daemon [_thread_in_native, id=9840, stack(0x000000000b1e0000,0x000000000b2e0000)]
  0x0000000009a7f000 JavaThread "Service Thread" daemon [_thread_blocked, id=2592, stack(0x000000000abe0000,0x000000000ace0000)]
  0x0000000009a7c000 JavaThread "C2 CompilerThread1" daemon [_thread_blocked, id=10080, stack(0x000000000aae0000,0x000000000abe0000)]
  0x0000000009a70000 JavaThread "C2 CompilerThread0" daemon [_thread_blocked, id=10932, stack(0x000000000a9e0000,0x000000000aae0000)]
  0x0000000009a6e000 JavaThread "Attach Listener" daemon [_thread_blocked, id=9200, stack(0x000000000a8e0000,0x000000000a9e0000)]
  0x0000000009a6a800 JavaThread "Signal Dispatcher" daemon [_thread_blocked, id=8304, stack(0x000000000a7e0000,0x000000000a8e0000)]
  0x0000000009a3a000 JavaThread "Finalizer" daemon [_thread_blocked, id=9132, stack(0x000000000a6e0000,0x000000000a7e0000)]
  0x0000000009a2f000 JavaThread "Reference Handler" daemon [_thread_blocked, id=7988, stack(0x000000000a5e0000,0x000000000a6e0000)]
  0x0000000002c5e000 JavaThread "main" [_thread_in_native, id=5476, stack(0x00000000029e0000,0x0000000002ae0000)]

Other Threads:
  0x0000000009a2c800 VMThread [stack: 0x000000000a4e0000,0x000000000a5e0000] [id=8472]
  0x0000000009a8d800 WatcherThread [stack: 0x000000000ace0000,0x000000000ade0000] [id=9656]

VM state:not at safepoint (normal execution)

VM Mutex/Monitor currently owned by a thread: None

Heap
 PSYoungGen      total 28672K, used 4142K [0x00000000e0800000, 0x00000000e2780000, 0x0000000100000000)
  eden space 25088K, 2% used [0x00000000e0800000,0x00000000e0893868,0x00000000e2080000)
  from space 3584K, 99% used [0x00000000e2080000,0x00000000e23f8020,0x00000000e2400000)
  to   space 3584K, 0% used [0x00000000e2400000,0x00000000e2400000,0x00000000e2780000)
 ParOldGen       total 64512K, used 2226K [0x00000000a1800000, 0x00000000a5700000, 0x00000000e0800000)
  object space 64512K, 3% used [0x00000000a1800000,0x00000000a1a2caa0,0x00000000a5700000)
 PSPermGen       total 21504K, used 9074K [0x000000009c600000, 0x000000009db00000, 0x00000000a1800000)
  object space 21504K, 42% used [0x000000009c600000,0x000000009cedcaf8,0x000000009db00000)

Card table byte_map: [0x0000000005d20000,0x0000000006040000] byte_map_base: 0x000000000583d000

Polling page: 0x0000000001170000

Code Cache  [0x0000000002c60000, 0x0000000002ed0000, 0x0000000005c60000)
 total_blobs=445 nmethods=174 adapters=224 free_code_cache=48384Kb largest_free_block=49516480

Compilation events (10 events):
Event: 309.720 Thread 0x0000000009a70000  176   !         java.lang.ref.ReferenceQueue::enqueue (104 bytes)
Event: 309.725 Thread 0x0000000009a70000 nmethod 176 0x0000000002d18ad0 code [0x0000000002d18c40, 0x0000000002d193a8]
Event: 309.728 Thread 0x0000000009a70000  177 % !         java.lang.ref.Finalizer$FinalizerThread::run @ 13 (34 bytes)
Event: 309.734 Thread 0x0000000009a70000 nmethod 177% 0x0000000002d249d0 code [0x0000000002d24b80, 0x0000000002d25220]
Event: 309.738 Thread 0x0000000009a7c000  178             org.sqlite.Conn::close (35 bytes)
Event: 309.747 Thread 0x0000000009a70000  179             org.sqlite.Stmt::close (54 bytes)
Event: 309.750 Thread 0x0000000009a7c000 nmethod 178 0x0000000002d25690 code [0x0000000002d258a0, 0x0000000002d26480]
Event: 309.750 Thread 0x0000000009a7c000  180             org.sqlite.RS::finalize (5 bytes)
Event: 309.751 Thread 0x0000000009a7c000 nmethod 180 0x0000000002d18790 code [0x0000000002d188e0, 0x0000000002d189a8]
Event: 309.753 Thread 0x0000000009a70000 nmethod 179 0x0000000002cda690 code [0x0000000002cda820, 0x0000000002cdaec8]

GC Heap History (6 events):
Event: 3.560 GC heap before
{Heap before GC invocations=1 (full 0):
 PSYoungGen      total 28672K, used 25088K [0x00000000e0800000, 0x00000000e2780000, 0x0000000100000000)
  eden space 25088K, 100% used [0x00000000e0800000,0x00000000e2080000,0x00000000e2080000)
  from space 3584K, 0% used [0x00000000e2400000,0x00000000e2400000,0x00000000e2780000)
  to   space 3584K, 0% used [0x00000000e2080000,0x00000000e2080000,0x00000000e2400000)
 ParOldGen       total 64512K, used 0K [0x00000000a1800000, 0x00000000a5700000, 0x00000000e0800000)
  object space 64512K, 0% used [0x00000000a1800000,0x00000000a1800000,0x00000000a5700000)
 PSPermGen       total 21504K, used 8477K [0x000000009c600000, 0x000000009db00000, 0x00000000a1800000)
  object space 21504K, 39% used [0x000000009c600000,0x000000009ce47468,0x000000009db00000)
Event: 3.572 GC heap after
Heap after GC invocations=1 (full 0):
 PSYoungGen      total 28672K, used 3565K [0x00000000e0800000, 0x00000000e2780000, 0x0000000100000000)
  eden space 25088K, 0% used [0x00000000e0800000,0x00000000e0800000,0x00000000e2080000)
  from space 3584K, 99% used [0x00000000e2080000,0x00000000e23fb658,0x00000000e2400000)
  to   space 3584K, 0% used [0x00000000e2400000,0x00000000e2400000,0x00000000e2780000)
 ParOldGen       total 64512K, used 378K [0x00000000a1800000, 0x00000000a5700000, 0x00000000e0800000)
  object space 64512K, 0% used [0x00000000a1800000,0x00000000a185eaa0,0x00000000a5700000)
 PSPermGen       total 21504K, used 8477K [0x000000009c600000, 0x000000009db00000, 0x00000000a1800000)
  object space 21504K, 39% used [0x000000009c600000,0x000000009ce47468,0x000000009db00000)
}
Event: 95.015 GC heap before
{Heap before GC invocations=2 (full 0):
 PSYoungGen      total 28672K, used 28653K [0x00000000e0800000, 0x00000000e2780000, 0x0000000100000000)
  eden space 25088K, 100% used [0x00000000e0800000,0x00000000e2080000,0x00000000e2080000)
  from space 3584K, 99% used [0x00000000e2080000,0x00000000e23fb658,0x00000000e2400000)
  to   space 3584K, 0% used [0x00000000e2400000,0x00000000e2400000,0x00000000e2780000)
 ParOldGen       total 64512K, used 378K [0x00000000a1800000, 0x00000000a5700000, 0x00000000e0800000)
  object space 64512K, 0% used [0x00000000a1800000,0x00000000a185eaa0,0x00000000a5700000)
 PSPermGen       total 21504K, used 8956K [0x000000009c600000, 0x000000009db00000, 0x00000000a1800000)
  object space 21504K, 41% used [0x000000009c600000,0x000000009cebf130,0x000000009db00000)
Event: 95.032 GC heap after
Heap after GC invocations=2 (full 0):
 PSYoungGen      total 28672K, used 3312K [0x00000000e0800000, 0x00000000e2780000, 0x0000000100000000)
  eden space 25088K, 0% used [0x00000000e0800000,0x00000000e0800000,0x00000000e2080000)
  from space 3584K, 92% used [0x00000000e2400000,0x00000000e273c3f8,0x00000000e2780000)
  to   space 3584K, 0% used [0x00000000e2080000,0x00000000e2080000,0x00000000e2400000)
 ParOldGen       total 64512K, used 386K [0x00000000a1800000, 0x00000000a5700000, 0x00000000e0800000)
  object space 64512K, 0% used [0x00000000a1800000,0x00000000a1860aa0,0x00000000a5700000)
 PSPermGen       total 21504K, used 8956K [0x000000009c600000, 0x000000009db00000, 0x00000000a1800000)
  object space 21504K, 41% used [0x000000009c600000,0x000000009cebf130,0x000000009db00000)
}
Event: 309.675 GC heap before
{Heap before GC invocations=3 (full 0):
 PSYoungGen      total 28672K, used 28400K [0x00000000e0800000, 0x00000000e2780000, 0x0000000100000000)
  eden space 25088K, 100% used [0x00000000e0800000,0x00000000e2080000,0x00000000e2080000)
  from space 3584K, 92% used [0x00000000e2400000,0x00000000e273c3f8,0x00000000e2780000)
  to   space 3584K, 0% used [0x00000000e2080000,0x00000000e2080000,0x00000000e2400000)
 ParOldGen       total 64512K, used 386K [0x00000000a1800000, 0x00000000a5700000, 0x00000000e0800000)
  object space 64512K, 0% used [0x00000000a1800000,0x00000000a1860aa0,0x00000000a5700000)
 PSPermGen       total 21504K, used 9037K [0x000000009c600000, 0x000000009db00000, 0x00000000a1800000)
  object space 21504K, 42% used [0x000000009c600000,0x000000009ced37a8,0x000000009db00000)
Event: 309.704 GC heap after
Heap after GC invocations=3 (full 0):
 PSYoungGen      total 28672K, used 3552K [0x00000000e0800000, 0x00000000e2780000, 0x0000000100000000)
  eden space 25088K, 0% used [0x00000000e0800000,0x00000000e0800000,0x00000000e2080000)
  from space 3584K, 99% used [0x00000000e2080000,0x00000000e23f8020,0x00000000e2400000)
  to   space 3584K, 0% used [0x00000000e2400000,0x00000000e2400000,0x00000000e2780000)
 ParOldGen       total 64512K, used 2226K [0x00000000a1800000, 0x00000000a5700000, 0x00000000e0800000)
  object space 64512K, 3% used [0x00000000a1800000,0x00000000a1a2caa0,0x00000000a5700000)
 PSPermGen       total 21504K, used 9037K [0x000000009c600000, 0x000000009db00000, 0x00000000a1800000)
  object space 21504K, 42% used [0x000000009c600000,0x000000009ced37a8,0x000000009db00000)
}

Deoptimization events (10 events):
Event: 2.108 Thread 0x0000000002c5e000 Uncommon trap: reason=unloaded action=reinterpret pc=0x0000000002cda264 method=org.sqlite.SQLiteJDBCLoader.md5sum(Ljava/io/InputStream;)Ljava/lang/String; @ 35
Event: 2.117 Thread 0x0000000002c5e000 Uncommon trap: reason=unreached action=reinterpret pc=0x0000000002cea170 method=sun.security.provider.DigestBase.engineUpdate(B)V @ 4
Event: 3.532 Thread 0x0000000002c5e000 Uncommon trap: reason=unloaded action=reinterpret pc=0x0000000002cd1aec method=java.util.ArrayList.rangeCheck(I)V @ 8
Event: 52.098 Thread 0x0000000002c5e000 Uncommon trap: reason=unreached action=reinterpret pc=0x0000000002cf49d8 method=java.util.HashMap.addEntry(ILjava/lang/Object;Ljava/lang/Object;I)V @ 19
Event: 52.135 Thread 0x0000000002c5e000 Uncommon trap: reason=unreached action=reinterpret pc=0x0000000002cf3ecc method=java.util.HashSet.add(Ljava/lang/Object;)Z @ 11
Event: 95.083 Thread 0x0000000009a3a000 Uncommon trap: reason=unreached action=reinterpret pc=0x0000000002d0d184 method=java.lang.ref.ReferenceQueue.reallyPoll()Ljava/lang/ref/Reference; @ 18
Event: 95.083 Thread 0x0000000009a3a000 Uncommon trap: reason=unreached action=reinterpret pc=0x0000000002d0b7b0 method=java.lang.ref.ReferenceQueue.reallyPoll()Ljava/lang/ref/Reference; @ 4
Event: 309.704 Thread 0x0000000009a2f000 Uncommon trap: reason=unreached action=reinterpret pc=0x0000000002d0c100 method=java.lang.ref.ReferenceQueue.enqueue(Ljava/lang/ref/Reference;)Z @ 37
Event: 309.737 Thread 0x000000000b58d800 Uncommon trap: reason=unreached action=reinterpret pc=0x0000000002d04f34 method=java.util.HashMap$HashIterator.nextEntry()Ljava/util/HashMap$Entry; @ 48
Event: 309.836 Thread 0x000000000b589000 Uncommon trap: reason=unreached action=reinterpret pc=0x0000000002d26030 method=java.util.HashMap.entrySet0()Ljava/util/Set; @ 6

Internal exceptions (10 events):
Event: 52.139 Thread 0x0000000002c5e000 Threw 0x00000000e0b45f90 at C:\re\jdk7u51\527\hotspot\src\share\vm\prims\jvm.cpp:1244
Event: 52.140 Thread 0x0000000002c5e000 Threw 0x00000000e10b4860 at C:\re\jdk7u51\527\hotspot\src\share\vm\prims\jvm.cpp:1244
Event: 52.140 Thread 0x0000000002c5e000 Threw 0x00000000e10b9fd0 at C:\re\jdk7u51\527\hotspot\src\share\vm\prims\jvm.cpp:1244
Event: 52.141 Thread 0x0000000002c5e000 Threw 0x00000000e10beb48 at C:\re\jdk7u51\527\hotspot\src\share\vm\prims\jvm.cpp:1244
Event: 52.141 Thread 0x0000000002c5e000 Threw 0x00000000e10c36c0 at C:\re\jdk7u51\527\hotspot\src\share\vm\prims\jvm.cpp:1244
Event: 52.143 Thread 0x0000000002c5e000 Threw 0x00000000e10c82f8 at C:\re\jdk7u51\527\hotspot\src\share\vm\prims\jvm.cpp:1244
Event: 309.727 Thread 0x000000000b58d800 Threw 0x00000000e0800598 at C:\re\jdk7u51\527\hotspot\src\share\vm\prims\jvm.cpp:1244
Event: 309.728 Thread 0x000000000b58d800 Threw 0x00000000e0806b10 at C:\re\jdk7u51\527\hotspot\src\share\vm\prims\jvm.cpp:1244
Event: 309.735 Thread 0x000000000b58d800 Threw 0x00000000e080b8d0 at C:\re\jdk7u51\527\hotspot\src\share\vm\prims\jvm.cpp:1244
Event: 309.737 Thread 0x000000000b58d800 Threw 0x00000000e080f8c8 at C:\re\jdk7u51\527\hotspot\src\share\vm\prims\jvm.cpp:1244

Events (10 events):
Event: 309.825 Executing VM operation: RevokeBias done
Event: 309.826 Executing VM operation: RevokeBias
Event: 309.826 Executing VM operation: RevokeBias done
Event: 309.836 Thread 0x000000000b589000 Uncommon trap: trap_request=0xffffffad fr.pc=0x0000000002d26030
Event: 309.836 Thread 0x000000000b589000 DEOPT PACKING pc=0x0000000002d26030 sp=0x000000000ca3ecf0
Event: 309.836 Thread 0x000000000b589000 DEOPT UNPACKING pc=0x0000000002c99064 sp=0x000000000ca3eb90 mode 2
Event: 309.933 Executing VM operation: RevokeBias
Event: 309.933 Executing VM operation: RevokeBias done
Event: 309.939 Executing VM operation: RevokeBias
Event: 309.939 Executing VM operation: RevokeBias done


Dynamic libraries:
0x00007ff7ff740000 - 0x00007ff7ff773000 	C:\Program Files\Java\jdk1.7.0_51\bin\java.exe
0x00007ffa39b10000 - 0x00007ffa39cba000 	C:\WINDOWS\SYSTEM32\ntdll.dll
0x00007ffa392d0000 - 0x00007ffa3940a000 	C:\WINDOWS\system32\KERNEL32.DLL
0x00007ffa37180000 - 0x00007ffa3728f000 	C:\WINDOWS\system32\KERNELBASE.dll
0x00007ffa35ab0000 - 0x00007ffa35b38000 	C:\WINDOWS\system32\apphelp.dll
0x00007ffa2da30000 - 0x00007ffa2da7f000 	C:\WINDOWS\AppPatch\AppPatch64\AcGenral.DLL
0x00007ffa39800000 - 0x00007ffa398a7000 	C:\WINDOWS\system32\msvcrt.dll
0x00007ffa36d30000 - 0x00007ffa36d5b000 	C:\WINDOWS\SYSTEM32\SspiCli.dll
0x00007ffa39410000 - 0x00007ffa39461000 	C:\WINDOWS\system32\SHLWAPI.dll
0x00007ffa39150000 - 0x00007ffa392c1000 	C:\WINDOWS\system32\USER32.dll
0x00007ffa38ec0000 - 0x00007ffa39038000 	C:\WINDOWS\system32\ole32.dll
0x00007ffa37670000 - 0x00007ffa38a90000 	C:\WINDOWS\system32\SHELL32.dll
0x00007ffa36510000 - 0x00007ffa3652e000 	C:\WINDOWS\SYSTEM32\USERENV.dll
0x00007ffa390a0000 - 0x00007ffa39145000 	C:\WINDOWS\system32\ADVAPI32.dll
0x00007ffa30fa0000 - 0x00007ffa30fbb000 	C:\WINDOWS\SYSTEM32\MPR.dll
0x00007ffa37530000 - 0x00007ffa37666000 	C:\WINDOWS\system32\RPCRT4.dll
0x00007ffa38cd0000 - 0x00007ffa38d27000 	C:\WINDOWS\SYSTEM32\sechost.dll
0x00007ffa38a90000 - 0x00007ffa38c66000 	C:\WINDOWS\SYSTEM32\combase.dll
0x00007ffa396b0000 - 0x00007ffa397f4000 	C:\WINDOWS\system32\GDI32.dll
0x00007ffa36e80000 - 0x00007ffa36e94000 	C:\WINDOWS\SYSTEM32\profapi.dll
0x00007ffa35780000 - 0x00007ffa3581f000 	C:\WINDOWS\SYSTEM32\SHCORE.dll
0x00007ffa39490000 - 0x00007ffa394c4000 	C:\WINDOWS\system32\IMM32.DLL
0x00007ffa373f0000 - 0x00007ffa37529000 	C:\WINDOWS\system32\MSCTF.dll
0x00007ffa350b0000 - 0x00007ffa3530a000 	C:\WINDOWS\WinSxS\amd64_microsoft.windows.common-controls_6595b64144ccf1df_6.0.9600.17031_none_6242a4b3ecbb55a1\COMCTL32.dll
0x000000005ebf0000 - 0x000000005ecc2000 	C:\Program Files\Java\jdk1.7.0_51\jre\bin\msvcr100.dll
0x000000005e420000 - 0x000000005ebe9000 	C:\Program Files\Java\jdk1.7.0_51\jre\bin\server\jvm.dll
0x00007ffa32900000 - 0x00007ffa32909000 	C:\WINDOWS\SYSTEM32\WSOCK32.dll
0x00007ffa2fd70000 - 0x00007ffa2fd8f000 	C:\WINDOWS\SYSTEM32\WINMM.dll
0x00007ffa38eb0000 - 0x00007ffa38eb7000 	C:\WINDOWS\system32\PSAPI.DLL
0x00007ffa39040000 - 0x00007ffa39098000 	C:\WINDOWS\system32\WS2_32.dll
0x00007ffa2fd20000 - 0x00007ffa2fd4a000 	C:\WINDOWS\SYSTEM32\WINMMBASE.dll
0x00007ffa38d40000 - 0x00007ffa38d49000 	C:\WINDOWS\system32\NSI.dll
0x00007ffa37340000 - 0x00007ffa3738a000 	C:\WINDOWS\SYSTEM32\cfgmgr32.dll
0x00007ffa35d00000 - 0x00007ffa35d26000 	C:\WINDOWS\SYSTEM32\DEVOBJ.dll
0x000000005e410000 - 0x000000005e41f000 	C:\Program Files\Java\jdk1.7.0_51\jre\bin\verify.dll
0x000000005e3e0000 - 0x000000005e408000 	C:\Program Files\Java\jdk1.7.0_51\jre\bin\java.dll
0x000000005e3c0000 - 0x000000005e3d5000 	C:\Program Files\Java\jdk1.7.0_51\jre\bin\zip.dll
0x00007ffa33a10000 - 0x00007ffa33a20000 	C:\Program Files (x86)\JetBrains\IntelliJ IDEA Community Edition 13.0.2\bin\breakgen64.dll
0x000000005e3a0000 - 0x000000005e3b9000 	C:\Program Files\Java\jdk1.7.0_51\jre\bin\net.dll
0x00007ffa367b0000 - 0x00007ffa36808000 	C:\WINDOWS\system32\mswsock.dll
0x000000005e380000 - 0x000000005e391000 	C:\Program Files\Java\jdk1.7.0_51\jre\bin\nio.dll
0x00007ffa365c0000 - 0x00007ffa36663000 	C:\WINDOWS\SYSTEM32\DNSAPI.dll
0x00000000609f0000 - 0x0000000060a25000 	C:\Program Files\Bonjour\mdnsNSP.dll
0x00007ffa32570000 - 0x00007ffa32599000 	C:\WINDOWS\SYSTEM32\Iphlpapi.DLL
0x00007ffa322a0000 - 0x00007ffa322aa000 	C:\WINDOWS\SYSTEM32\WINNSI.DLL
0x00007ffa2ede0000 - 0x00007ffa2ede9000 	C:\Windows\System32\rasadhlp.dll
0x00007ffa31ac0000 - 0x00007ffa31b28000 	C:\WINDOWS\System32\fwpuclnt.dll
0x0000000069340000 - 0x00000000693c5000 	C:\Users\Matthew\AppData\Local\Temp\sqlite-3.7.2-sqlitejdbc.dll
0x00007ffa36810000 - 0x00007ffa3682e000 	C:\WINDOWS\SYSTEM32\CRYPTSP.dll
0x00007ffa36400000 - 0x00007ffa36435000 	C:\WINDOWS\system32\rsaenh.dll
0x00007ffa36a40000 - 0x00007ffa36a66000 	C:\WINDOWS\SYSTEM32\bcrypt.dll
0x00007ffa36d60000 - 0x00007ffa36dc0000 	C:\WINDOWS\system32\bcryptprimitives.dll
0x00007ffa36dc0000 - 0x00007ffa36dca000 	C:\WINDOWS\SYSTEM32\CRYPTBASE.dll
0x00007ffa2d370000 - 0x00007ffa2d384000 	C:\WINDOWS\system32\napinsp.dll
0x00007ffa2d390000 - 0x00007ffa2d3a9000 	C:\WINDOWS\system32\pnrpnsp.dll
0x00007ffa32db0000 - 0x00007ffa32dc9000 	C:\WINDOWS\system32\NLAapi.dll
0x00007ffa2d5c0000 - 0x00007ffa2d5cc000 	C:\WINDOWS\System32\winrnr.dll
0x00007ffa2d3b0000 - 0x00007ffa2d3c3000 	C:\WINDOWS\system32\wshbth.dll
0x00007ffa2ab30000 - 0x00007ffa2acb8000 	C:\WINDOWS\SYSTEM32\dbghelp.dll

VM Arguments:
jvm_args: -Didea.launcher.port=7543 -Didea.launcher.bin.path=C:\Program Files (x86)\JetBrains\IntelliJ IDEA Community Edition 13.0.2\bin -Dfile.encoding=UTF-8 
java_command: com.intellij.rt.execution.application.AppMain mattmc.mankini.MankiniBot
Launcher Type: SUN_STANDARD

Environment Variables:
JAVA_HOME=C:\Program Files\Java\jdk1.7.0_51
PATH=C:\Program Files (x86)\AMD APP\bin\x86_64;C:\Program Files (x86)\AMD APP\bin\x86;C:\WINDOWS\system32;C:\WINDOWS;C:\WINDOWS\System32\Wbem;C:\WINDOWS\System32\WindowsPowerShell\v1.0\;C:\Program Files (x86)\ATI Technologies\ATI.ACE\Core-Static;C:\Program Files\apache-maven-3.1.1\bin;C:\Program Files (x86)\Git\cmd;C:\Program Files (x86)\scala\bin;C:\Program Files\adb\;C:\Program Files (x86)\Windows Live\Shared;C:\Program Files\Perl\bin\
USERNAME=Matthew
OS=Windows_NT
PROCESSOR_IDENTIFIER=Intel64 Family 6 Model 23 Stepping 6, GenuineIntel



---------------  S Y S T E M  ---------------

OS: Windows 8 , 64 bit Build 9200 

CPU:total 2 (2 cores per cpu, 1 threads per core) family 6 model 23 stepping 6, cmov, cx8, fxsr, mmx, sse, sse2, sse3, ssse3, sse4.1, tsc

Memory: 4k page, physical 6184968k(1697404k free), swap 16405400k(5457452k free)

vm_info: Java HotSpot(TM) 64-Bit Server VM (24.51-b03) for windows-amd64 JRE (1.7.0_51-b13), built on Dec 18 2013 18:40:56 by "java_re" with unknown MS VC++:1600

time: Sat Jul 12 14:23:39 2014
elapsed time: 309 seconds

