#
# A fatal error has been detected by the Java Runtime Environment:
#
#  EXCEPTION_ACCESS_VIOLATION (0xc0000005) at pc=0x00007ffa39b75e8e, pid=7720, tid=9124
#
# JRE version: Java(TM) SE Runtime Environment (7.0_51-b13) (build 1.7.0_51-b13)
# Java VM: Java HotSpot(TM) 64-Bit Server VM (24.51-b03 mixed mode windows-amd64 compressed oops)
# Problematic frame:
# C  [ntdll.dll+0x65e8e]
#
# Failed to write core dump. Minidumps are not enabled by default on client versions of Windows
#
# If you would like to submit a bug report, please visit:
#   http://bugreport.sun.com/bugreport/crash.jsp
# The crash happened outside the Java Virtual Machine in native code.
# See problematic frame for where to report the bug.
#

---------------  T H R E A D  ---------------

Current thread (0x000000000a8c2800):  JavaThread "listenerPool0-thread65" daemon [_thread_in_native, id=9124, stack(0x000000000f690000,0x000000000f790000)]

siginfo: ExceptionCode=0xc0000005, writing address 0x0000455341434f72

Registers:
RAX=0x0000455341434f4e, RBX=0x000000000b024ba0, RCX=0x000000000a000006, RDX=0x0000000000000000
RSP=0x000000000f78ed30, RBP=0x00007ff7fe6fc000, RSI=0x000000000b048d40, RDI=0x0000000000000000
R8 =0x000000000b022148, R9 =0x000000000a583d00, R10=0x00000000020d3503, R11=0x000000005e5ffaf0
R12=0x0000000000000000, R13=0x0000000000000000, R14=0x0000000000000000, R15=0x0000000000000000
RIP=0x00007ffa39b75e8e, EFLAGS=0x0000000000010213

Top of Stack: (sp=0x000000000f78ed30)
0x000000000f78ed30:   000000000f78efe8 000000005e5ece6d
0x000000000f78ed40:   0000000000000001 000000005e66676f
0x000000000f78ed50:   0000000000000001 000000005e5f3712
0x000000000f78ed60:   000000000a60c800 000000005e5f3712
0x000000000f78ed70:   0000000000000000 000000005e5f1764
0x000000000f78ed80:   00000000000003e8 0000000000000008
0x000000000f78ed90:   0000000000000000 000000005e5ed555
0x000000000f78eda0:   0000000000000bad 0000000000000bad
0x000000000f78edb0:   000058732b3a1605 0000000000000001
0x000000000f78edc0:   0000000000000004 0000000000000001
0x000000000f78edd0:   000000009cce0990 000000007ffe0372
0x000000000f78ede0:   000000000079d7a8 0000000000000000
0x000000000f78edf0:   00007ff7fe6fc000 00007ffa39b3cd14
0x000000000f78ee00:   000000000a8c2800 0000000000000000
0x000000000f78ee10:   000000000b024ba0 0000000000000001
0x000000000f78ee20:   0000000000000000 00000000020c6274 

Instructions: (pc=0x00007ffa39b75e8e)
0x00007ffa39b75e6e:   a8 01 0f 85 bd 00 00 00 8b c8 41 2b ce f0 0f b1
0x00007ffa39b75e7e:   4b 08 75 e9 48 8b 03 45 33 f6 48 83 f8 ff 74 03
0x00007ffa39b75e8e:   ff 40 24 41 bf 82 03 fe 7f 41 8a 0f 84 c9 0f 85
0x00007ffa39b75e9e:   f0 88 05 00 48 83 fe ff 0f 84 45 89 05 00 4c 8b 


Register to memory mapping:

RAX=0x0000455341434f4e is an unknown value
RBX=0x000000000b024ba0 is an unknown value
RCX=0x000000000a000006 is pointing into the stack for thread: 0x0000000008edb000
RDX=0x0000000000000000 is an unknown value
RSP=0x000000000f78ed30 is pointing into the stack for thread: 0x000000000a8c2800
RBP=0x00007ff7fe6fc000 is an unknown value
RSI=0x000000000b048d40 is an unknown value
RDI=0x0000000000000000 is an unknown value
R8 =0x000000000b022148 is an unknown value
R9 =0x000000000a583d00 is an unknown value
R10=0x00000000020d3503 is at code_begin+1027 in an Interpreter codelet
method entry point (kind = native_synchronized)  [0x00000000020d3100, 0x00000000020d3b20]  2592 bytes
R11=0x000000005e5ffaf0 is an unknown value
R12=0x0000000000000000 is an unknown value
R13=0x0000000000000000 is an unknown value
R14=0x0000000000000000 is an unknown value
R15=0x0000000000000000 is an unknown value


Stack: [0x000000000f690000,0x000000000f790000],  sp=0x000000000f78ed30,  free space=1019k
Native frames: (J=compiled Java code, j=interpreted, Vv=VM code, C=native code)
C  [ntdll.dll+0x65e8e]

Java frames: (J=compiled Java code, j=interpreted, Vv=VM code)
j  org.sqlite.NativeDB.reset(J)I+0
j  org.sqlite.RS.close()V+76
j  org.sqlite.PrepStmt.executeQuery()Ljava/sql/ResultSet;+25
j  mattmc.mankini.module.ModuleKinis.userExists(Ljava/lang/String;)Z+31
j  mattmc.mankini.module.ModuleKinis.onJoin(Lorg/pircbotx/hooks/events/JoinEvent;)V+8
j  org.pircbotx.hooks.ListenerAdapter.onEvent(Lorg/pircbotx/hooks/Event;)V+174
j  org.pircbotx.hooks.managers.ThreadedListenerManager$1.call()Ljava/lang/Void;+18
j  org.pircbotx.hooks.managers.ThreadedListenerManager$1.call()Ljava/lang/Object;+1
j  java.util.concurrent.FutureTask.run()V+42
j  java.util.concurrent.ThreadPoolExecutor.runWorker(Ljava/util/concurrent/ThreadPoolExecutor$Worker;)V+95
j  java.util.concurrent.ThreadPoolExecutor$Worker.run()V+5
j  java.lang.Thread.run()V+11
v  ~StubRoutines::call_stub

---------------  P R O C E S S  ---------------

Java Threads: ( => current thread )
  0x000000000a447000 JavaThread "listenerPool0-thread140" daemon [_thread_blocked, id=4148, stack(0x0000000014190000,0x0000000014290000)]
  0x000000000a446000 JavaThread "listenerPool0-thread139" daemon [_thread_blocked, id=4408, stack(0x0000000014090000,0x0000000014190000)]
  0x000000000a443000 JavaThread "listenerPool0-thread138" daemon [_thread_blocked, id=9128, stack(0x0000000013f90000,0x0000000014090000)]
  0x000000000a43f800 JavaThread "listenerPool0-thread137" daemon [_thread_blocked, id=10748, stack(0x0000000013e90000,0x0000000013f90000)]
  0x000000000a442800 JavaThread "listenerPool0-thread136" daemon [_thread_blocked, id=6448, stack(0x0000000013d90000,0x0000000013e90000)]
  0x000000000a43e800 JavaThread "listenerPool0-thread135" daemon [_thread_blocked, id=3964, stack(0x0000000013c90000,0x0000000013d90000)]
  0x000000000a440000 JavaThread "listenerPool0-thread134" daemon [_thread_blocked, id=2728, stack(0x0000000013b90000,0x0000000013c90000)]
  0x000000000a441800 JavaThread "listenerPool0-thread133" daemon [_thread_blocked, id=9844, stack(0x0000000013a90000,0x0000000013b90000)]
  0x000000000a441000 JavaThread "listenerPool0-thread132" daemon [_thread_blocked, id=10128, stack(0x0000000013990000,0x0000000013a90000)]
  0x000000000a43e000 JavaThread "listenerPool0-thread131" daemon [_thread_blocked, id=10916, stack(0x0000000013890000,0x0000000013990000)]
  0x000000000a43a000 JavaThread "listenerPool0-thread130" daemon [_thread_blocked, id=11232, stack(0x0000000013790000,0x0000000013890000)]
  0x000000000a43b000 JavaThread "listenerPool0-thread129" daemon [_thread_blocked, id=5356, stack(0x0000000013690000,0x0000000013790000)]
  0x000000000a43d000 JavaThread "listenerPool0-thread128" daemon [_thread_blocked, id=11112, stack(0x0000000013590000,0x0000000013690000)]
  0x000000000a43c800 JavaThread "listenerPool0-thread127" daemon [_thread_blocked, id=7644, stack(0x0000000013490000,0x0000000013590000)]
  0x000000000a439800 JavaThread "listenerPool0-thread126" daemon [_thread_blocked, id=5996, stack(0x0000000013390000,0x0000000013490000)]
  0x000000000a43b800 JavaThread "listenerPool0-thread125" daemon [_thread_blocked, id=8820, stack(0x0000000013290000,0x0000000013390000)]
  0x000000000a292000 JavaThread "listenerPool0-thread124" daemon [_thread_blocked, id=8752, stack(0x0000000013190000,0x0000000013290000)]
  0x000000000a291800 JavaThread "listenerPool0-thread123" daemon [_thread_blocked, id=9728, stack(0x0000000013090000,0x0000000013190000)]
  0x000000000a28e000 JavaThread "listenerPool0-thread122" daemon [_thread_blocked, id=10396, stack(0x0000000012f90000,0x0000000013090000)]
  0x000000000a290800 JavaThread "listenerPool0-thread121" daemon [_thread_blocked, id=10136, stack(0x0000000012e90000,0x0000000012f90000)]
  0x000000000a28f800 JavaThread "listenerPool0-thread120" daemon [_thread_blocked, id=10732, stack(0x0000000012d90000,0x0000000012e90000)]
  0x000000000a28f000 JavaThread "listenerPool0-thread119" daemon [_thread_blocked, id=7332, stack(0x0000000012c90000,0x0000000012d90000)]
  0x000000000a28a800 JavaThread "listenerPool0-thread118" daemon [_thread_blocked, id=9796, stack(0x0000000012b90000,0x0000000012c90000)]
  0x000000000a28d800 JavaThread "listenerPool0-thread117" daemon [_thread_blocked, id=9048, stack(0x0000000012a90000,0x0000000012b90000)]
  0x000000000a28b000 JavaThread "listenerPool0-thread116" daemon [_thread_blocked, id=9604, stack(0x0000000012990000,0x0000000012a90000)]
  0x000000000a28c800 JavaThread "listenerPool0-thread115" daemon [_thread_blocked, id=3772, stack(0x0000000012890000,0x0000000012990000)]
  0x000000000a28c000 JavaThread "listenerPool0-thread114" daemon [_thread_blocked, id=9360, stack(0x0000000012790000,0x0000000012890000)]
  0x000000000a286800 JavaThread "listenerPool0-thread113" daemon [_thread_blocked, id=172, stack(0x0000000012690000,0x0000000012790000)]
  0x000000000a289800 JavaThread "listenerPool0-thread112" daemon [_thread_blocked, id=7336, stack(0x0000000012590000,0x0000000012690000)]
  0x000000000a289000 JavaThread "listenerPool0-thread111" daemon [_thread_blocked, id=9676, stack(0x0000000012490000,0x0000000012590000)]
  0x000000000a288000 JavaThread "listenerPool0-thread110" daemon [_thread_blocked, id=9532, stack(0x0000000012390000,0x0000000012490000)]
  0x000000000a287800 JavaThread "listenerPool0-thread109" daemon [_thread_blocked, id=4816, stack(0x0000000012290000,0x0000000012390000)]
  0x000000000a286000 JavaThread "listenerPool0-thread108" daemon [_thread_blocked, id=5792, stack(0x0000000012190000,0x0000000012290000)]
  0x000000000a283000 JavaThread "listenerPool0-thread107" daemon [_thread_blocked, id=10484, stack(0x0000000012090000,0x0000000012190000)]
  0x000000000a285000 JavaThread "listenerPool0-thread106" daemon [_thread_blocked, id=4500, stack(0x0000000011f90000,0x0000000012090000)]
  0x000000000a283800 JavaThread "listenerPool0-thread105" daemon [_thread_blocked, id=10336, stack(0x0000000011e90000,0x0000000011f90000)]
  0x000000000a284800 JavaThread "listenerPool0-thread104" daemon [_thread_blocked, id=11092, stack(0x0000000011d90000,0x0000000011e90000)]
  0x000000000a506000 JavaThread "listenerPool0-thread103" daemon [_thread_blocked, id=10768, stack(0x0000000011c90000,0x0000000011d90000)]
  0x000000000a503000 JavaThread "listenerPool0-thread102" daemon [_thread_blocked, id=5444, stack(0x0000000011b90000,0x0000000011c90000)]
  0x000000000a503800 JavaThread "listenerPool0-thread101" daemon [_thread_blocked, id=10624, stack(0x0000000011a90000,0x0000000011b90000)]
  0x000000000a504800 JavaThread "listenerPool0-thread100" daemon [_thread_blocked, id=8276, stack(0x0000000011990000,0x0000000011a90000)]
  0x000000000a505000 JavaThread "listenerPool0-thread99" daemon [_thread_blocked, id=11072, stack(0x0000000011890000,0x0000000011990000)]
  0x000000000a4ff000 JavaThread "listenerPool0-thread98" daemon [_thread_blocked, id=8092, stack(0x0000000011790000,0x0000000011890000)]
  0x000000000a500800 JavaThread "listenerPool0-thread97" daemon [_thread_blocked, id=7772, stack(0x0000000011690000,0x0000000011790000)]
  0x000000000a502000 JavaThread "listenerPool0-thread96" daemon [_thread_blocked, id=9748, stack(0x0000000011590000,0x0000000011690000)]
  0x000000000a501800 JavaThread "listenerPool0-thread95" daemon [_thread_blocked, id=5876, stack(0x0000000011490000,0x0000000011590000)]
  0x000000000a500000 JavaThread "listenerPool0-thread94" daemon [_thread_blocked, id=9132, stack(0x0000000011390000,0x0000000011490000)]
  0x000000000a4fb800 JavaThread "listenerPool0-thread93" daemon [_thread_blocked, id=10444, stack(0x0000000011290000,0x0000000011390000)]
  0x000000000a4fe800 JavaThread "listenerPool0-thread92" daemon [_thread_blocked, id=10368, stack(0x0000000011190000,0x0000000011290000)]
  0x000000000a4fc000 JavaThread "listenerPool0-thread91" daemon [_thread_blocked, id=9928, stack(0x0000000011090000,0x0000000011190000)]
  0x000000000a4fd800 JavaThread "listenerPool0-thread90" daemon [_thread_blocked, id=8748, stack(0x0000000010f90000,0x0000000011090000)]
  0x000000000a4fa800 JavaThread "listenerPool0-thread89" daemon [_thread_blocked, id=6560, stack(0x0000000010e90000,0x0000000010f90000)]
  0x000000000a4fd000 JavaThread "listenerPool0-thread88" daemon [_thread_blocked, id=9648, stack(0x0000000010d90000,0x0000000010e90000)]
  0x000000000a4f7000 JavaThread "listenerPool0-thread87" daemon [_thread_blocked, id=11064, stack(0x0000000010c90000,0x0000000010d90000)]
  0x000000000a4f7800 JavaThread "listenerPool0-thread86" daemon [_thread_blocked, id=5452, stack(0x0000000010b90000,0x0000000010c90000)]
  0x000000000a4fa000 JavaThread "listenerPool0-thread85" daemon [_thread_blocked, id=9508, stack(0x0000000010a90000,0x0000000010b90000)]
  0x000000000a4f9000 JavaThread "listenerPool0-thread84" daemon [_thread_blocked, id=8328, stack(0x0000000010990000,0x0000000010a90000)]
  0x000000000a4f8800 JavaThread "listenerPool0-thread83" daemon [_thread_blocked, id=1124, stack(0x0000000010890000,0x0000000010990000)]
  0x000000000a8d0800 JavaThread "listenerPool0-thread82" daemon [_thread_blocked, id=9268, stack(0x0000000010790000,0x0000000010890000)]
  0x000000000a8d0000 JavaThread "listenerPool0-thread81" daemon [_thread_blocked, id=9668, stack(0x0000000010690000,0x0000000010790000)]
  0x000000000a8cc000 JavaThread "listenerPool0-thread80" daemon [_thread_blocked, id=10832, stack(0x0000000010590000,0x0000000010690000)]
  0x000000000a8cd800 JavaThread "listenerPool0-thread79" daemon [_thread_blocked, id=2264, stack(0x0000000010490000,0x0000000010590000)]
  0x000000000a8cf000 JavaThread "listenerPool0-thread78" daemon [_thread_blocked, id=9644, stack(0x0000000010390000,0x0000000010490000)]
  0x000000000a8ce800 JavaThread "listenerPool0-thread77" daemon [_thread_blocked, id=1548, stack(0x0000000010290000,0x0000000010390000)]
  0x000000000a8cd000 JavaThread "listenerPool0-thread76" daemon [_thread_blocked, id=11084, stack(0x0000000010190000,0x0000000010290000)]
  0x000000000a8c8800 JavaThread "listenerPool0-thread75" daemon [_thread_blocked, id=7436, stack(0x0000000010090000,0x0000000010190000)]
  0x000000000a8cb800 JavaThread "listenerPool0-thread74" daemon [_thread_blocked, id=9452, stack(0x000000000ff90000,0x0000000010090000)]
  0x000000000a8ca800 JavaThread "listenerPool0-thread73" daemon [_thread_blocked, id=9892, stack(0x000000000fe90000,0x000000000ff90000)]
  0x000000000a8ca000 JavaThread "listenerPool0-thread72" daemon [_thread_blocked, id=8884, stack(0x000000000fd90000,0x000000000fe90000)]
  0x000000000a8c7800 JavaThread "listenerPool0-thread71" daemon [_thread_blocked, id=7376, stack(0x000000000fc90000,0x000000000fd90000)]
  0x000000000a8c9000 JavaThread "listenerPool0-thread70" daemon [_thread_blocked, id=4784, stack(0x000000000fb90000,0x000000000fc90000)]
  0x000000000a8c4000 JavaThread "listenerPool0-thread69" daemon [_thread_blocked, id=10164, stack(0x000000000fa90000,0x000000000fb90000)]
  0x000000000a8c7000 JavaThread "listenerPool0-thread68" daemon [_thread_blocked, id=8520, stack(0x000000000f990000,0x000000000fa90000)]
  0x000000000a8c6000 JavaThread "listenerPool0-thread67" daemon [_thread_blocked, id=2176, stack(0x000000000f890000,0x000000000f990000)]
  0x000000000a8c5800 JavaThread "listenerPool0-thread66" daemon [_thread_blocked, id=8996, stack(0x000000000f790000,0x000000000f890000)]
=>0x000000000a8c2800 JavaThread "listenerPool0-thread65" daemon [_thread_in_native, id=9124, stack(0x000000000f690000,0x000000000f790000)]
  0x000000000a8c1800 JavaThread "listenerPool0-thread64" daemon [_thread_blocked, id=10048, stack(0x000000000f590000,0x000000000f690000)]
  0x000000000a8c3000 JavaThread "listenerPool0-thread63" daemon [_thread_blocked, id=5292, stack(0x000000000f490000,0x000000000f590000)]
  0x000000000a8c4800 JavaThread "listenerPool0-thread62" daemon [_thread_blocked, id=9060, stack(0x000000000f390000,0x000000000f490000)]
  0x000000000ab90800 JavaThread "listenerPool0-thread61" daemon [_thread_blocked, id=1396, stack(0x000000000f290000,0x000000000f390000)]
  0x000000000ab90000 JavaThread "listenerPool0-thread60" daemon [_thread_blocked, id=8292, stack(0x000000000f190000,0x000000000f290000)]
  0x000000000ab8e800 JavaThread "listenerPool0-thread59" daemon [_thread_blocked, id=9092, stack(0x000000000f090000,0x000000000f190000)]
  0x000000000ab91800 JavaThread "listenerPool0-thread58" daemon [_thread_blocked, id=8400, stack(0x000000000ef90000,0x000000000f090000)]
  0x000000000ab8d000 JavaThread "listenerPool0-thread57" daemon [_thread_blocked, id=11228, stack(0x000000000ee90000,0x000000000ef90000)]
  0x000000000ab8d800 JavaThread "listenerPool0-thread56" daemon [_thread_blocked, id=10888, stack(0x000000000ed90000,0x000000000ee90000)]
  0x000000000ab8c000 JavaThread "listenerPool0-thread55" daemon [_thread_blocked, id=5492, stack(0x000000000ec90000,0x000000000ed90000)]
  0x000000000ab8f000 JavaThread "listenerPool0-thread54" daemon [_thread_blocked, id=10812, stack(0x000000000eb90000,0x000000000ec90000)]
  0x000000000ab89000 JavaThread "listenerPool0-thread53" daemon [_thread_blocked, id=10780, stack(0x000000000ea90000,0x000000000eb90000)]
  0x000000000ab8a800 JavaThread "listenerPool0-thread52" daemon [_thread_blocked, id=10932, stack(0x000000000e990000,0x000000000ea90000)]
  0x000000000ab8b800 JavaThread "listenerPool0-thread51" daemon [_thread_blocked, id=6252, stack(0x000000000e890000,0x000000000e990000)]
  0x000000000ab87000 JavaThread "listenerPool0-thread50" daemon [_thread_blocked, id=6152, stack(0x000000000e790000,0x000000000e890000)]
  0x000000000ab8a000 JavaThread "listenerPool0-thread49" daemon [_thread_blocked, id=9692, stack(0x000000000e690000,0x000000000e790000)]
  0x000000000ab88800 JavaThread "listenerPool0-thread48" daemon [_thread_blocked, id=10588, stack(0x000000000e590000,0x000000000e690000)]
  0x000000000ab86000 JavaThread "listenerPool0-thread47" daemon [_thread_blocked, id=6940, stack(0x000000000e490000,0x000000000e590000)]
  0x000000000ab84800 JavaThread "listenerPool0-thread46" daemon [_thread_blocked, id=9400, stack(0x000000000e390000,0x000000000e490000)]
  0x000000000ab87800 JavaThread "listenerPool0-thread45" daemon [_thread_blocked, id=6728, stack(0x000000000e290000,0x000000000e390000)]
  0x000000000ab84000 JavaThread "listenerPool0-thread44" daemon [_thread_blocked, id=10392, stack(0x000000000e190000,0x000000000e290000)]
  0x000000000ab82800 JavaThread "listenerPool0-thread43" daemon [_thread_blocked, id=8504, stack(0x000000000e090000,0x000000000e190000)]
  0x000000000ab85800 JavaThread "listenerPool0-thread42" daemon [_thread_blocked, id=9368, stack(0x000000000df90000,0x000000000e090000)]
  0x000000000ab83000 JavaThread "listenerPool0-thread41" daemon [_thread_blocked, id=5664, stack(0x000000000de90000,0x000000000df90000)]
  0x000000000a582000 JavaThread "listenerPool0-thread40" daemon [_thread_blocked, id=8704, stack(0x000000000dd90000,0x000000000de90000)]
  0x000000000a57e000 JavaThread "listenerPool0-thread39" daemon [_thread_blocked, id=10080, stack(0x000000000dc90000,0x000000000dd90000)]
  0x000000000a581000 JavaThread "listenerPool0-thread38" daemon [_thread_blocked, id=3544, stack(0x000000000db90000,0x000000000dc90000)]
  0x000000000a57f000 JavaThread "listenerPool0-thread37" daemon [_thread_blocked, id=10360, stack(0x000000000da90000,0x000000000db90000)]
  0x000000000a580800 JavaThread "listenerPool0-thread36" daemon [_thread_blocked, id=10560, stack(0x000000000d990000,0x000000000da90000)]
  0x000000000a57f800 JavaThread "listenerPool0-thread35" daemon [_thread_blocked, id=7876, stack(0x000000000d890000,0x000000000d990000)]
  0x000000000a57c800 JavaThread "listenerPool0-thread34" daemon [_thread_blocked, id=1188, stack(0x000000000d790000,0x000000000d890000)]
  0x000000000a57d800 JavaThread "listenerPool0-thread33" daemon [_thread_blocked, id=11052, stack(0x000000000d690000,0x000000000d790000)]
  0x000000000a57c000 JavaThread "listenerPool0-thread32" daemon [_thread_blocked, id=6804, stack(0x000000000d590000,0x000000000d690000)]
  0x000000000a578000 JavaThread "listenerPool0-thread31" daemon [_thread_blocked, id=6080, stack(0x000000000d490000,0x000000000d590000)]
  0x000000000a57b000 JavaThread "listenerPool0-thread30" daemon [_thread_blocked, id=7596, stack(0x000000000d390000,0x000000000d490000)]
  0x000000000a579000 JavaThread "listenerPool0-thread29" daemon [_thread_blocked, id=8848, stack(0x000000000d290000,0x000000000d390000)]
  0x000000000a577800 JavaThread "listenerPool0-thread28" daemon [_thread_blocked, id=11108, stack(0x000000000d190000,0x000000000d290000)]
  0x000000000a57a800 JavaThread "Thread-0" [_thread_blocked, id=11200, stack(0x000000000cf90000,0x000000000d090000)]
  0x000000000a579800 JavaThread "listenerPool0-thread27" daemon [_thread_blocked, id=8324, stack(0x000000000cbb0000,0x000000000ccb0000)]
  0x000000000a573800 JavaThread "listenerPool0-thread26" daemon [_thread_blocked, id=8580, stack(0x000000000cab0000,0x000000000cbb0000)]
  0x000000000a576800 JavaThread "listenerPool0-thread25" daemon [_thread_blocked, id=4864, stack(0x000000000c9b0000,0x000000000cab0000)]
  0x000000000a574800 JavaThread "listenerPool0-thread24" daemon [_thread_blocked, id=9800, stack(0x000000000c8b0000,0x000000000c9b0000)]
  0x000000000a576000 JavaThread "listenerPool0-thread23" daemon [_thread_blocked, id=8928, stack(0x000000000c7b0000,0x000000000c8b0000)]
  0x000000000a573000 JavaThread "listenerPool0-thread22" daemon [_thread_blocked, id=10500, stack(0x000000000c6b0000,0x000000000c7b0000)]
  0x000000000a575000 JavaThread "listenerPool0-thread21" daemon [_thread_blocked, id=9964, stack(0x000000000c5b0000,0x000000000c6b0000)]
  0x000000000a591000 JavaThread "listenerPool0-thread20" daemon [_thread_blocked, id=10032, stack(0x000000000c4b0000,0x000000000c5b0000)]
  0x000000000a590000 JavaThread "listenerPool0-thread19" daemon [_thread_blocked, id=9996, stack(0x000000000c3b0000,0x000000000c4b0000)]
  0x000000000a591800 JavaThread "listenerPool0-thread18" daemon [_thread_blocked, id=7496, stack(0x000000000c2b0000,0x000000000c3b0000)]
  0x000000000a58f800 JavaThread "listenerPool0-thread17" daemon [_thread_blocked, id=11144, stack(0x000000000c1b0000,0x000000000c2b0000)]
  0x000000000a58b800 JavaThread "listenerPool0-thread16" daemon [_thread_blocked, id=7712, stack(0x000000000c0b0000,0x000000000c1b0000)]
  0x000000000a58c800 JavaThread "listenerPool0-thread15" daemon [_thread_blocked, id=2100, stack(0x000000000bfb0000,0x000000000c0b0000)]
  0x000000000a58e800 JavaThread "listenerPool0-thread14" daemon [_thread_blocked, id=6960, stack(0x000000000beb0000,0x000000000bfb0000)]
  0x000000000a58d000 JavaThread "listenerPool0-thread13" daemon [_thread_blocked, id=4704, stack(0x000000000bdb0000,0x000000000beb0000)]
  0x000000000a58e000 JavaThread "listenerPool0-thread12" daemon [_thread_blocked, id=9592, stack(0x000000000bcb0000,0x000000000bdb0000)]
  0x000000000a58b000 JavaThread "listenerPool0-thread11" daemon [_thread_blocked, id=10364, stack(0x000000000bbb0000,0x000000000bcb0000)]
  0x000000000ac91000 JavaThread "listenerPool0-thread10" daemon [_thread_blocked, id=10852, stack(0x000000000bab0000,0x000000000bbb0000)]
  0x000000000a4c0800 JavaThread "listenerPool0-thread9" daemon [_thread_blocked, id=680, stack(0x000000000b9b0000,0x000000000bab0000)]
  0x000000000a4c0000 JavaThread "listenerPool0-thread8" daemon [_thread_blocked, id=10952, stack(0x000000000b8b0000,0x000000000b9b0000)]
  0x000000000a8d4800 JavaThread "listenerPool0-thread7" daemon [_thread_blocked, id=5156, stack(0x000000000b7b0000,0x000000000b8b0000)]
  0x000000000a8d3800 JavaThread "listenerPool0-thread6" daemon [_thread_blocked, id=8668, stack(0x000000000b6b0000,0x000000000b7b0000)]
  0x000000000a4b9000 JavaThread "listenerPool0-thread5" daemon [_thread_blocked, id=8368, stack(0x000000000b5b0000,0x000000000b6b0000)]
  0x000000000a4ae800 JavaThread "listenerPool0-thread4" daemon [_thread_blocked, id=1628, stack(0x000000000b4b0000,0x000000000b5b0000)]
  0x000000000a4b4000 JavaThread "listenerPool0-thread3" daemon [_thread_blocked, id=8812, stack(0x000000000b3b0000,0x000000000b4b0000)]
  0x000000000a93f000 JavaThread "listenerPool0-thread2" daemon [_thread_blocked, id=6880, stack(0x000000000b2b0000,0x000000000b3b0000)]
  0x000000000ac3f000 JavaThread "listenerPool0-thread1" daemon [_thread_blocked, id=9840, stack(0x000000000b1b0000,0x000000000b2b0000)]
  0x000000000a27a800 JavaThread "Monitor Ctrl-Break" daemon [_thread_in_native, id=7252, stack(0x000000000a620000,0x000000000a720000)]
  0x0000000008edc000 JavaThread "Service Thread" daemon [_thread_blocked, id=9704, stack(0x000000000a020000,0x000000000a120000)]
  0x0000000008edb000 JavaThread "C2 CompilerThread1" daemon [_thread_blocked, id=10744, stack(0x0000000009f20000,0x000000000a020000)]
  0x0000000008ecf000 JavaThread "C2 CompilerThread0" daemon [_thread_blocked, id=8524, stack(0x0000000009e20000,0x0000000009f20000)]
  0x0000000008ecd000 JavaThread "Attach Listener" daemon [_thread_blocked, id=6212, stack(0x0000000009d20000,0x0000000009e20000)]
  0x0000000008ecb800 JavaThread "Signal Dispatcher" daemon [_thread_blocked, id=10016, stack(0x0000000009c20000,0x0000000009d20000)]
  0x0000000008e9a000 JavaThread "Finalizer" daemon [_thread_blocked, id=2908, stack(0x0000000009b20000,0x0000000009c20000)]
  0x0000000008e8f000 JavaThread "Reference Handler" daemon [_thread_blocked, id=10012, stack(0x0000000009a20000,0x0000000009b20000)]
  0x00000000006ee000 JavaThread "main" [_thread_in_native, id=10088, stack(0x0000000001ec0000,0x0000000001fc0000)]

Other Threads:
  0x0000000008e8c800 VMThread [stack: 0x0000000009920000,0x0000000009a20000] [id=668]
  0x0000000008eec800 WatcherThread [stack: 0x000000000a120000,0x000000000a220000] [id=5148]

VM state:not at safepoint (normal execution)

VM Mutex/Monitor currently owned by a thread: None

Heap
 PSYoungGen      total 28672K, used 24309K [0x00000000e0800000, 0x00000000e2780000, 0x0000000100000000)
  eden space 25088K, 82% used [0x00000000e0800000,0x00000000e1c420e8,0x00000000e2080000)
  from space 3584K, 99% used [0x00000000e2080000,0x00000000e23fb3d0,0x00000000e2400000)
  to   space 3584K, 0% used [0x00000000e2400000,0x00000000e2400000,0x00000000e2780000)
 ParOldGen       total 64512K, used 332K [0x00000000a1800000, 0x00000000a5700000, 0x00000000e0800000)
  object space 64512K, 0% used [0x00000000a1800000,0x00000000a18530a8,0x00000000a5700000)
 PSPermGen       total 21504K, used 8938K [0x000000009c600000, 0x000000009db00000, 0x00000000a1800000)
  object space 21504K, 41% used [0x000000009c600000,0x000000009cebab18,0x000000009db00000)

Card table byte_map: [0x0000000005180000,0x00000000054a0000] byte_map_base: 0x0000000004c9d000

Polling page: 0x00000000004d0000

Code Cache  [0x00000000020c0000, 0x0000000002330000, 0x00000000050c0000)
 total_blobs=390 nmethods=120 adapters=224 free_code_cache=48416Kb largest_free_block=49539264

Compilation events (10 events):
Event: 14.199 Thread 0x0000000008ecf000 nmethod 114 0x0000000002170610 code [0x0000000002170780, 0x0000000002170c68]
Event: 14.201 Thread 0x0000000008ecf000  116             sun.nio.cs.StreamEncoder::isOpen (5 bytes)
Event: 14.201 Thread 0x0000000008edb000 nmethod 115 0x000000000216a790 code [0x000000000216a8e0, 0x000000000216ade8]
Event: 14.201 Thread 0x0000000008ecf000 nmethod 116 0x0000000002162510 code [0x0000000002162640, 0x0000000002162698]
Event: 14.251 Thread 0x0000000008edb000  117             java.io.BufferedReader::readLine (6 bytes)
Event: 14.252 Thread 0x0000000008edb000 nmethod 117 0x00000000021622d0 code [0x0000000002162420, 0x0000000002162488]
Event: 18.972 Thread 0x0000000008ecf000  118             mattmc.mankini.module.ModuleKinis::onMessage (1435 bytes)
Event: 19.100 Thread 0x0000000008ecf000 nmethod 118 0x00000000021787d0 code [0x0000000002178fe0, 0x000000000217c518]
Event: 24.298 Thread 0x0000000008edb000  120             java.util.HashMap::indexFor (6 bytes)
Event: 24.298 Thread 0x0000000008edb000 nmethod 120 0x0000000002161d50 code [0x0000000002161e80, 0x0000000002161eb8]

GC Heap History (2 events):
Event: 3.895 GC heap before
{Heap before GC invocations=1 (full 0):
 PSYoungGen      total 28672K, used 25088K [0x00000000e0800000, 0x00000000e2780000, 0x0000000100000000)
  eden space 25088K, 100% used [0x00000000e0800000,0x00000000e2080000,0x00000000e2080000)
  from space 3584K, 0% used [0x00000000e2400000,0x00000000e2400000,0x00000000e2780000)
  to   space 3584K, 0% used [0x00000000e2080000,0x00000000e2080000,0x00000000e2400000)
 ParOldGen       total 64512K, used 0K [0x00000000a1800000, 0x00000000a5700000, 0x00000000e0800000)
  object space 64512K, 0% used [0x00000000a1800000,0x00000000a1800000,0x00000000a5700000)
 PSPermGen       total 21504K, used 8476K [0x000000009c600000, 0x000000009db00000, 0x00000000a1800000)
  object space 21504K, 39% used [0x000000009c600000,0x000000009ce47270,0x000000009db00000)
Event: 3.904 GC heap after
Heap after GC invocations=1 (full 0):
 PSYoungGen      total 28672K, used 3564K [0x00000000e0800000, 0x00000000e2780000, 0x0000000100000000)
  eden space 25088K, 0% used [0x00000000e0800000,0x00000000e0800000,0x00000000e2080000)
  from space 3584K, 99% used [0x00000000e2080000,0x00000000e23fb3d0,0x00000000e2400000)
  to   space 3584K, 0% used [0x00000000e2400000,0x00000000e2400000,0x00000000e2780000)
 ParOldGen       total 64512K, used 332K [0x00000000a1800000, 0x00000000a5700000, 0x00000000e0800000)
  object space 64512K, 0% used [0x00000000a1800000,0x00000000a18530a8,0x00000000a5700000)
 PSPermGen       total 21504K, used 8476K [0x000000009c600000, 0x000000009db00000, 0x00000000a1800000)
  object space 21504K, 39% used [0x000000009c600000,0x000000009ce47270,0x000000009db00000)
}

Deoptimization events (8 events):
Event: 2.299 Thread 0x00000000006ee000 Uncommon trap: reason=unreached action=reinterpret pc=0x0000000002138f18 method=sun.misc.URLClassPath$JarLoader.ensureOpen()V @ 4
Event: 2.326 Thread 0x00000000006ee000 Uncommon trap: reason=class_check action=maybe_recompile pc=0x000000000212ba00 method=java.util.Properties$LineReader.readLine()I @ 62
Event: 2.326 Thread 0x00000000006ee000 Uncommon trap: reason=class_check action=maybe_recompile pc=0x000000000212ba00 method=java.util.Properties$LineReader.readLine()I @ 62
Event: 2.474 Thread 0x00000000006ee000 Uncommon trap: reason=unloaded action=reinterpret pc=0x0000000002133324 method=org.sqlite.SQLiteJDBCLoader.md5sum(Ljava/io/InputStream;)Ljava/lang/String; @ 35
Event: 2.475 Thread 0x00000000006ee000 Uncommon trap: reason=unreached action=reinterpret pc=0x00000000021351f0 method=sun.security.provider.DigestBase.engineUpdate(B)V @ 4
Event: 3.868 Thread 0x00000000006ee000 Uncommon trap: reason=unloaded action=reinterpret pc=0x0000000002130bec method=java.util.ArrayList.rangeCheck(I)V @ 8
Event: 18.982 Thread 0x000000000a575000 Uncommon trap: reason=class_check action=maybe_recompile pc=0x0000000002162cc0 method=java.io.Writer.write(Ljava/lang/String;)V @ 7
Event: 18.982 Thread 0x000000000a575000 Uncommon trap: reason=class_check action=maybe_recompile pc=0x0000000002169604 method=sun.nio.cs.StreamEncoder.writeBytes()V @ 120

Internal exceptions (10 events):
Event: 24.104 Thread 0x00000000006ee000 Threw 0x00000000e104abd8 at C:\re\jdk7u51\527\hotspot\src\share\vm\prims\jvm.cpp:1244
Event: 24.104 Thread 0x00000000006ee000 Threw 0x00000000e104fe98 at C:\re\jdk7u51\527\hotspot\src\share\vm\prims\jvm.cpp:1244
Event: 24.105 Thread 0x00000000006ee000 Threw 0x00000000e1055a78 at C:\re\jdk7u51\527\hotspot\src\share\vm\prims\jvm.cpp:1244
Event: 24.106 Thread 0x00000000006ee000 Threw 0x00000000e105aff8 at C:\re\jdk7u51\527\hotspot\src\share\vm\prims\jvm.cpp:1244
Event: 24.107 Thread 0x00000000006ee000 Threw 0x00000000e1060388 at C:\re\jdk7u51\527\hotspot\src\share\vm\prims\jvm.cpp:1244
Event: 24.108 Thread 0x00000000006ee000 Threw 0x00000000e1065948 at C:\re\jdk7u51\527\hotspot\src\share\vm\prims\jvm.cpp:1244
Event: 24.109 Thread 0x00000000006ee000 Threw 0x00000000e106b0b8 at C:\re\jdk7u51\527\hotspot\src\share\vm\prims\jvm.cpp:1244
Event: 24.109 Thread 0x00000000006ee000 Threw 0x00000000e106fc30 at C:\re\jdk7u51\527\hotspot\src\share\vm\prims\jvm.cpp:1244
Event: 24.110 Thread 0x00000000006ee000 Threw 0x00000000e11ece30 at C:\re\jdk7u51\527\hotspot\src\share\vm\prims\jvm.cpp:1244
Event: 24.111 Thread 0x00000000006ee000 Threw 0x00000000e11f1a68 at C:\re\jdk7u51\527\hotspot\src\share\vm\prims\jvm.cpp:1244

Events (10 events):
Event: 24.281 loading class 0x000000000a5090d0
Event: 24.281 loading class 0x000000000a5090d0 done
Event: 24.284 loading class 0x0000000002028a90
Event: 24.284 loading class 0x0000000002028a90 done
Event: 24.285 Executing VM operation: RevokeBias
Event: 24.289 Executing VM operation: RevokeBias done
Event: 24.291 Executing VM operation: RevokeBias
Event: 24.291 Executing VM operation: RevokeBias done
Event: 24.295 Executing VM operation: RevokeBias
Event: 24.295 Executing VM operation: RevokeBias done


Dynamic libraries:
0x00007ff7ff740000 - 0x00007ff7ff773000 	C:\Program Files\Java\jdk1.7.0_51\bin\java.exe
0x00007ffa39b10000 - 0x00007ffa39cba000 	C:\WINDOWS\SYSTEM32\ntdll.dll
0x00007ffa392d0000 - 0x00007ffa3940a000 	C:\WINDOWS\system32\KERNEL32.DLL
0x00007ffa37180000 - 0x00007ffa3728f000 	C:\WINDOWS\system32\KERNELBASE.dll
0x00007ffa35ab0000 - 0x00007ffa35b38000 	C:\WINDOWS\system32\apphelp.dll
0x00007ffa2da10000 - 0x00007ffa2da5f000 	C:\WINDOWS\AppPatch\AppPatch64\AcGenral.DLL
0x00007ffa39800000 - 0x00007ffa398a7000 	C:\WINDOWS\system32\msvcrt.dll
0x00007ffa36d30000 - 0x00007ffa36d5b000 	C:\WINDOWS\SYSTEM32\SspiCli.dll
0x00007ffa39410000 - 0x00007ffa39461000 	C:\WINDOWS\system32\SHLWAPI.dll
0x00007ffa39150000 - 0x00007ffa392c1000 	C:\WINDOWS\system32\USER32.dll
0x00007ffa38ec0000 - 0x00007ffa39038000 	C:\WINDOWS\system32\ole32.dll
0x00007ffa37670000 - 0x00007ffa38a90000 	C:\WINDOWS\system32\SHELL32.dll
0x00007ffa36510000 - 0x00007ffa3652e000 	C:\WINDOWS\SYSTEM32\USERENV.dll
0x00007ffa390a0000 - 0x00007ffa39145000 	C:\WINDOWS\system32\ADVAPI32.dll
0x00007ffa30fa0000 - 0x00007ffa30fbb000 	C:\WINDOWS\SYSTEM32\MPR.dll
0x00007ffa37530000 - 0x00007ffa37666000 	C:\WINDOWS\system32\RPCRT4.dll
0x00007ffa38cd0000 - 0x00007ffa38d27000 	C:\WINDOWS\SYSTEM32\sechost.dll
0x00007ffa38a90000 - 0x00007ffa38c66000 	C:\WINDOWS\SYSTEM32\combase.dll
0x00007ffa396b0000 - 0x00007ffa397f4000 	C:\WINDOWS\system32\GDI32.dll
0x00007ffa36e80000 - 0x00007ffa36e94000 	C:\WINDOWS\SYSTEM32\profapi.dll
0x00007ffa35780000 - 0x00007ffa3581f000 	C:\WINDOWS\SYSTEM32\SHCORE.dll
0x00007ffa39490000 - 0x00007ffa394c4000 	C:\WINDOWS\system32\IMM32.DLL
0x00007ffa373f0000 - 0x00007ffa37529000 	C:\WINDOWS\system32\MSCTF.dll
0x00007ffa350b0000 - 0x00007ffa3530a000 	C:\WINDOWS\WinSxS\amd64_microsoft.windows.common-controls_6595b64144ccf1df_6.0.9600.17031_none_6242a4b3ecbb55a1\COMCTL32.dll
0x000000005ebf0000 - 0x000000005ecc2000 	C:\Program Files\Java\jdk1.7.0_51\jre\bin\msvcr100.dll
0x000000005e420000 - 0x000000005ebe9000 	C:\Program Files\Java\jdk1.7.0_51\jre\bin\server\jvm.dll
0x00007ffa32900000 - 0x00007ffa32909000 	C:\WINDOWS\SYSTEM32\WSOCK32.dll
0x00007ffa2fd70000 - 0x00007ffa2fd8f000 	C:\WINDOWS\SYSTEM32\WINMM.dll
0x00007ffa38eb0000 - 0x00007ffa38eb7000 	C:\WINDOWS\system32\PSAPI.DLL
0x00007ffa39040000 - 0x00007ffa39098000 	C:\WINDOWS\system32\WS2_32.dll
0x00007ffa2fd20000 - 0x00007ffa2fd4a000 	C:\WINDOWS\SYSTEM32\WINMMBASE.dll
0x00007ffa38d40000 - 0x00007ffa38d49000 	C:\WINDOWS\system32\NSI.dll
0x00007ffa37340000 - 0x00007ffa3738a000 	C:\WINDOWS\SYSTEM32\cfgmgr32.dll
0x00007ffa35d00000 - 0x00007ffa35d26000 	C:\WINDOWS\SYSTEM32\DEVOBJ.dll
0x000000005e410000 - 0x000000005e41f000 	C:\Program Files\Java\jdk1.7.0_51\jre\bin\verify.dll
0x000000005e3e0000 - 0x000000005e408000 	C:\Program Files\Java\jdk1.7.0_51\jre\bin\java.dll
0x000000005e3c0000 - 0x000000005e3d5000 	C:\Program Files\Java\jdk1.7.0_51\jre\bin\zip.dll
0x00007ffa33a10000 - 0x00007ffa33a20000 	C:\Program Files (x86)\JetBrains\IntelliJ IDEA Community Edition 13.0.2\bin\breakgen64.dll
0x000000005e3a0000 - 0x000000005e3b9000 	C:\Program Files\Java\jdk1.7.0_51\jre\bin\net.dll
0x00007ffa367b0000 - 0x00007ffa36808000 	C:\WINDOWS\system32\mswsock.dll
0x000000005e380000 - 0x000000005e391000 	C:\Program Files\Java\jdk1.7.0_51\jre\bin\nio.dll
0x00007ffa365c0000 - 0x00007ffa36663000 	C:\WINDOWS\SYSTEM32\DNSAPI.dll
0x00000000609f0000 - 0x0000000060a25000 	C:\Program Files\Bonjour\mdnsNSP.dll
0x00007ffa32570000 - 0x00007ffa32599000 	C:\WINDOWS\SYSTEM32\Iphlpapi.DLL
0x00007ffa322a0000 - 0x00007ffa322aa000 	C:\WINDOWS\SYSTEM32\WINNSI.DLL
0x00007ffa2ede0000 - 0x00007ffa2ede9000 	C:\Windows\System32\rasadhlp.dll
0x00007ffa31ac0000 - 0x00007ffa31b28000 	C:\WINDOWS\System32\fwpuclnt.dll
0x0000000069340000 - 0x00000000693c5000 	C:\Users\Matthew\AppData\Local\Temp\sqlite-3.7.2-sqlitejdbc.dll
0x00007ffa36810000 - 0x00007ffa3682e000 	C:\WINDOWS\SYSTEM32\CRYPTSP.dll
0x00007ffa36400000 - 0x00007ffa36435000 	C:\WINDOWS\system32\rsaenh.dll
0x00007ffa36a40000 - 0x00007ffa36a66000 	C:\WINDOWS\SYSTEM32\bcrypt.dll
0x00007ffa36d60000 - 0x00007ffa36dc0000 	C:\WINDOWS\system32\bcryptprimitives.dll
0x00007ffa36dc0000 - 0x00007ffa36dca000 	C:\WINDOWS\SYSTEM32\CRYPTBASE.dll
0x00007ffa2d370000 - 0x00007ffa2d384000 	C:\WINDOWS\system32\napinsp.dll
0x00007ffa2d390000 - 0x00007ffa2d3a9000 	C:\WINDOWS\system32\pnrpnsp.dll
0x00007ffa32db0000 - 0x00007ffa32dc9000 	C:\WINDOWS\system32\NLAapi.dll
0x00007ffa2d5c0000 - 0x00007ffa2d5cc000 	C:\WINDOWS\System32\winrnr.dll
0x00007ffa2d3b0000 - 0x00007ffa2d3c3000 	C:\WINDOWS\system32\wshbth.dll
0x00007ffa2ab30000 - 0x00007ffa2acb8000 	C:\WINDOWS\SYSTEM32\dbghelp.dll

VM Arguments:
jvm_args: -Didea.launcher.port=7534 -Didea.launcher.bin.path=C:\Program Files (x86)\JetBrains\IntelliJ IDEA Community Edition 13.0.2\bin -Dfile.encoding=UTF-8 
java_command: com.intellij.rt.execution.application.AppMain mattmc.mankini.MankiniBot
Launcher Type: SUN_STANDARD

Environment Variables:
JAVA_HOME=C:\Program Files\Java\jdk1.7.0_51
PATH=C:\Program Files (x86)\AMD APP\bin\x86_64;C:\Program Files (x86)\AMD APP\bin\x86;C:\WINDOWS\system32;C:\WINDOWS;C:\WINDOWS\System32\Wbem;C:\WINDOWS\System32\WindowsPowerShell\v1.0\;C:\Program Files (x86)\ATI Technologies\ATI.ACE\Core-Static;C:\Program Files\apache-maven-3.1.1\bin;C:\Program Files (x86)\Git\cmd;C:\Program Files (x86)\scala\bin;C:\Program Files\adb\;C:\Program Files (x86)\Windows Live\Shared;C:\Program Files\Perl\bin\
USERNAME=Matthew
OS=Windows_NT
PROCESSOR_IDENTIFIER=Intel64 Family 6 Model 23 Stepping 6, GenuineIntel



---------------  S Y S T E M  ---------------

OS: Windows 8 , 64 bit Build 9200 

CPU:total 2 (2 cores per cpu, 1 threads per core) family 6 model 23 stepping 6, cmov, cx8, fxsr, mmx, sse, sse2, sse3, ssse3, sse4.1, tsc

Memory: 4k page, physical 6184968k(1711536k free), swap 16405400k(5466824k free)

vm_info: Java HotSpot(TM) 64-Bit Server VM (24.51-b03) for windows-amd64 JRE (1.7.0_51-b13), built on Dec 18 2013 18:40:56 by "java_re" with unknown MS VC++:1600

time: Sat Jul 12 14:07:05 2014
elapsed time: 24 seconds

