#
# A fatal error has been detected by the Java Runtime Environment:
#
#  EXCEPTION_ACCESS_VIOLATION (0xc0000005) at pc=0x00000000693878bd, pid=8464, tid=10572
#
# JRE version: Java(TM) SE Runtime Environment (7.0_51-b13) (build 1.7.0_51-b13)
# Java VM: Java HotSpot(TM) 64-Bit Server VM (24.51-b03 mixed mode windows-amd64 compressed oops)
# Problematic frame:
# C  [sqlite-3.7.2-sqlitejdbc.dll+0x478bd]
#
# Failed to write core dump. Minidumps are not enabled by default on client versions of Windows
#
# If you would like to submit a bug report, please visit:
#   http://bugreport.sun.com/bugreport/crash.jsp
# The crash happened outside the Java Virtual Machine in native code.
# See problematic frame for where to report the bug.
#

---------------  T H R E A D  ---------------

Current thread (0x000000000ab03000):  JavaThread "listenerPool0-thread64" daemon [_thread_in_native, id=10572, stack(0x000000000f9a0000,0x000000000faa0000)]

siginfo: ExceptionCode=0xc0000005, reading address 0x0000000000000058

Registers:
RAX=0x0000000000000000, RBX=0x000000001163fa98, RCX=0x000000001163fa98, RDX=0x000000000fa9ee98
RSP=0x000000000fa9ed50, RBP=0x000000000fa9ee68, RSI=0x0000000000000000, RDI=0x0000000002286274
R8 =0x000000001163fa98, R9 =0x000000000ac7e570, R10=0x0000000002293503, R11=0x000000005e5ffaf0
R12=0x0000000000000000, R13=0x000000009cce0990, R14=0x000000000fa9ee98, R15=0x000000000ab03000
RIP=0x00000000693878bd, EFLAGS=0x0000000000010202

Top of Stack: (sp=0x000000000fa9ed50)
0x000000000fa9ed50:   000000000fa9ee18 000000005e60ebcf
0x000000000fa9ed60:   000000000fa9ee18 000000000fa9ee68
0x000000000fa9ed70:   000000000fa9ee68 000000000ab03000
0x000000000fa9ed80:   000000000fa9ee18 000000005e60f2ba
0x000000000fa9ed90:   000000000a503e08 000000009cce0990
0x000000000fa9eda0:   0000000000000065 00000000693422a5
0x000000000fa9edb0:   000000000ac7e2b0 000000005e4b9f51
0x000000000fa9edc0:   000000000fa9f488 000000000ab03000
0x000000000fa9edd0:   00000000e1d60c00 000000000229352f
0x000000000fa9ede0:   0000000002286274 00000000022932cf
0x000000000fa9edf0:   000000000ab03000 000000009cce0990
0x000000000fa9ee00:   000000000ac7e2b0 000000005e4ba040
0x000000000fa9ee10:   0000000002293289 0000000000000003
0x000000000fa9ee20:   00000000e1d60c00 000000000fa9ee18
0x000000000fa9ee30:   000000009cce0990 000000000fa9ee98
0x000000000fa9ee40:   000000009cce9f48 0000000000000000 

Instructions: (pc=0x00000000693878bd)
0x000000006938789d:   48 8b 7c 24 30 48 83 c4 38 c3 56 53 48 83 ec 48
0x00000000693878ad:   48 89 cb be 00 00 00 00 48 85 c9 74 5f 48 8b 01
0x00000000693878bd:   48 8b 48 58 e8 8f c0 fb ff 48 89 d9 e8 4c fa ff
0x00000000693878cd:   ff 89 c6 c7 44 24 30 00 00 00 00 c7 44 24 28 00 


Register to memory mapping:

RAX=0x0000000000000000 is an unknown value
RBX=0x000000001163fa98 is an unknown value
RCX=0x000000001163fa98 is an unknown value
RDX=0x000000000fa9ee98 is pointing into the stack for thread: 0x000000000ab03000
RSP=0x000000000fa9ed50 is pointing into the stack for thread: 0x000000000ab03000
RBP=0x000000000fa9ee68 is pointing into the stack for thread: 0x000000000ab03000
RSI=0x0000000000000000 is an unknown value
RDI=0x0000000002286274 is at code_begin+2900 in an Interpreter codelet
return entry points  [0x0000000002285720, 0x0000000002287520]  7680 bytes
R8 =0x000000001163fa98 is an unknown value
R9 =0x000000000ac7e570 is an unknown value
R10=0x0000000002293503 is at code_begin+1027 in an Interpreter codelet
method entry point (kind = native_synchronized)  [0x0000000002293100, 0x0000000002293b20]  2592 bytes
R11=0x000000005e5ffaf0 is an unknown value
R12=0x0000000000000000 is an unknown value
R13=0x000000009cce0990 is an oop
{method} 
 - klass: {other class}
R14=0x000000000fa9ee98 is pointing into the stack for thread: 0x000000000ab03000
R15=0x000000000ab03000 is a thread


Stack: [0x000000000f9a0000,0x000000000faa0000],  sp=0x000000000fa9ed50,  free space=1019k
Native frames: (J=compiled Java code, j=interpreted, Vv=VM code, C=native code)
C  [sqlite-3.7.2-sqlitejdbc.dll+0x478bd]
j  org.sqlite.RS.close()V+76
j  org.sqlite.Stmt.close()V+14
j  mattmc.mankini.module.ModuleKinis.addUser(Ljava/lang/String;)V+47
j  mattmc.mankini.module.ModuleKinis.onJoin(Lorg/pircbotx/hooks/events/JoinEvent;)V+22
j  org.pircbotx.hooks.ListenerAdapter.onEvent(Lorg/pircbotx/hooks/Event;)V+174
j  org.pircbotx.hooks.managers.ThreadedListenerManager$1.call()Ljava/lang/Void;+18
j  org.pircbotx.hooks.managers.ThreadedListenerManager$1.call()Ljava/lang/Object;+1
j  java.util.concurrent.FutureTask.run()V+42
j  java.util.concurrent.ThreadPoolExecutor.runWorker(Ljava/util/concurrent/ThreadPoolExecutor$Worker;)V+95
j  java.util.concurrent.ThreadPoolExecutor$Worker.run()V+5
j  java.lang.Thread.run()V+11
v  ~StubRoutines::call_stub
V  [jvm.dll+0x1cb2b3]

Java frames: (J=compiled Java code, j=interpreted, Vv=VM code)
j  org.sqlite.NativeDB.reset(J)I+0
j  org.sqlite.RS.close()V+76
j  org.sqlite.Stmt.close()V+14
j  mattmc.mankini.module.ModuleKinis.addUser(Ljava/lang/String;)V+47
j  mattmc.mankini.module.ModuleKinis.onJoin(Lorg/pircbotx/hooks/events/JoinEvent;)V+22
j  org.pircbotx.hooks.ListenerAdapter.onEvent(Lorg/pircbotx/hooks/Event;)V+174
j  org.pircbotx.hooks.managers.ThreadedListenerManager$1.call()Ljava/lang/Void;+18
j  org.pircbotx.hooks.managers.ThreadedListenerManager$1.call()Ljava/lang/Object;+1
j  java.util.concurrent.FutureTask.run()V+42
j  java.util.concurrent.ThreadPoolExecutor.runWorker(Ljava/util/concurrent/ThreadPoolExecutor$Worker;)V+95
j  java.util.concurrent.ThreadPoolExecutor$Worker.run()V+5
j  java.lang.Thread.run()V+11
v  ~StubRoutines::call_stub

---------------  P R O C E S S  ---------------

Java Threads: ( => current thread )
  0x000000000ac8a000 JavaThread "listenerPool0-thread91" daemon [_thread_blocked, id=8048, stack(0x00000000114a0000,0x00000000115a0000)]
  0x000000000ac89000 JavaThread "listenerPool0-thread90" daemon [_thread_blocked, id=10148, stack(0x00000000113a0000,0x00000000114a0000)]
  0x000000000ac88800 JavaThread "listenerPool0-thread89" daemon [_thread_blocked, id=7500, stack(0x00000000112a0000,0x00000000113a0000)]
  0x000000000ac84000 JavaThread "listenerPool0-thread88" daemon [_thread_blocked, id=6804, stack(0x00000000111a0000,0x00000000112a0000)]
  0x000000000ac87000 JavaThread "listenerPool0-thread87" daemon [_thread_blocked, id=9212, stack(0x00000000110a0000,0x00000000111a0000)]
  0x000000000ac85800 JavaThread "listenerPool0-thread86" daemon [_thread_blocked, id=6428, stack(0x0000000010fa0000,0x00000000110a0000)]
  0x000000000ac86000 JavaThread "listenerPool0-thread85" daemon [_thread_blocked, id=8308, stack(0x0000000010ea0000,0x0000000010fa0000)]
  0x000000000ac83000 JavaThread "listenerPool0-thread84" daemon [_thread_blocked, id=11048, stack(0x0000000010da0000,0x0000000010ea0000)]
  0x000000000ac84800 JavaThread "listenerPool0-thread83" daemon [_thread_blocked, id=5236, stack(0x0000000010ca0000,0x0000000010da0000)]
  0x000000000ab10800 JavaThread "listenerPool0-thread82" daemon [_thread_blocked, id=5980, stack(0x0000000010ba0000,0x0000000010ca0000)]
  0x000000000ab0e800 JavaThread "listenerPool0-thread81" daemon [_thread_blocked, id=7888, stack(0x0000000010aa0000,0x0000000010ba0000)]
  0x000000000ab11800 JavaThread "listenerPool0-thread80" daemon [_thread_blocked, id=7988, stack(0x00000000109a0000,0x0000000010aa0000)]
  0x000000000ab10000 JavaThread "listenerPool0-thread79" daemon [_thread_blocked, id=6424, stack(0x00000000108a0000,0x00000000109a0000)]
  0x000000000ab0f000 JavaThread "listenerPool0-thread78" daemon [_thread_blocked, id=2888, stack(0x00000000107a0000,0x00000000108a0000)]
  0x000000000ab0a800 JavaThread "listenerPool0-thread77" daemon [_thread_blocked, id=9208, stack(0x00000000106a0000,0x00000000107a0000)]
  0x000000000ab0d800 JavaThread "listenerPool0-thread76" daemon [_thread_blocked, id=7232, stack(0x00000000105a0000,0x00000000106a0000)]
  0x000000000ab0d000 JavaThread "listenerPool0-thread75" daemon [_thread_blocked, id=6668, stack(0x00000000104a0000,0x00000000105a0000)]
  0x000000000ab0b800 JavaThread "listenerPool0-thread74" daemon [_thread_blocked, id=10096, stack(0x00000000103a0000,0x00000000104a0000)]
  0x000000000ab0a000 JavaThread "listenerPool0-thread73" daemon [_thread_blocked, id=9180, stack(0x00000000102a0000,0x00000000103a0000)]
  0x000000000ab0c000 JavaThread "listenerPool0-thread72" daemon [_thread_blocked, id=8180, stack(0x00000000101a0000,0x00000000102a0000)]
  0x000000000ab06000 JavaThread "listenerPool0-thread71" daemon [_thread_blocked, id=7544, stack(0x00000000100a0000,0x00000000101a0000)]
  0x000000000ab08800 JavaThread "listenerPool0-thread70" daemon [_thread_blocked, id=8716, stack(0x000000000ffa0000,0x00000000100a0000)]
  0x000000000ab09000 JavaThread "listenerPool0-thread69" daemon [_thread_blocked, id=10856, stack(0x000000000fea0000,0x000000000ffa0000)]
  0x000000000ab07800 JavaThread "listenerPool0-thread68" daemon [_thread_blocked, id=8684, stack(0x000000000fda0000,0x000000000fea0000)]
  0x000000000ab07000 JavaThread "listenerPool0-thread67" daemon [_thread_blocked, id=7884, stack(0x000000000fca0000,0x000000000fda0000)]
  0x000000000ab02800 JavaThread "listenerPool0-thread66" daemon [_thread_blocked, id=2068, stack(0x000000000fba0000,0x000000000fca0000)]
  0x000000000ab05800 JavaThread "listenerPool0-thread65" daemon [_thread_blocked, id=5972, stack(0x000000000faa0000,0x000000000fba0000)]
=>0x000000000ab03000 JavaThread "listenerPool0-thread64" daemon [_thread_in_native, id=10572, stack(0x000000000f9a0000,0x000000000faa0000)]
  0x000000000ab04800 JavaThread "listenerPool0-thread63" daemon [_thread_blocked, id=7376, stack(0x000000000f8a0000,0x000000000f9a0000)]
  0x000000000ab04000 JavaThread "listenerPool0-thread62" daemon [_thread_blocked, id=10424, stack(0x000000000f7a0000,0x000000000f8a0000)]
  0x000000000a5e2800 JavaThread "listenerPool0-thread61" daemon [_thread_blocked, id=6772, stack(0x000000000f6a0000,0x000000000f7a0000)]
  0x000000000a5e1800 JavaThread "listenerPool0-thread60" daemon [_thread_blocked, id=5784, stack(0x000000000f5a0000,0x000000000f6a0000)]
  0x000000000a5e1000 JavaThread "listenerPool0-thread59" daemon [_thread_blocked, id=3644, stack(0x000000000f4a0000,0x000000000f5a0000)]
  0x000000000a5dd000 JavaThread "listenerPool0-thread58" daemon [_thread_blocked, id=11036, stack(0x000000000f3a0000,0x000000000f4a0000)]
  0x000000000a5df800 JavaThread "listenerPool0-thread57" daemon [_thread_blocked, id=7760, stack(0x000000000f2a0000,0x000000000f3a0000)]
  0x000000000a5e0000 JavaThread "listenerPool0-thread56" daemon [_thread_blocked, id=7440, stack(0x000000000f1a0000,0x000000000f2a0000)]
  0x000000000a5de800 JavaThread "listenerPool0-thread55" daemon [_thread_blocked, id=9044, stack(0x000000000f0a0000,0x000000000f1a0000)]
  0x000000000a5dd800 JavaThread "listenerPool0-thread54" daemon [_thread_blocked, id=8504, stack(0x000000000efa0000,0x000000000f0a0000)]
  0x000000000a5dc000 JavaThread "listenerPool0-thread53" daemon [_thread_blocked, id=3896, stack(0x000000000eea0000,0x000000000efa0000)]
  0x000000000a5db800 JavaThread "listenerPool0-thread52" daemon [_thread_blocked, id=10352, stack(0x000000000eda0000,0x000000000eea0000)]
  0x000000000a5d7800 JavaThread "listenerPool0-thread51" daemon [_thread_blocked, id=3656, stack(0x000000000eca0000,0x000000000eda0000)]
  0x000000000a5da800 JavaThread "listenerPool0-thread50" daemon [_thread_blocked, id=3812, stack(0x000000000eba0000,0x000000000eca0000)]
  0x000000000a5d7000 JavaThread "listenerPool0-thread49" daemon [_thread_blocked, id=9128, stack(0x000000000eaa0000,0x000000000eba0000)]
  0x000000000a5da000 JavaThread "listenerPool0-thread48" daemon [_thread_blocked, id=4120, stack(0x000000000e9a0000,0x000000000eaa0000)]
  0x000000000a5d9000 JavaThread "listenerPool0-thread47" daemon [_thread_blocked, id=6516, stack(0x000000000e8a0000,0x000000000e9a0000)]
  0x000000000a5d8800 JavaThread "listenerPool0-thread46" daemon [_thread_blocked, id=7876, stack(0x000000000e7a0000,0x000000000e8a0000)]
  0x000000000a5d3000 JavaThread "listenerPool0-thread45" daemon [_thread_blocked, id=7252, stack(0x000000000e6a0000,0x000000000e7a0000)]
  0x000000000a5d6000 JavaThread "listenerPool0-thread44" daemon [_thread_blocked, id=7996, stack(0x000000000e5a0000,0x000000000e6a0000)]
  0x000000000a5d5800 JavaThread "listenerPool0-thread43" daemon [_thread_blocked, id=9256, stack(0x000000000e4a0000,0x000000000e5a0000)]
  0x000000000a5d4800 JavaThread "listenerPool0-thread42" daemon [_thread_blocked, id=4916, stack(0x000000000e3a0000,0x000000000e4a0000)]
  0x000000000a5d4000 JavaThread "listenerPool0-thread41" daemon [_thread_blocked, id=7844, stack(0x000000000e2a0000,0x000000000e3a0000)]
  0x000000000a733000 JavaThread "Thread-0" [_thread_blocked, id=8328, stack(0x000000000dfa0000,0x000000000e0a0000)]
  0x000000000a72f800 JavaThread "listenerPool0-thread40" daemon [_thread_blocked, id=6276, stack(0x000000000dac0000,0x000000000dbc0000)]
  0x000000000a732800 JavaThread "listenerPool0-thread39" daemon [_thread_blocked, id=10236, stack(0x000000000d9c0000,0x000000000dac0000)]
  0x000000000a731800 JavaThread "listenerPool0-thread38" daemon [_thread_blocked, id=2728, stack(0x000000000d8c0000,0x000000000d9c0000)]
  0x000000000a730000 JavaThread "listenerPool0-thread37" daemon [_thread_blocked, id=936, stack(0x000000000d7c0000,0x000000000d8c0000)]
  0x000000000a731000 JavaThread "listenerPool0-thread36" daemon [_thread_blocked, id=4064, stack(0x000000000d6c0000,0x000000000d7c0000)]
  0x000000000a72e800 JavaThread "listenerPool0-thread35" daemon [_thread_blocked, id=10992, stack(0x000000000d5c0000,0x000000000d6c0000)]
  0x000000000a72b000 JavaThread "listenerPool0-thread34" daemon [_thread_in_native, id=8836, stack(0x000000000d4c0000,0x000000000d5c0000)]
  0x000000000a72e000 JavaThread "listenerPool0-thread33" daemon [_thread_blocked, id=6664, stack(0x000000000d3c0000,0x000000000d4c0000)]
  0x000000000a72d000 JavaThread "listenerPool0-thread32" daemon [_thread_blocked, id=10976, stack(0x000000000d2c0000,0x000000000d3c0000)]
  0x000000000a729800 JavaThread "listenerPool0-thread31" daemon [_thread_blocked, id=8704, stack(0x000000000d1c0000,0x000000000d2c0000)]
  0x000000000a72b800 JavaThread "listenerPool0-thread30" daemon [_thread_blocked, id=8996, stack(0x000000000d0c0000,0x000000000d1c0000)]
  0x000000000a72c800 JavaThread "listenerPool0-thread29" daemon [_thread_in_native, id=7924, stack(0x000000000cfc0000,0x000000000d0c0000)]
  0x000000000a72a000 JavaThread "listenerPool0-thread28" daemon [_thread_blocked, id=7792, stack(0x000000000cec0000,0x000000000cfc0000)]
  0x000000000a725800 JavaThread "listenerPool0-thread27" daemon [_thread_blocked, id=10656, stack(0x000000000cdc0000,0x000000000cec0000)]
  0x000000000a728800 JavaThread "listenerPool0-thread26" daemon [_thread_blocked, id=5536, stack(0x000000000ccc0000,0x000000000cdc0000)]
  0x000000000a725000 JavaThread "listenerPool0-thread25" daemon [_thread_blocked, id=3768, stack(0x000000000cbc0000,0x000000000ccc0000)]
  0x000000000a728000 JavaThread "listenerPool0-thread24" daemon [_thread_blocked, id=6252, stack(0x000000000cac0000,0x000000000cbc0000)]
  0x000000000a724000 JavaThread "listenerPool0-thread23" daemon [_thread_blocked, id=1716, stack(0x000000000c9c0000,0x000000000cac0000)]
  0x000000000a727000 JavaThread "listenerPool0-thread22" daemon [_thread_blocked, id=10332, stack(0x000000000c8c0000,0x000000000c9c0000)]
  0x000000000a726800 JavaThread "listenerPool0-thread21" daemon [_thread_blocked, id=7364, stack(0x000000000c7c0000,0x000000000c8c0000)]
  0x000000000a81c000 JavaThread "listenerPool0-thread20" daemon [_thread_blocked, id=2924, stack(0x000000000c6c0000,0x000000000c7c0000)]
  0x000000000a81d000 JavaThread "listenerPool0-thread19" daemon [_thread_in_native, id=3172, stack(0x000000000c5c0000,0x000000000c6c0000)]
  0x000000000a819000 JavaThread "listenerPool0-thread18" daemon [_thread_blocked, id=10124, stack(0x000000000c4c0000,0x000000000c5c0000)]
  0x000000000a818800 JavaThread "listenerPool0-thread17" daemon [_thread_in_native, id=6468, stack(0x000000000c3c0000,0x000000000c4c0000)]
  0x000000000a81b800 JavaThread "listenerPool0-thread16" daemon [_thread_blocked, id=4112, stack(0x000000000c2c0000,0x000000000c3c0000)]
  0x000000000a817800 JavaThread "listenerPool0-thread15" daemon [_thread_blocked, id=2508, stack(0x000000000c1c0000,0x000000000c2c0000)]
  0x000000000a81a800 JavaThread "listenerPool0-thread14" daemon [_thread_blocked, id=9984, stack(0x000000000c0c0000,0x000000000c1c0000)]
  0x000000000a817000 JavaThread "listenerPool0-thread13" daemon [_thread_blocked, id=5664, stack(0x000000000bfc0000,0x000000000c0c0000)]
  0x000000000a81a000 JavaThread "listenerPool0-thread12" daemon [_thread_in_native, id=9652, stack(0x000000000bec0000,0x000000000bfc0000)]
  0x000000000a816000 JavaThread "listenerPool0-thread11" daemon [_thread_blocked, id=7064, stack(0x000000000bdc0000,0x000000000bec0000)]
  0x000000000ac9d000 JavaThread "listenerPool0-thread10" daemon [_thread_blocked, id=7896, stack(0x000000000bcc0000,0x000000000bdc0000)]
  0x000000000ac9a000 JavaThread "listenerPool0-thread9" daemon [_thread_blocked, id=8280, stack(0x000000000bbc0000,0x000000000bcc0000)]
  0x000000000ac99800 JavaThread "listenerPool0-thread8" daemon [_thread_blocked, id=7556, stack(0x000000000bac0000,0x000000000bbc0000)]
  0x000000000ab5c800 JavaThread "listenerPool0-thread7" daemon [_thread_blocked, id=2364, stack(0x000000000b9c0000,0x000000000bac0000)]
  0x000000000aae9000 JavaThread "listenerPool0-thread6" daemon [_thread_blocked, id=2896, stack(0x000000000b8c0000,0x000000000b9c0000)]
  0x000000000aae8800 JavaThread "listenerPool0-thread5" daemon [_thread_blocked, id=10476, stack(0x000000000b7c0000,0x000000000b8c0000)]
  0x000000000a797000 JavaThread "listenerPool0-thread4" daemon [_thread_blocked, id=8692, stack(0x000000000b6c0000,0x000000000b7c0000)]
  0x000000000a4be000 JavaThread "listenerPool0-thread3" daemon [_thread_blocked, id=6948, stack(0x000000000b5c0000,0x000000000b6c0000)]
  0x000000000a73d800 JavaThread "listenerPool0-thread2" daemon [_thread_blocked, id=9876, stack(0x000000000b4c0000,0x000000000b5c0000)]
  0x000000000a48c800 JavaThread "listenerPool0-thread1" daemon [_thread_blocked, id=9844, stack(0x000000000b3c0000,0x000000000b4c0000)]
  0x000000000a469800 JavaThread "Monitor Ctrl-Break" daemon [_thread_in_native, id=9376, stack(0x000000000a8d0000,0x000000000a9d0000)]
  0x00000000090f2000 JavaThread "Service Thread" daemon [_thread_blocked, id=9452, stack(0x000000000a230000,0x000000000a330000)]
  0x00000000090f1000 JavaThread "C2 CompilerThread1" daemon [_thread_blocked, id=1188, stack(0x000000000a130000,0x000000000a230000)]
  0x00000000090e1800 JavaThread "C2 CompilerThread0" daemon [_thread_blocked, id=4604, stack(0x000000000a030000,0x000000000a130000)]
  0x00000000090df800 JavaThread "Attach Listener" daemon [_thread_blocked, id=10160, stack(0x0000000009f30000,0x000000000a030000)]
  0x00000000090de000 JavaThread "Signal Dispatcher" daemon [_thread_blocked, id=3964, stack(0x0000000009e30000,0x0000000009f30000)]
  0x00000000090a4800 JavaThread "Finalizer" daemon [_thread_blocked, id=5240, stack(0x0000000009d30000,0x0000000009e30000)]
  0x000000000909f000 JavaThread "Reference Handler" daemon [_thread_blocked, id=8500, stack(0x0000000009c30000,0x0000000009d30000)]
  0x000000000207e000 JavaThread "main" [_thread_in_native, id=10484, stack(0x0000000002080000,0x0000000002180000)]

Other Threads:
  0x000000000909c800 VMThread [stack: 0x0000000009b30000,0x0000000009c30000] [id=136]
  0x00000000090fc800 WatcherThread [stack: 0x000000000a330000,0x000000000a430000] [id=10336]

VM state:not at safepoint (normal execution)

VM Mutex/Monitor currently owned by a thread: None

Heap
 PSYoungGen      total 28672K, used 27203K [0x00000000e0800000, 0x00000000e2780000, 0x0000000100000000)
  eden space 25088K, 94% used [0x00000000e0800000,0x00000000e1f15a00,0x00000000e2080000)
  from space 3584K, 99% used [0x00000000e2080000,0x00000000e23fb3d0,0x00000000e2400000)
  to   space 3584K, 0% used [0x00000000e2400000,0x00000000e2400000,0x00000000e2780000)
 ParOldGen       total 64512K, used 298K [0x00000000a1800000, 0x00000000a5700000, 0x00000000e0800000)
  object space 64512K, 0% used [0x00000000a1800000,0x00000000a184aaa0,0x00000000a5700000)
 PSPermGen       total 21504K, used 8941K [0x000000009c600000, 0x000000009db00000, 0x00000000a1800000)
  object space 21504K, 41% used [0x000000009c600000,0x000000009cebb7a0,0x000000009db00000)

Card table byte_map: [0x0000000005340000,0x0000000005660000] byte_map_base: 0x0000000004e5d000

Polling page: 0x0000000002040000

Code Cache  [0x0000000002280000, 0x00000000024f0000, 0x0000000005280000)
 total_blobs=362 nmethods=92 adapters=224 free_code_cache=48479Kb largest_free_block=49613184

Compilation events (10 events):
Event: 14.372 Thread 0x00000000090e1800   85             mattmc.mankini.module.ModuleKinis::onMessage (1488 bytes)
Event: 14.459 Thread 0x00000000090e1800 nmethod 85 0x0000000002326890 code [0x0000000002327000, 0x0000000002329af8]
Event: 50.799 Thread 0x00000000090f1000   87             java.util.HashMap::indexFor (6 bytes)
Event: 50.799 Thread 0x00000000090f1000 nmethod 87 0x00000000022fe950 code [0x00000000022fea80, 0x00000000022feab8]
Event: 50.803 Thread 0x00000000090e1800   88             java.lang.String::toLowerCase (472 bytes)
Event: 50.836 Thread 0x00000000090e1800 nmethod 88 0x00000000023221d0 code [0x00000000023223e0, 0x0000000002323320]
Event: 50.879 Thread 0x00000000090f1000   91             java.lang.Thread::isInterrupted (6 bytes)
Event: 50.879 Thread 0x00000000090f1000 nmethod 91 0x0000000002324e90 code [0x0000000002324fe0, 0x0000000002325088]
Event: 51.078 Thread 0x00000000090e1800   92             java.util.concurrent.SynchronousQueue$TransferStack::awaitFulfill (180 bytes)
Event: 51.085 Thread 0x00000000090e1800 nmethod 92 0x00000000023243d0 code [0x0000000002324560, 0x0000000002324b40]

GC Heap History (2 events):
Event: 3.849 GC heap before
{Heap before GC invocations=1 (full 0):
 PSYoungGen      total 28672K, used 25088K [0x00000000e0800000, 0x00000000e2780000, 0x0000000100000000)
  eden space 25088K, 100% used [0x00000000e0800000,0x00000000e2080000,0x00000000e2080000)
  from space 3584K, 0% used [0x00000000e2400000,0x00000000e2400000,0x00000000e2780000)
  to   space 3584K, 0% used [0x00000000e2080000,0x00000000e2080000,0x00000000e2400000)
 ParOldGen       total 64512K, used 0K [0x00000000a1800000, 0x00000000a5700000, 0x00000000e0800000)
  object space 64512K, 0% used [0x00000000a1800000,0x00000000a1800000,0x00000000a5700000)
 PSPermGen       total 21504K, used 8477K [0x000000009c600000, 0x000000009db00000, 0x00000000a1800000)
  object space 21504K, 39% used [0x000000009c600000,0x000000009ce47700,0x000000009db00000)
Event: 3.865 GC heap after
Heap after GC invocations=1 (full 0):
 PSYoungGen      total 28672K, used 3564K [0x00000000e0800000, 0x00000000e2780000, 0x0000000100000000)
  eden space 25088K, 0% used [0x00000000e0800000,0x00000000e0800000,0x00000000e2080000)
  from space 3584K, 99% used [0x00000000e2080000,0x00000000e23fb3d0,0x00000000e2400000)
  to   space 3584K, 0% used [0x00000000e2400000,0x00000000e2400000,0x00000000e2780000)
 ParOldGen       total 64512K, used 298K [0x00000000a1800000, 0x00000000a5700000, 0x00000000e0800000)
  object space 64512K, 0% used [0x00000000a1800000,0x00000000a184aaa0,0x00000000a5700000)
 PSPermGen       total 21504K, used 8477K [0x000000009c600000, 0x000000009db00000, 0x00000000a1800000)
  object space 21504K, 39% used [0x000000009c600000,0x000000009ce47700,0x000000009db00000)
}

Deoptimization events (6 events):
Event: 2.009 Thread 0x000000000207e000 Uncommon trap: reason=class_check action=maybe_recompile pc=0x00000000022ed940 method=java.util.Properties$LineReader.readLine()I @ 62
Event: 2.009 Thread 0x000000000207e000 Uncommon trap: reason=class_check action=maybe_recompile pc=0x00000000022ed940 method=java.util.Properties$LineReader.readLine()I @ 62
Event: 2.213 Thread 0x000000000207e000 Uncommon trap: reason=unloaded action=reinterpret pc=0x00000000023097a4 method=org.sqlite.SQLiteJDBCLoader.md5sum(Ljava/io/InputStream;)Ljava/lang/String; @ 35
Event: 2.223 Thread 0x000000000207e000 Uncommon trap: reason=unreached action=reinterpret pc=0x00000000022fa670 method=sun.security.provider.DigestBase.engineUpdate(B)V @ 4
Event: 3.827 Thread 0x000000000207e000 Uncommon trap: reason=unloaded action=reinterpret pc=0x00000000022f7a2c method=java.util.ArrayList.rangeCheck(I)V @ 8
Event: 19.011 Thread 0x000000000a726800 Uncommon trap: reason=unloaded action=reinterpret pc=0x000000000232718c method=mattmc.mankini.module.ModuleKinis.onMessage(Lorg/pircbotx/hooks/events/MessageEvent;)V @ 83

Internal exceptions (10 events):
Event: 50.783 Thread 0x000000000207e000 Threw 0x00000000e16e6e20 at C:\re\jdk7u51\527\hotspot\src\share\vm\prims\jvm.cpp:1244
Event: 50.784 Thread 0x000000000207e000 Threw 0x00000000e16ec0e0 at C:\re\jdk7u51\527\hotspot\src\share\vm\prims\jvm.cpp:1244
Event: 50.784 Thread 0x000000000207e000 Threw 0x00000000e16f1cc0 at C:\re\jdk7u51\527\hotspot\src\share\vm\prims\jvm.cpp:1244
Event: 50.785 Thread 0x000000000207e000 Threw 0x00000000e16f7240 at C:\re\jdk7u51\527\hotspot\src\share\vm\prims\jvm.cpp:1244
Event: 50.785 Thread 0x000000000207e000 Threw 0x00000000e16fc5d0 at C:\re\jdk7u51\527\hotspot\src\share\vm\prims\jvm.cpp:1244
Event: 50.786 Thread 0x000000000207e000 Threw 0x00000000e1701b90 at C:\re\jdk7u51\527\hotspot\src\share\vm\prims\jvm.cpp:1244
Event: 50.787 Thread 0x000000000207e000 Threw 0x00000000e1707300 at C:\re\jdk7u51\527\hotspot\src\share\vm\prims\jvm.cpp:1244
Event: 50.787 Thread 0x000000000207e000 Threw 0x00000000e170be78 at C:\re\jdk7u51\527\hotspot\src\share\vm\prims\jvm.cpp:1244
Event: 50.788 Thread 0x000000000207e000 Threw 0x00000000e18c8fa0 at C:\re\jdk7u51\527\hotspot\src\share\vm\prims\jvm.cpp:1244
Event: 50.788 Thread 0x000000000207e000 Threw 0x00000000e18cdbd8 at C:\re\jdk7u51\527\hotspot\src\share\vm\prims\jvm.cpp:1244

Events (10 events):
Event: 50.793 Thread 0x000000000ac89000 Thread added: 0x000000000ac89000
Event: 50.793 Thread 0x000000000ac8a000 Thread added: 0x000000000ac8a000
Event: 50.948 Executing VM operation: RevokeBias
Event: 50.948 Executing VM operation: RevokeBias done
Event: 51.078 Executing VM operation: RevokeBias
Event: 51.078 Executing VM operation: RevokeBias done
Event: 51.156 Executing VM operation: RevokeBias
Event: 51.156 Executing VM operation: RevokeBias done
Event: 51.315 Executing VM operation: RevokeBias
Event: 51.315 Executing VM operation: RevokeBias done


Dynamic libraries:
0x00007ff7ff740000 - 0x00007ff7ff773000 	C:\Program Files\Java\jdk1.7.0_51\bin\java.exe
0x00007ffa39b10000 - 0x00007ffa39cba000 	C:\WINDOWS\SYSTEM32\ntdll.dll
0x00007ffa392d0000 - 0x00007ffa3940a000 	C:\WINDOWS\system32\KERNEL32.DLL
0x00007ffa37180000 - 0x00007ffa3728f000 	C:\WINDOWS\system32\KERNELBASE.dll
0x00007ffa35ab0000 - 0x00007ffa35b38000 	C:\WINDOWS\system32\apphelp.dll
0x00007ffa25da0000 - 0x00007ffa25def000 	C:\WINDOWS\AppPatch\AppPatch64\AcGenral.DLL
0x00007ffa39800000 - 0x00007ffa398a7000 	C:\WINDOWS\system32\msvcrt.dll
0x00007ffa36d30000 - 0x00007ffa36d5b000 	C:\WINDOWS\SYSTEM32\SspiCli.dll
0x00007ffa39410000 - 0x00007ffa39461000 	C:\WINDOWS\system32\SHLWAPI.dll
0x00007ffa39150000 - 0x00007ffa392c1000 	C:\WINDOWS\system32\USER32.dll
0x00007ffa38ec0000 - 0x00007ffa39038000 	C:\WINDOWS\system32\ole32.dll
0x00007ffa37670000 - 0x00007ffa38a90000 	C:\WINDOWS\system32\SHELL32.dll
0x00007ffa36510000 - 0x00007ffa3652e000 	C:\WINDOWS\SYSTEM32\USERENV.dll
0x00007ffa390a0000 - 0x00007ffa39145000 	C:\WINDOWS\system32\ADVAPI32.dll
0x00007ffa30fa0000 - 0x00007ffa30fbb000 	C:\WINDOWS\SYSTEM32\MPR.dll
0x00007ffa37530000 - 0x00007ffa37666000 	C:\WINDOWS\system32\RPCRT4.dll
0x00007ffa38cd0000 - 0x00007ffa38d27000 	C:\WINDOWS\SYSTEM32\sechost.dll
0x00007ffa38a90000 - 0x00007ffa38c66000 	C:\WINDOWS\SYSTEM32\combase.dll
0x00007ffa396b0000 - 0x00007ffa397f4000 	C:\WINDOWS\system32\GDI32.dll
0x00007ffa36e80000 - 0x00007ffa36e94000 	C:\WINDOWS\SYSTEM32\profapi.dll
0x00007ffa35780000 - 0x00007ffa3581f000 	C:\WINDOWS\SYSTEM32\SHCORE.dll
0x00007ffa39490000 - 0x00007ffa394c4000 	C:\WINDOWS\system32\IMM32.DLL
0x00007ffa373f0000 - 0x00007ffa37529000 	C:\WINDOWS\system32\MSCTF.dll
0x00007ffa350b0000 - 0x00007ffa3530a000 	C:\WINDOWS\WinSxS\amd64_microsoft.windows.common-controls_6595b64144ccf1df_6.0.9600.17031_none_6242a4b3ecbb55a1\COMCTL32.dll
0x000000005ebf0000 - 0x000000005ecc2000 	C:\Program Files\Java\jdk1.7.0_51\jre\bin\msvcr100.dll
0x000000005e420000 - 0x000000005ebe9000 	C:\Program Files\Java\jdk1.7.0_51\jre\bin\server\jvm.dll
0x00007ffa32900000 - 0x00007ffa32909000 	C:\WINDOWS\SYSTEM32\WSOCK32.dll
0x00007ffa2fd70000 - 0x00007ffa2fd8f000 	C:\WINDOWS\SYSTEM32\WINMM.dll
0x00007ffa38eb0000 - 0x00007ffa38eb7000 	C:\WINDOWS\system32\PSAPI.DLL
0x00007ffa39040000 - 0x00007ffa39098000 	C:\WINDOWS\system32\WS2_32.dll
0x00007ffa2fd20000 - 0x00007ffa2fd4a000 	C:\WINDOWS\SYSTEM32\WINMMBASE.dll
0x00007ffa38d40000 - 0x00007ffa38d49000 	C:\WINDOWS\system32\NSI.dll
0x00007ffa37340000 - 0x00007ffa3738a000 	C:\WINDOWS\SYSTEM32\cfgmgr32.dll
0x00007ffa35d00000 - 0x00007ffa35d26000 	C:\WINDOWS\SYSTEM32\DEVOBJ.dll
0x000000005e410000 - 0x000000005e41f000 	C:\Program Files\Java\jdk1.7.0_51\jre\bin\verify.dll
0x000000005e3e0000 - 0x000000005e408000 	C:\Program Files\Java\jdk1.7.0_51\jre\bin\java.dll
0x000000005e3c0000 - 0x000000005e3d5000 	C:\Program Files\Java\jdk1.7.0_51\jre\bin\zip.dll
0x00007ffa2d2c0000 - 0x00007ffa2d2d0000 	C:\Program Files (x86)\JetBrains\IntelliJ IDEA Community Edition 13.0.2\bin\breakgen64.dll
0x000000005e3a0000 - 0x000000005e3b9000 	C:\Program Files\Java\jdk1.7.0_51\jre\bin\net.dll
0x00007ffa367b0000 - 0x00007ffa36808000 	C:\WINDOWS\system32\mswsock.dll
0x000000005e380000 - 0x000000005e391000 	C:\Program Files\Java\jdk1.7.0_51\jre\bin\nio.dll
0x00007ffa365c0000 - 0x00007ffa36663000 	C:\WINDOWS\SYSTEM32\DNSAPI.dll
0x00000000609f0000 - 0x0000000060a25000 	C:\Program Files\Bonjour\mdnsNSP.dll
0x00007ffa32570000 - 0x00007ffa32599000 	C:\WINDOWS\SYSTEM32\Iphlpapi.DLL
0x00007ffa322a0000 - 0x00007ffa322aa000 	C:\WINDOWS\SYSTEM32\WINNSI.DLL
0x00007ffa2ede0000 - 0x00007ffa2ede9000 	C:\Windows\System32\rasadhlp.dll
0x00007ffa31ac0000 - 0x00007ffa31b28000 	C:\WINDOWS\System32\fwpuclnt.dll
0x0000000069340000 - 0x00000000693c5000 	C:\Users\Matthew\AppData\Local\Temp\sqlite-3.7.2-sqlitejdbc.dll
0x00007ffa36810000 - 0x00007ffa3682e000 	C:\WINDOWS\SYSTEM32\CRYPTSP.dll
0x00007ffa36400000 - 0x00007ffa36435000 	C:\WINDOWS\system32\rsaenh.dll
0x00007ffa36a40000 - 0x00007ffa36a66000 	C:\WINDOWS\SYSTEM32\bcrypt.dll
0x00007ffa36d60000 - 0x00007ffa36dc0000 	C:\WINDOWS\system32\bcryptprimitives.dll
0x00007ffa36dc0000 - 0x00007ffa36dca000 	C:\WINDOWS\SYSTEM32\CRYPTBASE.dll
0x00007ffa2d370000 - 0x00007ffa2d384000 	C:\WINDOWS\system32\napinsp.dll
0x00007ffa2d390000 - 0x00007ffa2d3a9000 	C:\WINDOWS\system32\pnrpnsp.dll
0x00007ffa32db0000 - 0x00007ffa32dc9000 	C:\WINDOWS\system32\NLAapi.dll
0x00007ffa2d5c0000 - 0x00007ffa2d5cc000 	C:\WINDOWS\System32\winrnr.dll
0x00007ffa2d3b0000 - 0x00007ffa2d3c3000 	C:\WINDOWS\system32\wshbth.dll
0x00007ffa2ab30000 - 0x00007ffa2acb8000 	C:\WINDOWS\SYSTEM32\dbghelp.dll

VM Arguments:
jvm_args: -Didea.launcher.port=7532 -Didea.launcher.bin.path=C:\Program Files (x86)\JetBrains\IntelliJ IDEA Community Edition 13.0.2\bin -Dfile.encoding=UTF-8 
java_command: com.intellij.rt.execution.application.AppMain mattmc.mankini.MankiniBot
Launcher Type: SUN_STANDARD

Environment Variables:
JAVA_HOME=C:\Program Files\Java\jdk1.7.0_51
PATH=C:\Program Files (x86)\AMD APP\bin\x86_64;C:\Program Files (x86)\AMD APP\bin\x86;C:\WINDOWS\system32;C:\WINDOWS;C:\WINDOWS\System32\Wbem;C:\WINDOWS\System32\WindowsPowerShell\v1.0\;C:\Program Files (x86)\ATI Technologies\ATI.ACE\Core-Static;C:\Program Files\apache-maven-3.1.1\bin;C:\Program Files (x86)\Git\cmd;C:\Program Files (x86)\scala\bin;C:\Program Files\adb\;C:\Program Files (x86)\Windows Live\Shared;C:\Program Files\Perl\bin\
USERNAME=Matthew
OS=Windows_NT
PROCESSOR_IDENTIFIER=Intel64 Family 6 Model 23 Stepping 6, GenuineIntel



---------------  S Y S T E M  ---------------

OS: Windows 8 , 64 bit Build 9200 

CPU:total 2 (2 cores per cpu, 1 threads per core) family 6 model 23 stepping 6, cmov, cx8, fxsr, mmx, sse, sse2, sse3, ssse3, sse4.1, tsc

Memory: 4k page, physical 6184968k(1730180k free), swap 16405400k(5326616k free)

vm_info: Java HotSpot(TM) 64-Bit Server VM (24.51-b03) for windows-amd64 JRE (1.7.0_51-b13), built on Dec 18 2013 18:40:56 by "java_re" with unknown MS VC++:1600

time: Sat Jul 12 15:04:36 2014
elapsed time: 51 seconds

