#
# A fatal error has been detected by the Java Runtime Environment:
#
#  EXCEPTION_ACCESS_VIOLATION (0xc0000005) at pc=0x00000000693878bd, pid=10996, tid=10696
#
# JRE version: Java(TM) SE Runtime Environment (7.0_51-b13) (build 1.7.0_51-b13)
# Java VM: Java HotSpot(TM) 64-Bit Server VM (24.51-b03 mixed mode windows-amd64 compressed oops)
# Problematic frame:
# C  [sqlite-3.7.2-sqlitejdbc.dll+0x478bd]
#
# Failed to write core dump. Minidumps are not enabled by default on client versions of Windows
#
# If you would like to submit a bug report, please visit:
#   http://bugreport.sun.com/bugreport/crash.jsp
# The crash happened outside the Java Virtual Machine in native code.
# See problematic frame for where to report the bug.
#

---------------  T H R E A D  ---------------

Current thread (0x000000000a886000):  JavaThread "listenerPool0-thread56" daemon [_thread_in_native, id=10696, stack(0x000000000f170000,0x000000000f270000)]

siginfo: ExceptionCode=0xc0000005, reading address 0x0000000000000058

Registers:
RAX=0x0000000000000000, RBX=0x0000000013991828, RCX=0x0000000013991828, RDX=0x000000000f26f1f0
RSP=0x000000000f26f0a0, RBP=0x000000000f26f1c0, RSI=0x0000000000000000, RDI=0x0000000002436274
R8 =0x0000000013991828, R9 =0x000000000aee5a80, R10=0x0000000002443503, R11=0x000000005e5ffaf0
R12=0x0000000000000000, R13=0x000000009cce0990, R14=0x000000000f26f1f0, R15=0x000000000a886000
RIP=0x00000000693878bd, EFLAGS=0x0000000000010206

Top of Stack: (sp=0x000000000f26f0a0)
0x000000000f26f0a0:   000000000f26f170 000000005e60ebcf
0x000000000f26f0b0:   000000000f26f170 000000000f26f1c0
0x000000000f26f0c0:   000000000f26f1c0 000000000a886000
0x000000000f26f0d0:   000000000f26f170 000000005e60f2ba
0x000000000f26f0e0:   000000000a691348 000000009cce0990
0x000000000f26f0f0:   000000009c70a3f8 00000000693422a5
0x000000000f26f100:   000000000aee5a00 000000005e4b9f51
0x000000000f26f110:   000000000f26f7d8 000000000a886000
0x000000000f26f120:   0000000000000000 000000000244352f
0x000000000f26f130:   0000000002436274 00000000024432c1
0x000000000f26f140:   000000000a886000 000000009cce0990
0x000000000f26f150:   00000000e19b5908 00000000e19b5908
0x000000000f26f160:   000000000f26f160 0000000002443289
0x000000000f26f170:   0000000000000003 00000000e19b4ff8
0x000000000f26f180:   000000000f26f170 000000009cce0990
0x000000000f26f190:   000000000f26f1f0 000000009cce9f48 

Instructions: (pc=0x00000000693878bd)
0x000000006938789d:   48 8b 7c 24 30 48 83 c4 38 c3 56 53 48 83 ec 48
0x00000000693878ad:   48 89 cb be 00 00 00 00 48 85 c9 74 5f 48 8b 01
0x00000000693878bd:   48 8b 48 58 e8 8f c0 fb ff 48 89 d9 e8 4c fa ff
0x00000000693878cd:   ff 89 c6 c7 44 24 30 00 00 00 00 c7 44 24 28 00 


Register to memory mapping:

RAX=0x0000000000000000 is an unknown value
RBX=0x0000000013991828 is an unknown value
RCX=0x0000000013991828 is an unknown value
RDX=0x000000000f26f1f0 is pointing into the stack for thread: 0x000000000a886000
RSP=0x000000000f26f0a0 is pointing into the stack for thread: 0x000000000a886000
RBP=0x000000000f26f1c0 is pointing into the stack for thread: 0x000000000a886000
RSI=0x0000000000000000 is an unknown value
RDI=0x0000000002436274 is at code_begin+2900 in an Interpreter codelet
return entry points  [0x0000000002435720, 0x0000000002437520]  7680 bytes
R8 =0x0000000013991828 is an unknown value
R9 =0x000000000aee5a80 is an unknown value
R10=0x0000000002443503 is at code_begin+1027 in an Interpreter codelet
method entry point (kind = native_synchronized)  [0x0000000002443100, 0x0000000002443b20]  2592 bytes
R11=0x000000005e5ffaf0 is an unknown value
R12=0x0000000000000000 is an unknown value
R13=0x000000009cce0990 is an oop
{method} 
 - klass: {other class}
R14=0x000000000f26f1f0 is pointing into the stack for thread: 0x000000000a886000
R15=0x000000000a886000 is a thread


Stack: [0x000000000f170000,0x000000000f270000],  sp=0x000000000f26f0a0,  free space=1020k
Native frames: (J=compiled Java code, j=interpreted, Vv=VM code, C=native code)
C  [sqlite-3.7.2-sqlitejdbc.dll+0x478bd]
j  org.sqlite.RS.close()V+76
j  org.sqlite.PrepStmt.executeUpdate()I+25
j  mattmc.mankini.module.ModuleKinis.addUser(Ljava/lang/String;)V+40
j  mattmc.mankini.module.ModuleKinis.onJoin(Lorg/pircbotx/hooks/events/JoinEvent;)V+22
j  org.pircbotx.hooks.ListenerAdapter.onEvent(Lorg/pircbotx/hooks/Event;)V+174
j  org.pircbotx.hooks.managers.ThreadedListenerManager$1.call()Ljava/lang/Void;+18
j  org.pircbotx.hooks.managers.ThreadedListenerManager$1.call()Ljava/lang/Object;+1
j  java.util.concurrent.FutureTask.run()V+42
j  java.util.concurrent.ThreadPoolExecutor.runWorker(Ljava/util/concurrent/ThreadPoolExecutor$Worker;)V+95
j  java.util.concurrent.ThreadPoolExecutor$Worker.run()V+5
j  java.lang.Thread.run()V+11
v  ~StubRoutines::call_stub
V  [jvm.dll+0x1cb2b3]

Java frames: (J=compiled Java code, j=interpreted, Vv=VM code)
j  org.sqlite.NativeDB.reset(J)I+0
j  org.sqlite.RS.close()V+76
j  org.sqlite.PrepStmt.executeUpdate()I+25
j  mattmc.mankini.module.ModuleKinis.addUser(Ljava/lang/String;)V+40
j  mattmc.mankini.module.ModuleKinis.onJoin(Lorg/pircbotx/hooks/events/JoinEvent;)V+22
j  org.pircbotx.hooks.ListenerAdapter.onEvent(Lorg/pircbotx/hooks/Event;)V+174
j  org.pircbotx.hooks.managers.ThreadedListenerManager$1.call()Ljava/lang/Void;+18
j  org.pircbotx.hooks.managers.ThreadedListenerManager$1.call()Ljava/lang/Object;+1
j  java.util.concurrent.FutureTask.run()V+42
j  java.util.concurrent.ThreadPoolExecutor.runWorker(Ljava/util/concurrent/ThreadPoolExecutor$Worker;)V+95
j  java.util.concurrent.ThreadPoolExecutor$Worker.run()V+5
j  java.lang.Thread.run()V+11
v  ~StubRoutines::call_stub

---------------  P R O C E S S  ---------------

Java Threads: ( => current thread )
  0x000000000af0d800 JavaThread "listenerPool0-thread126" daemon [_thread_blocked, id=10668, stack(0x0000000013770000,0x0000000013870000)]
  0x000000000af0c800 JavaThread "listenerPool0-thread125" daemon [_thread_blocked, id=9232, stack(0x0000000013670000,0x0000000013770000)]
  0x000000000a9bb000 JavaThread "listenerPool0-thread124" daemon [_thread_blocked, id=5180, stack(0x0000000013570000,0x0000000013670000)]
  0x000000000a9ba800 JavaThread "listenerPool0-thread123" daemon [_thread_blocked, id=4776, stack(0x0000000013470000,0x0000000013570000)]
  0x000000000a9b6800 JavaThread "listenerPool0-thread122" daemon [_thread_blocked, id=8560, stack(0x0000000013370000,0x0000000013470000)]
  0x000000000a9b9800 JavaThread "listenerPool0-thread121" daemon [_thread_blocked, id=6308, stack(0x0000000013270000,0x0000000013370000)]
  0x000000000a9b6000 JavaThread "listenerPool0-thread120" daemon [_thread_blocked, id=10472, stack(0x0000000013170000,0x0000000013270000)]
  0x000000000a9b8000 JavaThread "listenerPool0-thread119" daemon [_thread_blocked, id=10544, stack(0x0000000013070000,0x0000000013170000)]
  0x000000000a9b7800 JavaThread "listenerPool0-thread118" daemon [_thread_blocked, id=5144, stack(0x0000000012f70000,0x0000000013070000)]
  0x000000000a9b9000 JavaThread "listenerPool0-thread117" daemon [_thread_blocked, id=9988, stack(0x0000000012e70000,0x0000000012f70000)]
  0x000000000a9b5000 JavaThread "listenerPool0-thread116" daemon [_thread_blocked, id=10364, stack(0x0000000012d70000,0x0000000012e70000)]
  0x000000000a9b1800 JavaThread "listenerPool0-thread115" daemon [_thread_blocked, id=9116, stack(0x0000000012c70000,0x0000000012d70000)]
  0x000000000a9b4800 JavaThread "listenerPool0-thread114" daemon [_thread_blocked, id=3780, stack(0x0000000012b70000,0x0000000012c70000)]
  0x000000000a9b3800 JavaThread "listenerPool0-thread113" daemon [_thread_blocked, id=6980, stack(0x0000000012a70000,0x0000000012b70000)]
  0x000000000a9b2000 JavaThread "listenerPool0-thread112" daemon [_thread_blocked, id=9224, stack(0x0000000012970000,0x0000000012a70000)]
  0x000000000a9b0800 JavaThread "listenerPool0-thread111" daemon [_thread_blocked, id=10700, stack(0x0000000012870000,0x0000000012970000)]
  0x000000000a9b0000 JavaThread "listenerPool0-thread110" daemon [_thread_blocked, id=10848, stack(0x0000000012770000,0x0000000012870000)]
  0x000000000a9b3000 JavaThread "listenerPool0-thread109" daemon [_thread_blocked, id=9636, stack(0x0000000012670000,0x0000000012770000)]
  0x000000000a9ac000 JavaThread "listenerPool0-thread108" daemon [_thread_blocked, id=2084, stack(0x0000000012570000,0x0000000012670000)]
  0x000000000a9af000 JavaThread "listenerPool0-thread107" daemon [_thread_blocked, id=9912, stack(0x0000000012470000,0x0000000012570000)]
  0x000000000a9ae800 JavaThread "listenerPool0-thread106" daemon [_thread_blocked, id=9532, stack(0x0000000012370000,0x0000000012470000)]
  0x000000000a9ad800 JavaThread "listenerPool0-thread105" daemon [_thread_blocked, id=8760, stack(0x0000000012270000,0x0000000012370000)]
  0x000000000a9ad000 JavaThread "listenerPool0-thread104" daemon [_thread_blocked, id=5476, stack(0x0000000012170000,0x0000000012270000)]
  0x000000000ad3a000 JavaThread "listenerPool0-thread103" daemon [_thread_blocked, id=172, stack(0x0000000012070000,0x0000000012170000)]
  0x000000000ad39800 JavaThread "listenerPool0-thread102" daemon [_thread_blocked, id=10344, stack(0x0000000011f70000,0x0000000012070000)]
  0x000000000ad3b800 JavaThread "listenerPool0-thread101" daemon [_thread_blocked, id=11160, stack(0x0000000011e70000,0x0000000011f70000)]
  0x000000000ad38800 JavaThread "listenerPool0-thread100" daemon [_thread_blocked, id=4760, stack(0x0000000011d70000,0x0000000011e70000)]
  0x000000000ad38000 JavaThread "listenerPool0-thread99" daemon [_thread_blocked, id=11128, stack(0x0000000011c70000,0x0000000011d70000)]
  0x000000000ad3b000 JavaThread "listenerPool0-thread98" daemon [_thread_blocked, id=10440, stack(0x0000000011b70000,0x0000000011c70000)]
  0x000000000ad37000 JavaThread "listenerPool0-thread97" daemon [_thread_blocked, id=6020, stack(0x0000000011a70000,0x0000000011b70000)]
  0x000000000ad36800 JavaThread "listenerPool0-thread96" daemon [_thread_blocked, id=1700, stack(0x0000000011970000,0x0000000011a70000)]
  0x000000000ad32800 JavaThread "listenerPool0-thread95" daemon [_thread_blocked, id=8416, stack(0x0000000011870000,0x0000000011970000)]
  0x000000000ad35800 JavaThread "listenerPool0-thread94" daemon [_thread_blocked, id=1396, stack(0x0000000011770000,0x0000000011870000)]
  0x000000000ad31800 JavaThread "listenerPool0-thread93" daemon [_thread_blocked, id=9164, stack(0x0000000011670000,0x0000000011770000)]
  0x000000000ad33800 JavaThread "listenerPool0-thread92" daemon [_thread_blocked, id=2536, stack(0x0000000011570000,0x0000000011670000)]
  0x000000000ad35000 JavaThread "listenerPool0-thread91" daemon [_thread_blocked, id=5024, stack(0x0000000011470000,0x0000000011570000)]
  0x000000000ad34000 JavaThread "listenerPool0-thread90" daemon [_thread_blocked, id=7276, stack(0x0000000011370000,0x0000000011470000)]
  0x000000000ad2e000 JavaThread "listenerPool0-thread89" daemon [_thread_blocked, id=10012, stack(0x0000000011270000,0x0000000011370000)]
  0x000000000ad31000 JavaThread "listenerPool0-thread88" daemon [_thread_blocked, id=8088, stack(0x0000000011170000,0x0000000011270000)]
  0x000000000ad30000 JavaThread "listenerPool0-thread87" daemon [_thread_blocked, id=7668, stack(0x0000000011070000,0x0000000011170000)]
  0x000000000ad2c800 JavaThread "listenerPool0-thread86" daemon [_thread_blocked, id=9112, stack(0x0000000010f70000,0x0000000011070000)]
  0x000000000ad2f800 JavaThread "listenerPool0-thread85" daemon [_thread_blocked, id=9400, stack(0x0000000010e70000,0x0000000010f70000)]
  0x000000000ad2e800 JavaThread "listenerPool0-thread84" daemon [_thread_blocked, id=9944, stack(0x0000000010d70000,0x0000000010e70000)]
  0x000000000ad2d000 JavaThread "listenerPool0-thread83" daemon [_thread_blocked, id=10920, stack(0x0000000010c70000,0x0000000010d70000)]
  0x000000000a74c800 JavaThread "listenerPool0-thread82" daemon [_thread_blocked, id=9200, stack(0x0000000010b70000,0x0000000010c70000)]
  0x000000000a74d800 JavaThread "listenerPool0-thread81" daemon [_thread_blocked, id=6500, stack(0x0000000010a70000,0x0000000010b70000)]
  0x000000000a74a800 JavaThread "listenerPool0-thread80" daemon [_thread_blocked, id=5692, stack(0x0000000010970000,0x0000000010a70000)]
  0x000000000a74b000 JavaThread "listenerPool0-thread79" daemon [_thread_blocked, id=9228, stack(0x0000000010870000,0x0000000010970000)]
  0x000000000a749000 JavaThread "listenerPool0-thread78" daemon [_thread_blocked, id=9996, stack(0x0000000010770000,0x0000000010870000)]
  0x000000000a749800 JavaThread "listenerPool0-thread77" daemon [_thread_blocked, id=10196, stack(0x0000000010670000,0x0000000010770000)]
  0x000000000a74c000 JavaThread "listenerPool0-thread76" daemon [_thread_blocked, id=7732, stack(0x0000000010570000,0x0000000010670000)]
  0x000000000a745000 JavaThread "listenerPool0-thread75" daemon [_thread_blocked, id=10928, stack(0x0000000010470000,0x0000000010570000)]
  0x000000000a748000 JavaThread "listenerPool0-thread74" daemon [_thread_blocked, id=10728, stack(0x0000000010370000,0x0000000010470000)]
  0x000000000a747800 JavaThread "listenerPool0-thread73" daemon [_thread_blocked, id=5456, stack(0x0000000010270000,0x0000000010370000)]
  0x000000000a744800 JavaThread "listenerPool0-thread72" daemon [_thread_blocked, id=9464, stack(0x0000000010170000,0x0000000010270000)]
  0x000000000a746800 JavaThread "listenerPool0-thread71" daemon [_thread_blocked, id=9748, stack(0x0000000010070000,0x0000000010170000)]
  0x000000000a743800 JavaThread "listenerPool0-thread70" daemon [_thread_blocked, id=5448, stack(0x000000000ff70000,0x0000000010070000)]
  0x000000000a746000 JavaThread "listenerPool0-thread69" daemon [_thread_blocked, id=9972, stack(0x000000000fe70000,0x000000000ff70000)]
  0x000000000a740000 JavaThread "listenerPool0-thread68" daemon [_thread_blocked, id=10776, stack(0x000000000fd70000,0x000000000fe70000)]
  0x000000000a743000 JavaThread "listenerPool0-thread67" daemon [_thread_blocked, id=10180, stack(0x000000000fc70000,0x000000000fd70000)]
  0x000000000a742000 JavaThread "listenerPool0-thread66" daemon [_thread_blocked, id=5452, stack(0x000000000fb70000,0x000000000fc70000)]
  0x000000000a741800 JavaThread "listenerPool0-thread65" daemon [_thread_blocked, id=10056, stack(0x000000000fa70000,0x000000000fb70000)]
  0x000000000a73f000 JavaThread "listenerPool0-thread64" daemon [_thread_blocked, id=9564, stack(0x000000000f970000,0x000000000fa70000)]
  0x000000000a73e800 JavaThread "listenerPool0-thread63" daemon [_thread_blocked, id=1552, stack(0x000000000f870000,0x000000000f970000)]
  0x000000000a740800 JavaThread "listenerPool0-thread62" daemon [_thread_blocked, id=9508, stack(0x000000000f770000,0x000000000f870000)]
  0x000000000a887000 JavaThread "listenerPool0-thread61" daemon [_thread_blocked, id=8152, stack(0x000000000f670000,0x000000000f770000)]
  0x000000000a885800 JavaThread "listenerPool0-thread60" daemon [_thread_blocked, id=11124, stack(0x000000000f570000,0x000000000f670000)]
  0x000000000a888800 JavaThread "listenerPool0-thread59" daemon [_thread_blocked, id=7624, stack(0x000000000f470000,0x000000000f570000)]
  0x000000000a887800 JavaThread "listenerPool0-thread58" daemon [_thread_blocked, id=5444, stack(0x000000000f370000,0x000000000f470000)]
  0x000000000a884800 JavaThread "listenerPool0-thread57" daemon [_thread_blocked, id=8748, stack(0x000000000f270000,0x000000000f370000)]
=>0x000000000a886000 JavaThread "listenerPool0-thread56" daemon [_thread_in_native, id=10696, stack(0x000000000f170000,0x000000000f270000)]
  0x000000000a883000 JavaThread "listenerPool0-thread55" daemon [_thread_blocked, id=8820, stack(0x000000000f070000,0x000000000f170000)]
  0x000000000a881800 JavaThread "listenerPool0-thread54" daemon [_thread_blocked, id=9436, stack(0x000000000ef70000,0x000000000f070000)]
  0x000000000a884000 JavaThread "listenerPool0-thread53" daemon [_thread_blocked, id=9280, stack(0x000000000ee70000,0x000000000ef70000)]
  0x000000000a87f800 JavaThread "listenerPool0-thread52" daemon [_thread_blocked, id=6392, stack(0x000000000ed70000,0x000000000ee70000)]
  0x000000000a882800 JavaThread "listenerPool0-thread51" daemon [_thread_blocked, id=10412, stack(0x000000000ec70000,0x000000000ed70000)]
  0x000000000a87e000 JavaThread "listenerPool0-thread50" daemon [_thread_blocked, id=10732, stack(0x000000000eb70000,0x000000000ec70000)]
  0x000000000a881000 JavaThread "listenerPool0-thread49" daemon [_thread_blocked, id=6616, stack(0x000000000ea70000,0x000000000eb70000)]
  0x000000000a87e800 JavaThread "listenerPool0-thread48" daemon [_thread_blocked, id=9184, stack(0x000000000e970000,0x000000000ea70000)]
  0x000000000a880000 JavaThread "listenerPool0-thread47" daemon [_thread_blocked, id=9360, stack(0x000000000e870000,0x000000000e970000)]
  0x000000000a87a000 JavaThread "listenerPool0-thread46" daemon [_thread_blocked, id=4044, stack(0x000000000e770000,0x000000000e870000)]
  0x000000000a87d000 JavaThread "listenerPool0-thread45" daemon [_thread_blocked, id=4792, stack(0x000000000e670000,0x000000000e770000)]
  0x000000000a879000 JavaThread "listenerPool0-thread44" daemon [_thread_blocked, id=4804, stack(0x000000000e570000,0x000000000e670000)]
  0x000000000a87b800 JavaThread "listenerPool0-thread43" daemon [_thread_blocked, id=11072, stack(0x000000000e470000,0x000000000e570000)]
  0x000000000a87c000 JavaThread "listenerPool0-thread42" daemon [_thread_blocked, id=4912, stack(0x000000000e370000,0x000000000e470000)]
  0x000000000a87a800 JavaThread "listenerPool0-thread41" daemon [_thread_blocked, id=10956, stack(0x000000000e270000,0x000000000e370000)]
  0x000000000ad48800 JavaThread "listenerPool0-thread40" daemon [_thread_blocked, id=1412, stack(0x000000000e170000,0x000000000e270000)]
  0x000000000ad4b800 JavaThread "listenerPool0-thread39" daemon [_thread_blocked, id=8244, stack(0x000000000e070000,0x000000000e170000)]
  0x000000000ad4b000 JavaThread "listenerPool0-thread38" daemon [_thread_blocked, id=9344, stack(0x000000000df70000,0x000000000e070000)]
  0x000000000ad4a000 JavaThread "listenerPool0-thread37" daemon [_thread_blocked, id=10132, stack(0x000000000de70000,0x000000000df70000)]
  0x000000000ad49800 JavaThread "Thread-0" [_thread_blocked, id=4500, stack(0x000000000dd70000,0x000000000de70000)]
  0x000000000ad48000 JavaThread "listenerPool0-thread36" daemon [_thread_blocked, id=9072, stack(0x000000000d890000,0x000000000d990000)]
  0x000000000ad44000 JavaThread "listenerPool0-thread35" daemon [_thread_blocked, id=5100, stack(0x000000000d790000,0x000000000d890000)]
  0x000000000ad47000 JavaThread "listenerPool0-thread34" daemon [_thread_blocked, id=3232, stack(0x000000000d690000,0x000000000d790000)]
  0x000000000ad46800 JavaThread "listenerPool0-thread33" daemon [_thread_blocked, id=6360, stack(0x000000000d590000,0x000000000d690000)]
  0x000000000ad42800 JavaThread "listenerPool0-thread32" daemon [_thread_blocked, id=9556, stack(0x000000000d490000,0x000000000d590000)]
  0x000000000ad45800 JavaThread "listenerPool0-thread31" daemon [_thread_blocked, id=8316, stack(0x000000000d390000,0x000000000d490000)]
  0x000000000ad43800 JavaThread "listenerPool0-thread30" daemon [_thread_blocked, id=6760, stack(0x000000000d290000,0x000000000d390000)]
  0x000000000ad42000 JavaThread "listenerPool0-thread29" daemon [_thread_blocked, id=3352, stack(0x000000000d190000,0x000000000d290000)]
  0x000000000ad45000 JavaThread "listenerPool0-thread28" daemon [_thread_blocked, id=7004, stack(0x000000000d090000,0x000000000d190000)]
  0x000000000ad3e000 JavaThread "listenerPool0-thread27" daemon [_thread_blocked, id=8736, stack(0x000000000cf90000,0x000000000d090000)]
  0x000000000ad41000 JavaThread "listenerPool0-thread26" daemon [_thread_blocked, id=11152, stack(0x000000000ce90000,0x000000000cf90000)]
  0x000000000ad3d800 JavaThread "listenerPool0-thread25" daemon [_thread_blocked, id=6872, stack(0x000000000cd90000,0x000000000ce90000)]
  0x000000000ad40800 JavaThread "listenerPool0-thread24" daemon [_thread_blocked, id=6440, stack(0x000000000cc90000,0x000000000cd90000)]
  0x000000000ad3c800 JavaThread "listenerPool0-thread23" daemon [_thread_blocked, id=10832, stack(0x000000000cb90000,0x000000000cc90000)]
  0x000000000ad3f800 JavaThread "listenerPool0-thread22" daemon [_thread_blocked, id=3960, stack(0x000000000ca90000,0x000000000cb90000)]
  0x000000000ad3f000 JavaThread "listenerPool0-thread21" daemon [_thread_blocked, id=10356, stack(0x000000000c990000,0x000000000ca90000)]
  0x000000000acfe000 JavaThread "listenerPool0-thread20" daemon [_thread_blocked, id=9420, stack(0x000000000c890000,0x000000000c990000)]
  0x000000000acfd800 JavaThread "listenerPool0-thread19" daemon [_thread_blocked, id=11092, stack(0x000000000c790000,0x000000000c890000)]
  0x000000000acfc800 JavaThread "listenerPool0-thread18" daemon [_thread_blocked, id=7012, stack(0x000000000c690000,0x000000000c790000)]
  0x000000000acfc000 JavaThread "listenerPool0-thread17" daemon [_thread_blocked, id=10128, stack(0x000000000c590000,0x000000000c690000)]
  0x000000000acff000 JavaThread "listenerPool0-thread16" daemon [_thread_blocked, id=10072, stack(0x000000000c490000,0x000000000c590000)]
  0x000000000acf8000 JavaThread "listenerPool0-thread15" daemon [_thread_blocked, id=8880, stack(0x000000000c390000,0x000000000c490000)]
  0x000000000acf9000 JavaThread "listenerPool0-thread14" daemon [_thread_blocked, id=8992, stack(0x000000000c290000,0x000000000c390000)]
  0x000000000acf9800 JavaThread "listenerPool0-thread13" daemon [_thread_blocked, id=7596, stack(0x000000000c190000,0x000000000c290000)]
  0x000000000acfa800 JavaThread "listenerPool0-thread12" daemon [_thread_blocked, id=10836, stack(0x000000000c090000,0x000000000c190000)]
  0x000000000acfb000 JavaThread "listenerPool0-thread11" daemon [_thread_blocked, id=7212, stack(0x000000000bf90000,0x000000000c090000)]
  0x000000000aeb1000 JavaThread "listenerPool0-thread10" daemon [_thread_blocked, id=9604, stack(0x000000000be90000,0x000000000bf90000)]
  0x000000000a774800 JavaThread "listenerPool0-thread9" daemon [_thread_blocked, id=5272, stack(0x000000000bd90000,0x000000000be90000)]
  0x000000000ac4d800 JavaThread "listenerPool0-thread8" daemon [_thread_blocked, id=4508, stack(0x000000000bc90000,0x000000000bd90000)]
  0x000000000aedd800 JavaThread "listenerPool0-thread7" daemon [_thread_blocked, id=4356, stack(0x000000000bb90000,0x000000000bc90000)]
  0x000000000a9be800 JavaThread "listenerPool0-thread6" daemon [_thread_blocked, id=8320, stack(0x000000000ba90000,0x000000000bb90000)]
  0x000000000a9a3000 JavaThread "listenerPool0-thread5" daemon [_thread_blocked, id=8520, stack(0x000000000b990000,0x000000000ba90000)]
  0x000000000a97e000 JavaThread "listenerPool0-thread4" daemon [_thread_blocked, id=7864, stack(0x000000000b890000,0x000000000b990000)]
  0x000000000a878800 JavaThread "listenerPool0-thread3" daemon [_thread_blocked, id=8304, stack(0x000000000b790000,0x000000000b890000)]
  0x000000000a61b800 JavaThread "listenerPool0-thread2" daemon [_thread_blocked, id=6640, stack(0x000000000b690000,0x000000000b790000)]
  0x000000000ae82800 JavaThread "listenerPool0-thread1" daemon [_thread_blocked, id=10840, stack(0x000000000b590000,0x000000000b690000)]
  0x000000000a61a800 JavaThread "Monitor Ctrl-Break" daemon [_thread_in_native, id=8008, stack(0x000000000a9c0000,0x000000000aac0000)]
  0x0000000009250000 JavaThread "Service Thread" daemon [_thread_blocked, id=7200, stack(0x000000000a3c0000,0x000000000a4c0000)]
  0x000000000924b800 JavaThread "C2 CompilerThread1" daemon [_thread_blocked, id=10888, stack(0x000000000a2c0000,0x000000000a3c0000)]
  0x000000000923f800 JavaThread "C2 CompilerThread0" daemon [_thread_blocked, id=8284, stack(0x000000000a1c0000,0x000000000a2c0000)]
  0x000000000923d800 JavaThread "Attach Listener" daemon [_thread_blocked, id=3724, stack(0x000000000a0c0000,0x000000000a1c0000)]
  0x000000000923c000 JavaThread "Signal Dispatcher" daemon [_thread_blocked, id=6656, stack(0x0000000009fc0000,0x000000000a0c0000)]
  0x000000000920a000 JavaThread "Finalizer" daemon [_thread_blocked, id=8048, stack(0x0000000009ec0000,0x0000000009fc0000)]
  0x00000000091ff000 JavaThread "Reference Handler" daemon [_thread_blocked, id=10148, stack(0x0000000009dc0000,0x0000000009ec0000)]
  0x000000000232e000 JavaThread "main" [_thread_in_native, id=7340, stack(0x0000000002180000,0x0000000002280000)]

Other Threads:
  0x00000000091fc800 VMThread [stack: 0x0000000009cc0000,0x0000000009dc0000] [id=7500]
  0x000000000925b000 WatcherThread [stack: 0x000000000a4c0000,0x000000000a5c0000] [id=1456]

VM state:not at safepoint (normal execution)

VM Mutex/Monitor currently owned by a thread: None

Heap
 PSYoungGen      total 28672K, used 26158K [0x00000000e0800000, 0x00000000e2780000, 0x0000000100000000)
  eden space 25088K, 89% used [0x00000000e0800000,0x00000000e1e0c5a0,0x00000000e2080000)
  from space 3584K, 99% used [0x00000000e2080000,0x00000000e23ff3c0,0x00000000e2400000)
  to   space 3584K, 0% used [0x00000000e2400000,0x00000000e2400000,0x00000000e2780000)
 ParOldGen       total 64512K, used 306K [0x00000000a1800000, 0x00000000a5700000, 0x00000000e0800000)
  object space 64512K, 0% used [0x00000000a1800000,0x00000000a184caa0,0x00000000a5700000)
 PSPermGen       total 21504K, used 8906K [0x000000009c600000, 0x000000009db00000, 0x00000000a1800000)
  object space 21504K, 41% used [0x000000009c600000,0x000000009ceb2bb8,0x000000009db00000)

Card table byte_map: [0x00000000054f0000,0x0000000005810000] byte_map_base: 0x000000000500d000

Polling page: 0x00000000020a0000

Code Cache  [0x0000000002430000, 0x00000000026a0000, 0x0000000005430000)
 total_blobs=335 nmethods=65 adapters=224 free_code_cache=48538Kb largest_free_block=49684224

Compilation events (10 events):
Event: 3.755 Thread 0x000000000923f800   60             sun.security.provider.SHA::implCompress (491 bytes)
Event: 3.776 Thread 0x000000000923f800 nmethod 60 0x00000000024ba010 code [0x00000000024ba160, 0x00000000024baaa8]
Event: 3.788 Thread 0x000000000924b800   61             java.lang.String::<init> (67 bytes)
Event: 3.792 Thread 0x000000000924b800 nmethod 61 0x00000000024c4010 code [0x00000000024c4160, 0x00000000024c43b8]
Event: 17.502 Thread 0x000000000923f800   62 %           sun.nio.cs.UTF_8$Decoder::decodeArrayLoop @ 73 (543 bytes)
Event: 17.520 Thread 0x000000000923f800 nmethod 62% 0x00000000024c4550 code [0x00000000024c4780, 0x00000000024c5318]
Event: 17.706 Thread 0x000000000924b800   63             sun.nio.cs.UTF_8$Decoder::decodeArrayLoop (543 bytes)
Event: 17.723 Thread 0x000000000924b800 nmethod 63 0x00000000024cc750 code [0x00000000024cc980, 0x00000000024cd4b8]
Event: 29.487 Thread 0x000000000923f800   65             java.util.HashMap::indexFor (6 bytes)
Event: 29.487 Thread 0x000000000923f800 nmethod 65 0x00000000024afc50 code [0x00000000024afd80, 0x00000000024afdb8]

GC Heap History (2 events):
Event: 3.616 GC heap before
{Heap before GC invocations=1 (full 0):
 PSYoungGen      total 28672K, used 25088K [0x00000000e0800000, 0x00000000e2780000, 0x0000000100000000)
  eden space 25088K, 100% used [0x00000000e0800000,0x00000000e2080000,0x00000000e2080000)
  from space 3584K, 0% used [0x00000000e2400000,0x00000000e2400000,0x00000000e2780000)
  to   space 3584K, 0% used [0x00000000e2080000,0x00000000e2080000,0x00000000e2400000)
 ParOldGen       total 64512K, used 0K [0x00000000a1800000, 0x00000000a5700000, 0x00000000e0800000)
  object space 64512K, 0% used [0x00000000a1800000,0x00000000a1800000,0x00000000a5700000)
 PSPermGen       total 21504K, used 8477K [0x000000009c600000, 0x000000009db00000, 0x00000000a1800000)
  object space 21504K, 39% used [0x000000009c600000,0x000000009ce47700,0x000000009db00000)
Event: 3.639 GC heap after
Heap after GC invocations=1 (full 0):
 PSYoungGen      total 28672K, used 3580K [0x00000000e0800000, 0x00000000e2780000, 0x0000000100000000)
  eden space 25088K, 0% used [0x00000000e0800000,0x00000000e0800000,0x00000000e2080000)
  from space 3584K, 99% used [0x00000000e2080000,0x00000000e23ff3c0,0x00000000e2400000)
  to   space 3584K, 0% used [0x00000000e2400000,0x00000000e2400000,0x00000000e2780000)
 ParOldGen       total 64512K, used 306K [0x00000000a1800000, 0x00000000a5700000, 0x00000000e0800000)
  object space 64512K, 0% used [0x00000000a1800000,0x00000000a184caa0,0x00000000a5700000)
 PSPermGen       total 21504K, used 8477K [0x000000009c600000, 0x000000009db00000, 0x00000000a1800000)
  object space 21504K, 39% used [0x000000009c600000,0x000000009ce47700,0x000000009db00000)
}

Deoptimization events (6 events):
Event: 1.685 Thread 0x000000000232e000 Uncommon trap: reason=unreached action=reinterpret pc=0x00000000024ab878 method=sun.misc.URLClassPath$JarLoader.ensureOpen()V @ 4
Event: 1.715 Thread 0x000000000232e000 Uncommon trap: reason=class_check action=maybe_recompile pc=0x0000000002492dc0 method=java.util.Properties$LineReader.readLine()I @ 62
Event: 1.716 Thread 0x000000000232e000 Uncommon trap: reason=class_check action=maybe_recompile pc=0x0000000002492dc0 method=java.util.Properties$LineReader.readLine()I @ 62
Event: 1.877 Thread 0x000000000232e000 Uncommon trap: reason=unloaded action=reinterpret pc=0x00000000024b9c64 method=org.sqlite.SQLiteJDBCLoader.md5sum(Ljava/io/InputStream;)Ljava/lang/String; @ 35
Event: 1.885 Thread 0x000000000232e000 Uncommon trap: reason=unreached action=reinterpret pc=0x00000000024a7ff0 method=sun.security.provider.DigestBase.engineUpdate(B)V @ 4
Event: 3.541 Thread 0x000000000232e000 Uncommon trap: reason=unloaded action=reinterpret pc=0x00000000024a17ac method=java.util.ArrayList.rangeCheck(I)V @ 8

Internal exceptions (10 events):
Event: 29.348 Thread 0x000000000232e000 Threw 0x00000000e14e7eb0 at C:\re\jdk7u51\527\hotspot\src\share\vm\prims\jvm.cpp:1244
Event: 29.349 Thread 0x000000000232e000 Threw 0x00000000e14ed170 at C:\re\jdk7u51\527\hotspot\src\share\vm\prims\jvm.cpp:1244
Event: 29.349 Thread 0x000000000232e000 Threw 0x00000000e14f2d50 at C:\re\jdk7u51\527\hotspot\src\share\vm\prims\jvm.cpp:1244
Event: 29.350 Thread 0x000000000232e000 Threw 0x00000000e14f82d0 at C:\re\jdk7u51\527\hotspot\src\share\vm\prims\jvm.cpp:1244
Event: 29.351 Thread 0x000000000232e000 Threw 0x00000000e14fd660 at C:\re\jdk7u51\527\hotspot\src\share\vm\prims\jvm.cpp:1244
Event: 29.355 Thread 0x000000000232e000 Threw 0x00000000e1502c20 at C:\re\jdk7u51\527\hotspot\src\share\vm\prims\jvm.cpp:1244
Event: 29.356 Thread 0x000000000232e000 Threw 0x00000000e1508390 at C:\re\jdk7u51\527\hotspot\src\share\vm\prims\jvm.cpp:1244
Event: 29.357 Thread 0x000000000232e000 Threw 0x00000000e150cf08 at C:\re\jdk7u51\527\hotspot\src\share\vm\prims\jvm.cpp:1244
Event: 29.357 Thread 0x000000000232e000 Threw 0x00000000e1511a80 at C:\re\jdk7u51\527\hotspot\src\share\vm\prims\jvm.cpp:1244
Event: 29.358 Thread 0x000000000232e000 Threw 0x00000000e15166b8 at C:\re\jdk7u51\527\hotspot\src\share\vm\prims\jvm.cpp:1244

Events (10 events):
Event: 29.421 loading class 0x0000000002398a90
Event: 29.422 loading class 0x0000000002398a90 done
Event: 29.520 Executing VM operation: RevokeBias
Event: 29.520 Executing VM operation: RevokeBias done
Event: 29.528 Executing VM operation: RevokeBias
Event: 29.528 Executing VM operation: RevokeBias done
Event: 29.699 Executing VM operation: RevokeBias
Event: 29.699 Executing VM operation: RevokeBias done
Event: 30.550 Executing VM operation: RevokeBias
Event: 30.550 Executing VM operation: RevokeBias done


Dynamic libraries:
0x00007ff7ff740000 - 0x00007ff7ff773000 	C:\Program Files\Java\jdk1.7.0_51\bin\java.exe
0x00007ffa39b10000 - 0x00007ffa39cba000 	C:\WINDOWS\SYSTEM32\ntdll.dll
0x00007ffa392d0000 - 0x00007ffa3940a000 	C:\WINDOWS\system32\KERNEL32.DLL
0x00007ffa37180000 - 0x00007ffa3728f000 	C:\WINDOWS\system32\KERNELBASE.dll
0x00007ffa35ab0000 - 0x00007ffa35b38000 	C:\WINDOWS\system32\apphelp.dll
0x00007ffa23830000 - 0x00007ffa2387f000 	C:\WINDOWS\AppPatch\AppPatch64\AcGenral.DLL
0x00007ffa39800000 - 0x00007ffa398a7000 	C:\WINDOWS\system32\msvcrt.dll
0x00007ffa36d30000 - 0x00007ffa36d5b000 	C:\WINDOWS\SYSTEM32\SspiCli.dll
0x00007ffa39410000 - 0x00007ffa39461000 	C:\WINDOWS\system32\SHLWAPI.dll
0x00007ffa39150000 - 0x00007ffa392c1000 	C:\WINDOWS\system32\USER32.dll
0x00007ffa38ec0000 - 0x00007ffa39038000 	C:\WINDOWS\system32\ole32.dll
0x00007ffa37670000 - 0x00007ffa38a90000 	C:\WINDOWS\system32\SHELL32.dll
0x00007ffa36510000 - 0x00007ffa3652e000 	C:\WINDOWS\SYSTEM32\USERENV.dll
0x00007ffa390a0000 - 0x00007ffa39145000 	C:\WINDOWS\system32\ADVAPI32.dll
0x00007ffa30fa0000 - 0x00007ffa30fbb000 	C:\WINDOWS\SYSTEM32\MPR.dll
0x00007ffa37530000 - 0x00007ffa37666000 	C:\WINDOWS\system32\RPCRT4.dll
0x00007ffa38cd0000 - 0x00007ffa38d27000 	C:\WINDOWS\SYSTEM32\sechost.dll
0x00007ffa38a90000 - 0x00007ffa38c66000 	C:\WINDOWS\SYSTEM32\combase.dll
0x00007ffa396b0000 - 0x00007ffa397f4000 	C:\WINDOWS\system32\GDI32.dll
0x00007ffa36e80000 - 0x00007ffa36e94000 	C:\WINDOWS\SYSTEM32\profapi.dll
0x00007ffa35780000 - 0x00007ffa3581f000 	C:\WINDOWS\SYSTEM32\SHCORE.dll
0x00007ffa39490000 - 0x00007ffa394c4000 	C:\WINDOWS\system32\IMM32.DLL
0x00007ffa373f0000 - 0x00007ffa37529000 	C:\WINDOWS\system32\MSCTF.dll
0x00007ffa350b0000 - 0x00007ffa3530a000 	C:\WINDOWS\WinSxS\amd64_microsoft.windows.common-controls_6595b64144ccf1df_6.0.9600.17031_none_6242a4b3ecbb55a1\COMCTL32.dll
0x000000005ebf0000 - 0x000000005ecc2000 	C:\Program Files\Java\jdk1.7.0_51\jre\bin\msvcr100.dll
0x000000005e420000 - 0x000000005ebe9000 	C:\Program Files\Java\jdk1.7.0_51\jre\bin\server\jvm.dll
0x00007ffa32900000 - 0x00007ffa32909000 	C:\WINDOWS\SYSTEM32\WSOCK32.dll
0x00007ffa2fd70000 - 0x00007ffa2fd8f000 	C:\WINDOWS\SYSTEM32\WINMM.dll
0x00007ffa38eb0000 - 0x00007ffa38eb7000 	C:\WINDOWS\system32\PSAPI.DLL
0x00007ffa39040000 - 0x00007ffa39098000 	C:\WINDOWS\system32\WS2_32.dll
0x00007ffa2fd20000 - 0x00007ffa2fd4a000 	C:\WINDOWS\SYSTEM32\WINMMBASE.dll
0x00007ffa38d40000 - 0x00007ffa38d49000 	C:\WINDOWS\system32\NSI.dll
0x00007ffa37340000 - 0x00007ffa3738a000 	C:\WINDOWS\SYSTEM32\cfgmgr32.dll
0x00007ffa35d00000 - 0x00007ffa35d26000 	C:\WINDOWS\SYSTEM32\DEVOBJ.dll
0x000000005e410000 - 0x000000005e41f000 	C:\Program Files\Java\jdk1.7.0_51\jre\bin\verify.dll
0x000000005e3e0000 - 0x000000005e408000 	C:\Program Files\Java\jdk1.7.0_51\jre\bin\java.dll
0x000000005e3c0000 - 0x000000005e3d5000 	C:\Program Files\Java\jdk1.7.0_51\jre\bin\zip.dll
0x00007ffa2cf20000 - 0x00007ffa2cf30000 	C:\Program Files (x86)\JetBrains\IntelliJ IDEA Community Edition 13.0.2\bin\breakgen64.dll
0x000000005e3a0000 - 0x000000005e3b9000 	C:\Program Files\Java\jdk1.7.0_51\jre\bin\net.dll
0x00007ffa367b0000 - 0x00007ffa36808000 	C:\WINDOWS\system32\mswsock.dll
0x000000005e380000 - 0x000000005e391000 	C:\Program Files\Java\jdk1.7.0_51\jre\bin\nio.dll
0x00007ffa365c0000 - 0x00007ffa36663000 	C:\WINDOWS\SYSTEM32\DNSAPI.dll
0x00000000609f0000 - 0x0000000060a25000 	C:\Program Files\Bonjour\mdnsNSP.dll
0x00007ffa32570000 - 0x00007ffa32599000 	C:\WINDOWS\SYSTEM32\Iphlpapi.DLL
0x00007ffa322a0000 - 0x00007ffa322aa000 	C:\WINDOWS\SYSTEM32\WINNSI.DLL
0x00007ffa2ede0000 - 0x00007ffa2ede9000 	C:\Windows\System32\rasadhlp.dll
0x00007ffa31ac0000 - 0x00007ffa31b28000 	C:\WINDOWS\System32\fwpuclnt.dll
0x0000000069340000 - 0x00000000693c5000 	C:\Users\Matthew\AppData\Local\Temp\sqlite-3.7.2-sqlitejdbc.dll
0x00007ffa36810000 - 0x00007ffa3682e000 	C:\WINDOWS\SYSTEM32\CRYPTSP.dll
0x00007ffa36400000 - 0x00007ffa36435000 	C:\WINDOWS\system32\rsaenh.dll
0x00007ffa36a40000 - 0x00007ffa36a66000 	C:\WINDOWS\SYSTEM32\bcrypt.dll
0x00007ffa36d60000 - 0x00007ffa36dc0000 	C:\WINDOWS\system32\bcryptprimitives.dll
0x00007ffa36dc0000 - 0x00007ffa36dca000 	C:\WINDOWS\SYSTEM32\CRYPTBASE.dll
0x00007ffa2d370000 - 0x00007ffa2d384000 	C:\WINDOWS\system32\napinsp.dll
0x00007ffa2d390000 - 0x00007ffa2d3a9000 	C:\WINDOWS\system32\pnrpnsp.dll
0x00007ffa32db0000 - 0x00007ffa32dc9000 	C:\WINDOWS\system32\NLAapi.dll
0x00007ffa2d5c0000 - 0x00007ffa2d5cc000 	C:\WINDOWS\System32\winrnr.dll
0x00007ffa2d3b0000 - 0x00007ffa2d3c3000 	C:\WINDOWS\system32\wshbth.dll
0x00007ffa2ab30000 - 0x00007ffa2acb8000 	C:\WINDOWS\SYSTEM32\dbghelp.dll

VM Arguments:
jvm_args: -Didea.launcher.port=7535 -Didea.launcher.bin.path=C:\Program Files (x86)\JetBrains\IntelliJ IDEA Community Edition 13.0.2\bin -Dfile.encoding=UTF-8 
java_command: com.intellij.rt.execution.application.AppMain mattmc.mankini.MankiniBot
Launcher Type: SUN_STANDARD

Environment Variables:
JAVA_HOME=C:\Program Files\Java\jdk1.7.0_51
PATH=C:\Program Files (x86)\AMD APP\bin\x86_64;C:\Program Files (x86)\AMD APP\bin\x86;C:\WINDOWS\system32;C:\WINDOWS;C:\WINDOWS\System32\Wbem;C:\WINDOWS\System32\WindowsPowerShell\v1.0\;C:\Program Files (x86)\ATI Technologies\ATI.ACE\Core-Static;C:\Program Files\apache-maven-3.1.1\bin;C:\Program Files (x86)\Git\cmd;C:\Program Files (x86)\scala\bin;C:\Program Files\adb\;C:\Program Files (x86)\Windows Live\Shared;C:\Program Files\Perl\bin\
USERNAME=Matthew
OS=Windows_NT
PROCESSOR_IDENTIFIER=Intel64 Family 6 Model 23 Stepping 6, GenuineIntel



---------------  S Y S T E M  ---------------

OS: Windows 8 , 64 bit Build 9200 

CPU:total 2 (2 cores per cpu, 1 threads per core) family 6 model 23 stepping 6, cmov, cx8, fxsr, mmx, sse, sse2, sse3, ssse3, sse4.1, tsc

Memory: 4k page, physical 6184968k(1693156k free), swap 16405400k(5276164k free)

vm_info: Java HotSpot(TM) 64-Bit Server VM (24.51-b03) for windows-amd64 JRE (1.7.0_51-b13), built on Dec 18 2013 18:40:56 by "java_re" with unknown MS VC++:1600

time: Sat Jul 12 15:01:30 2014
elapsed time: 30 seconds

